[2019-12-12T18:32:42.404] [INFO] response - { method: 'POST',
  url: '/api/users/postlogin',
  body: { user_id: '1001', password: '123456' },
  costTime: 254,
  response: { status: 200,
     message: 'OK',
     header: 
      { vary: 'Origin',
        'access-control-allow-origin': 'http://localhost:8080',
        'access-control-allow-credentials': 'true',
        'access-control-expose-headers': 'WWW-Authenticate,Server-Authorization',
        'content-type': 'application/json; charset=utf-8' },
     body: { code: 1, data: [Object] } } }
[2019-12-12T18:37:43.412] [INFO] response - { method: 'GET',
  url: '/api/users/userInfo',
  body: {},
  costTime: 4,
  response: { status: 401,
     message: 'Unauthorized',
     header: 
      { vary: 'Origin',
        'access-control-allow-origin': 'http://localhost:8080',
        'access-control-allow-credentials': 'true',
        'access-control-expose-headers': 'WWW-Authenticate,Server-Authorization',
        'content-type': 'text/plain; charset=utf-8',
        'content-length': '12' },
     body: 'Unauthorized' } }
[2019-12-12T18:37:59.619] [INFO] response - { method: 'GET',
  url: '/api/users/userinfo',
  body: {},
  costTime: 0,
  response: { status: 401,
     message: 'Unauthorized',
     header: 
      { vary: 'Origin',
        'access-control-allow-origin': 'http://localhost:8080',
        'access-control-allow-credentials': 'true',
        'access-control-expose-headers': 'WWW-Authenticate,Server-Authorization',
        'content-type': 'text/plain; charset=utf-8',
        'content-length': '12' },
     body: 'Unauthorized' } }
[2019-12-12T18:38:02.185] [INFO] response - { method: 'GET',
  url: '/api/users/userinfo',
  body: {},
  costTime: 1,
  response: { status: 401,
     message: 'Unauthorized',
     header: 
      { vary: 'Origin',
        'access-control-allow-origin': 'http://localhost:8080',
        'access-control-allow-credentials': 'true',
        'access-control-expose-headers': 'WWW-Authenticate,Server-Authorization',
        'content-type': 'text/plain; charset=utf-8',
        'content-length': '12' },
     body: 'Unauthorized' } }
[2019-12-12T18:38:06.778] [INFO] response - { method: 'GET',
  url: '/api/users/userinfo',
  body: {},
  costTime: 1,
  response: { status: 401,
     message: 'Unauthorized',
     header: 
      { vary: 'Origin',
        'access-control-allow-origin': 'http://localhost:8080',
        'access-control-allow-credentials': 'true',
        'access-control-expose-headers': 'WWW-Authenticate,Server-Authorization',
        'content-type': 'text/plain; charset=utf-8',
        'content-length': '12' },
     body: 'Unauthorized' } }
[2019-12-12T18:38:07.781] [INFO] response - { method: 'GET',
  url: '/api/users/userinfo',
  body: {},
  costTime: 1,
  response: { status: 401,
     message: 'Unauthorized',
     header: 
      { vary: 'Origin',
        'access-control-allow-origin': 'http://localhost:8080',
        'access-control-allow-credentials': 'true',
        'access-control-expose-headers': 'WWW-Authenticate,Server-Authorization',
        'content-type': 'text/plain; charset=utf-8',
        'content-length': '12' },
     body: 'Unauthorized' } }
[2019-12-12T18:38:08.431] [INFO] response - { method: 'GET',
  url: '/api/users/userinfo',
  body: {},
  costTime: 0,
  response: { status: 401,
     message: 'Unauthorized',
     header: 
      { vary: 'Origin',
        'access-control-allow-origin': 'http://localhost:8080',
        'access-control-allow-credentials': 'true',
        'access-control-expose-headers': 'WWW-Authenticate,Server-Authorization',
        'content-type': 'text/plain; charset=utf-8',
        'content-length': '12' },
     body: 'Unauthorized' } }
[2019-12-12T18:38:09.027] [INFO] response - { method: 'GET',
  url: '/api/users/userinfo',
  body: {},
  costTime: 1,
  response: { status: 401,
     message: 'Unauthorized',
     header: 
      { vary: 'Origin',
        'access-control-allow-origin': 'http://localhost:8080',
        'access-control-allow-credentials': 'true',
        'access-control-expose-headers': 'WWW-Authenticate,Server-Authorization',
        'content-type': 'text/plain; charset=utf-8',
        'content-length': '12' },
     body: 'Unauthorized' } }
[2019-12-12T18:38:09.616] [INFO] response - { method: 'GET',
  url: '/api/users/userinfo',
  body: {},
  costTime: 1,
  response: { status: 401,
     message: 'Unauthorized',
     header: 
      { vary: 'Origin',
        'access-control-allow-origin': 'http://localhost:8080',
        'access-control-allow-credentials': 'true',
        'access-control-expose-headers': 'WWW-Authenticate,Server-Authorization',
        'content-type': 'text/plain; charset=utf-8',
        'content-length': '12' },
     body: 'Unauthorized' } }
[2019-12-12T18:42:43.390] [INFO] response - { method: 'GET',
  url: '/api/users/userInfo',
  body: {},
  costTime: 1,
  response: { status: 401,
     message: 'Unauthorized',
     header: 
      { vary: 'Origin',
        'access-control-allow-origin': 'http://localhost:8080',
        'access-control-allow-credentials': 'true',
        'access-control-expose-headers': 'WWW-Authenticate,Server-Authorization',
        'content-type': 'text/plain; charset=utf-8',
        'content-length': '12' },
     body: 'Unauthorized' } }
[2019-12-12T18:47:34.301] [INFO] response - { method: 'POST',
  url: '/api/users/postlogin',
  body: { user_id: '1001', password: '123456' },
  costTime: 270,
  response: { status: 200,
     message: 'OK',
     header: 
      { vary: 'Origin',
        'access-control-allow-origin': 'http://localhost:8080',
        'access-control-allow-credentials': 'true',
        'access-control-expose-headers': 'WWW-Authenticate,Server-Authorization',
        'content-type': 'application/json; charset=utf-8' },
     body: { code: 1, data: [Object] } } }
[2019-12-12T18:50:15.036] [INFO] response - { method: 'POST',
  url: '/api/users/postlogin',
  body: { user_id: '1001', password: '123456' },
  costTime: 289,
  response: { status: 200,
     message: 'OK',
     header: 
      { vary: 'Origin',
        'access-control-allow-origin': 'http://localhost:8080',
        'access-control-allow-credentials': 'true',
        'access-control-expose-headers': 'WWW-Authenticate,Server-Authorization',
        'content-type': 'application/json; charset=utf-8' },
     body: { code: 1, data: [Object] } } }
[2019-12-12T19:00:00.933] [INFO] response - { method: 'POST',
  url: '/api/users/postlogin',
  body: { user_id: '1001', password: '123456' },
  costTime: 9,
  response: { status: 200,
     message: 'OK',
     header: 
      { vary: 'Origin',
        'access-control-allow-origin': 'http://localhost:8080',
        'access-control-allow-credentials': 'true',
        'access-control-expose-headers': 'WWW-Authenticate,Server-Authorization',
        'content-type': 'application/json; charset=utf-8' },
     body: { code: 1, data: [Object] } } }
[2019-12-12T19:01:23.332] [INFO] response - { method: 'POST',
  url: '/api/users/postlogin',
  body: { user_id: '1001', password: '123456' },
  costTime: 171,
  response: { status: 200,
     message: 'OK',
     header: 
      { vary: 'Origin',
        'access-control-allow-origin': 'http://localhost:8080',
        'access-control-allow-credentials': 'true',
        'access-control-expose-headers': 'WWW-Authenticate,Server-Authorization',
        'content-type': 'application/json; charset=utf-8' },
     body: { code: 1, data: [Object] } } }
[2019-12-12T19:09:00.293] [INFO] response - { method: 'POST',
  url: '/api/users/postlogin',
  body: { user_id: '1001', password: '123456' },
  costTime: 443,
  response: { status: 200,
     message: 'OK',
     header: 
      { vary: 'Origin',
        'access-control-allow-origin': 'http://localhost:8080',
        'access-control-allow-credentials': 'true',
        'access-control-expose-headers': 'WWW-Authenticate,Server-Authorization',
        'content-type': 'application/json; charset=utf-8' },
     body: { code: 1, data: [Object] } } }
[2019-12-12T19:13:24.536] [INFO] response - { method: 'GET',
  url: '/api/users/userinfo',
  body: {},
  costTime: 62,
  response: { status: 200,
     message: 'OK',
     header: 
      { vary: 'Origin',
        'access-control-allow-origin': 'http://localhost:8080',
        'access-control-allow-credentials': 'true',
        'access-control-expose-headers': 'WWW-Authenticate,Server-Authorization',
        'content-type': 'application/json; charset=utf-8' },
     body: { data: [Object] } } }
[2019-12-12T19:39:30.608] [INFO] response - { method: 'GET',
  url: '/api/users/userinfo',
  body: {},
  costTime: 539,
  response: { status: 200,
     message: 'OK',
     header: 
      { vary: 'Origin',
        'access-control-allow-origin': 'http://localhost:8080',
        'access-control-allow-credentials': 'true',
        'access-control-expose-headers': 'WWW-Authenticate,Server-Authorization',
        'content-type': 'application/json; charset=utf-8' },
     body: { data: [Object] } } }
[2019-12-12T19:39:51.518] [INFO] response - { method: 'GET',
  url: '/api/users/userinfo',
  body: {},
  costTime: 362,
  response: { status: 200,
     message: 'OK',
     header: 
      { vary: 'Origin',
        'access-control-allow-origin': 'http://localhost:8080',
        'access-control-allow-credentials': 'true',
        'access-control-expose-headers': 'WWW-Authenticate,Server-Authorization',
        'content-type': 'application/json; charset=utf-8' },
     body: { data: [Object] } } }
[2019-12-12T19:39:57.877] [INFO] response - { method: 'GET',
  url: '/api/users/userinfo',
  body: {},
  costTime: 899,
  response: { status: 200,
     message: 'OK',
     header: 
      { vary: 'Origin',
        'access-control-allow-origin': 'http://localhost:8080',
        'access-control-allow-credentials': 'true',
        'access-control-expose-headers': 'WWW-Authenticate,Server-Authorization',
        'content-type': 'application/json; charset=utf-8' },
     body: { data: [Object] } } }
[2019-12-12T19:39:59.511] [INFO] response - { method: 'GET',
  url: '/api/users/userinfo',
  body: {},
  costTime: 504,
  response: { status: 200,
     message: 'OK',
     header: 
      { vary: 'Origin',
        'access-control-allow-origin': 'http://localhost:8080',
        'access-control-allow-credentials': 'true',
        'access-control-expose-headers': 'WWW-Authenticate,Server-Authorization',
        'content-type': 'application/json; charset=utf-8' },
     body: { data: [Object] } } }
[2019-12-12T19:40:14.763] [INFO] response - { method: 'GET',
  url: '/api/users/userinfo',
  body: {},
  costTime: 2581,
  response: { status: 200,
     message: 'OK',
     header: 
      { vary: 'Origin',
        'access-control-allow-origin': 'http://localhost:8080',
        'access-control-allow-credentials': 'true',
        'access-control-expose-headers': 'WWW-Authenticate,Server-Authorization',
        'content-type': 'application/json; charset=utf-8' },
     body: { data: [Object] } } }
[2019-12-12T19:40:31.920] [INFO] response - { method: 'GET',
  url: '/api/users/userinfo',
  body: {},
  costTime: 560,
  response: { status: 200,
     message: 'OK',
     header: 
      { vary: 'Origin',
        'access-control-allow-origin': 'http://localhost:8080',
        'access-control-allow-credentials': 'true',
        'access-control-expose-headers': 'WWW-Authenticate,Server-Authorization',
        'content-type': 'application/json; charset=utf-8' },
     body: { data: [Object] } } }
[2019-12-12T19:40:35.606] [INFO] response - { method: 'GET',
  url: '/api/users/userinfo',
  body: {},
  costTime: 252,
  response: { status: 200,
     message: 'OK',
     header: 
      { vary: 'Origin',
        'access-control-allow-origin': 'http://localhost:8080',
        'access-control-allow-credentials': 'true',
        'access-control-expose-headers': 'WWW-Authenticate,Server-Authorization',
        'content-type': 'application/json; charset=utf-8' },
     body: { data: [Object] } } }
[2019-12-12T19:40:39.062] [INFO] response - { method: 'GET',
  url: '/api/users/userinfo',
  body: {},
  costTime: 213,
  response: { status: 200,
     message: 'OK',
     header: 
      { vary: 'Origin',
        'access-control-allow-origin': 'http://localhost:8080',
        'access-control-allow-credentials': 'true',
        'access-control-expose-headers': 'WWW-Authenticate,Server-Authorization',
        'content-type': 'application/json; charset=utf-8' },
     body: { data: [Object] } } }
[2019-12-12T19:40:39.974] [INFO] response - { method: 'GET',
  url: '/api/users/userinfo',
  body: {},
  costTime: 167,
  response: { status: 200,
     message: 'OK',
     header: 
      { vary: 'Origin',
        'access-control-allow-origin': 'http://localhost:8080',
        'access-control-allow-credentials': 'true',
        'access-control-expose-headers': 'WWW-Authenticate,Server-Authorization',
        'content-type': 'application/json; charset=utf-8' },
     body: { data: [Object] } } }
[2019-12-12T19:41:29.565] [INFO] response - { method: 'GET',
  url: '/api/users/userinfo',
  body: {},
  costTime: 614,
  response: { status: 200,
     message: 'OK',
     header: 
      { vary: 'Origin',
        'access-control-allow-origin': 'http://localhost:8080',
        'access-control-allow-credentials': 'true',
        'access-control-expose-headers': 'WWW-Authenticate,Server-Authorization',
        'content-type': 'application/json; charset=utf-8' },
     body: { data: [Object] } } }
[2019-12-12T19:41:33.134] [INFO] response - { method: 'GET',
  url: '/api/users/userinfo',
  body: {},
  costTime: 1028,
  response: { status: 200,
     message: 'OK',
     header: 
      { vary: 'Origin',
        'access-control-allow-origin': 'http://localhost:8080',
        'access-control-allow-credentials': 'true',
        'access-control-expose-headers': 'WWW-Authenticate,Server-Authorization',
        'content-type': 'application/json; charset=utf-8' },
     body: { data: [Object] } } }
[2019-12-12T19:41:34.897] [INFO] response - { method: 'GET',
  url: '/api/users/userinfo',
  body: {},
  costTime: 191,
  response: { status: 200,
     message: 'OK',
     header: 
      { vary: 'Origin',
        'access-control-allow-origin': 'http://localhost:8080',
        'access-control-allow-credentials': 'true',
        'access-control-expose-headers': 'WWW-Authenticate,Server-Authorization',
        'content-type': 'application/json; charset=utf-8' },
     body: { data: [Object] } } }
[2019-12-12T19:41:37.134] [INFO] response - { method: 'GET',
  url: '/api/users/userinfo',
  body: {},
  costTime: 498,
  response: { status: 200,
     message: 'OK',
     header: 
      { vary: 'Origin',
        'access-control-allow-origin': 'http://localhost:8080',
        'access-control-allow-credentials': 'true',
        'access-control-expose-headers': 'WWW-Authenticate,Server-Authorization',
        'content-type': 'application/json; charset=utf-8' },
     body: { data: [Object] } } }
[2019-12-12T19:41:38.299] [INFO] response - { method: 'GET',
  url: '/api/users/userinfo',
  body: {},
  costTime: 444,
  response: { status: 200,
     message: 'OK',
     header: 
      { vary: 'Origin',
        'access-control-allow-origin': 'http://localhost:8080',
        'access-control-allow-credentials': 'true',
        'access-control-expose-headers': 'WWW-Authenticate,Server-Authorization',
        'content-type': 'application/json; charset=utf-8' },
     body: { data: [Object] } } }
[2019-12-12T19:41:45.570] [INFO] response - { method: 'GET',
  url: '/api/users/userinfo',
  body: {},
  costTime: 576,
  response: { status: 200,
     message: 'OK',
     header: 
      { vary: 'Origin',
        'access-control-allow-origin': 'http://localhost:8080',
        'access-control-allow-credentials': 'true',
        'access-control-expose-headers': 'WWW-Authenticate,Server-Authorization',
        'content-type': 'application/json; charset=utf-8' },
     body: { data: [Object] } } }
[2019-12-12T19:41:49.448] [INFO] response - { method: 'GET',
  url: '/api/users/userinfo',
  body: {},
  costTime: 316,
  response: { status: 200,
     message: 'OK',
     header: 
      { vary: 'Origin',
        'access-control-allow-origin': 'http://localhost:8080',
        'access-control-allow-credentials': 'true',
        'access-control-expose-headers': 'WWW-Authenticate,Server-Authorization',
        'content-type': 'application/json; charset=utf-8' },
     body: { data: [Object] } } }
[2019-12-12T19:41:51.614] [INFO] response - { method: 'GET',
  url: '/api/users/userinfo',
  body: {},
  costTime: 400,
  response: { status: 200,
     message: 'OK',
     header: 
      { vary: 'Origin',
        'access-control-allow-origin': 'http://localhost:8080',
        'access-control-allow-credentials': 'true',
        'access-control-expose-headers': 'WWW-Authenticate,Server-Authorization',
        'content-type': 'application/json; charset=utf-8' },
     body: { data: [Object] } } }
[2019-12-12T19:41:53.459] [INFO] response - { method: 'GET',
  url: '/api/users/userinfo',
  body: {},
  costTime: 374,
  response: { status: 200,
     message: 'OK',
     header: 
      { vary: 'Origin',
        'access-control-allow-origin': 'http://localhost:8080',
        'access-control-allow-credentials': 'true',
        'access-control-expose-headers': 'WWW-Authenticate,Server-Authorization',
        'content-type': 'application/json; charset=utf-8' },
     body: { data: [Object] } } }
[2019-12-12T19:44:48.410] [INFO] response - { method: 'GET',
  url: '/api/users/userinfo',
  body: {},
  costTime: 573,
  response: { status: 200,
     message: 'OK',
     header: 
      { vary: 'Origin',
        'access-control-allow-origin': 'http://localhost:8080',
        'access-control-allow-credentials': 'true',
        'access-control-expose-headers': 'WWW-Authenticate,Server-Authorization',
        'content-type': 'application/json; charset=utf-8' },
     body: { data: [Object] } } }
[2019-12-12T19:44:57.206] [INFO] response - { method: 'GET',
  url: '/api/users/userinfo',
  body: {},
  costTime: 430,
  response: { status: 200,
     message: 'OK',
     header: 
      { vary: 'Origin',
        'access-control-allow-origin': 'http://localhost:8080',
        'access-control-allow-credentials': 'true',
        'access-control-expose-headers': 'WWW-Authenticate,Server-Authorization',
        'content-type': 'application/json; charset=utf-8' },
     body: { data: [Object] } } }
[2019-12-12T19:44:59.476] [INFO] response - { method: 'GET',
  url: '/api/users/userinfo',
  body: {},
  costTime: 203,
  response: { status: 200,
     message: 'OK',
     header: 
      { vary: 'Origin',
        'access-control-allow-origin': 'http://localhost:8080',
        'access-control-allow-credentials': 'true',
        'access-control-expose-headers': 'WWW-Authenticate,Server-Authorization',
        'content-type': 'application/json; charset=utf-8' },
     body: { data: [Object] } } }
[2019-12-12T19:45:11.170] [INFO] response - { method: 'GET',
  url: '/api/users/userinfo',
  body: {},
  costTime: 484,
  response: { status: 200,
     message: 'OK',
     header: 
      { vary: 'Origin',
        'access-control-allow-origin': 'http://localhost:8080',
        'access-control-allow-credentials': 'true',
        'access-control-expose-headers': 'WWW-Authenticate,Server-Authorization',
        'content-type': 'application/json; charset=utf-8' },
     body: { data: [Object] } } }
[2019-12-12T19:45:13.228] [INFO] response - { method: 'GET',
  url: '/api/users/userinfo',
  body: {},
  costTime: 455,
  response: { status: 200,
     message: 'OK',
     header: 
      { vary: 'Origin',
        'access-control-allow-origin': 'http://localhost:8080',
        'access-control-allow-credentials': 'true',
        'access-control-expose-headers': 'WWW-Authenticate,Server-Authorization',
        'content-type': 'application/json; charset=utf-8' },
     body: { data: [Object] } } }
[2019-12-12T19:45:14.907] [INFO] response - { method: 'GET',
  url: '/api/users/userinfo',
  body: {},
  costTime: 233,
  response: { status: 200,
     message: 'OK',
     header: 
      { vary: 'Origin',
        'access-control-allow-origin': 'http://localhost:8080',
        'access-control-allow-credentials': 'true',
        'access-control-expose-headers': 'WWW-Authenticate,Server-Authorization',
        'content-type': 'application/json; charset=utf-8' },
     body: { data: [Object] } } }
[2019-12-12T19:46:50.301] [INFO] response - { method: 'GET',
  url: '/api/users/userinfo',
  body: {},
  costTime: 786,
  response: { status: 200,
     message: 'OK',
     header: 
      { vary: 'Origin',
        'access-control-allow-origin': 'http://localhost:8080',
        'access-control-allow-credentials': 'true',
        'access-control-expose-headers': 'WWW-Authenticate,Server-Authorization',
        'content-type': 'application/json; charset=utf-8' },
     body: { data: [Object] } } }
[2019-12-12T19:47:06.716] [INFO] response - { method: 'GET',
  url: '/api/users/userinfo',
  body: {},
  costTime: 518,
  response: { status: 200,
     message: 'OK',
     header: 
      { vary: 'Origin',
        'access-control-allow-origin': 'http://localhost:8080',
        'access-control-allow-credentials': 'true',
        'access-control-expose-headers': 'WWW-Authenticate,Server-Authorization',
        'content-type': 'application/json; charset=utf-8' },
     body: { data: [Object] } } }
[2019-12-12T19:47:07.670] [INFO] response - { method: 'GET',
  url: '/api/users/userinfo',
  body: {},
  costTime: 350,
  response: { status: 200,
     message: 'OK',
     header: 
      { vary: 'Origin',
        'access-control-allow-origin': 'http://localhost:8080',
        'access-control-allow-credentials': 'true',
        'access-control-expose-headers': 'WWW-Authenticate,Server-Authorization',
        'content-type': 'application/json; charset=utf-8' },
     body: { data: [Object] } } }
[2019-12-12T19:47:12.245] [INFO] response - { method: 'GET',
  url: '/api/users/userinfo',
  body: {},
  costTime: 1103,
  response: { status: 200,
     message: 'OK',
     header: 
      { vary: 'Origin',
        'access-control-allow-origin': 'http://localhost:8080',
        'access-control-allow-credentials': 'true',
        'access-control-expose-headers': 'WWW-Authenticate,Server-Authorization',
        'content-type': 'application/json; charset=utf-8' },
     body: { data: [Object] } } }
[2019-12-12T19:47:16.026] [INFO] response - { method: 'GET',
  url: '/api/users/userinfo',
  body: {},
  costTime: 471,
  response: { status: 200,
     message: 'OK',
     header: 
      { vary: 'Origin',
        'access-control-allow-origin': 'http://localhost:8080',
        'access-control-allow-credentials': 'true',
        'access-control-expose-headers': 'WWW-Authenticate,Server-Authorization',
        'content-type': 'application/json; charset=utf-8' },
     body: { data: [Object] } } }
[2019-12-12T19:47:20.741] [INFO] response - { method: 'GET',
  url: '/api/users/userinfo',
  body: {},
  costTime: 451,
  response: { status: 200,
     message: 'OK',
     header: 
      { vary: 'Origin',
        'access-control-allow-origin': 'http://localhost:8080',
        'access-control-allow-credentials': 'true',
        'access-control-expose-headers': 'WWW-Authenticate,Server-Authorization',
        'content-type': 'application/json; charset=utf-8' },
     body: { data: [Object] } } }
[2019-12-12T19:49:25.649] [INFO] response - { method: 'POST',
  url: '/api/users/postlogin',
  body: { user_id: '1001', password: '123456' },
  costTime: 124,
  response: { status: 200,
     message: 'OK',
     header: 
      { vary: 'Origin',
        'access-control-allow-origin': 'http://localhost:8080',
        'access-control-allow-credentials': 'true',
        'access-control-expose-headers': 'WWW-Authenticate,Server-Authorization',
        'content-type': 'application/json; charset=utf-8' },
     body: { code: 1, data: [Object] } } }
[2019-12-12T19:49:26.260] [INFO] response - { method: 'GET',
  url: '/api/users/userinfo',
  body: {},
  costTime: 442,
  response: { status: 200,
     message: 'OK',
     header: 
      { vary: 'Origin',
        'access-control-allow-origin': 'http://localhost:8080',
        'access-control-allow-credentials': 'true',
        'access-control-expose-headers': 'WWW-Authenticate,Server-Authorization',
        'content-type': 'application/json; charset=utf-8' },
     body: { data: [Object] } } }
[2019-12-12T19:49:28.970] [INFO] response - { method: 'GET',
  url: '/api/users/userinfo',
  body: {},
  costTime: 606,
  response: { status: 200,
     message: 'OK',
     header: 
      { vary: 'Origin',
        'access-control-allow-origin': 'http://localhost:8080',
        'access-control-allow-credentials': 'true',
        'access-control-expose-headers': 'WWW-Authenticate,Server-Authorization',
        'content-type': 'application/json; charset=utf-8' },
     body: { data: [Object] } } }
[2019-12-12T19:49:39.804] [INFO] response - { method: 'GET',
  url: '/api/users/userinfo',
  body: {},
  costTime: 795,
  response: { status: 200,
     message: 'OK',
     header: 
      { vary: 'Origin',
        'access-control-allow-origin': 'http://localhost:8080',
        'access-control-allow-credentials': 'true',
        'access-control-expose-headers': 'WWW-Authenticate,Server-Authorization',
        'content-type': 'application/json; charset=utf-8' },
     body: { data: [Object] } } }
[2019-12-12T19:53:09.309] [INFO] response - { method: 'GET',
  url: '/api/users/userinfo',
  body: {},
  costTime: 12,
  response: { status: 200,
     message: 'OK',
     header: 
      { vary: 'Origin',
        'access-control-allow-origin': 'http://localhost:8080',
        'access-control-allow-credentials': 'true',
        'access-control-expose-headers': 'WWW-Authenticate,Server-Authorization',
        'content-type': 'application/json; charset=utf-8' },
     body: { data: [Object] } } }
[2019-12-12T19:53:11.590] [INFO] response - { method: 'GET',
  url: '/api/users/userinfo',
  body: {},
  costTime: 12,
  response: { status: 200,
     message: 'OK',
     header: 
      { vary: 'Origin',
        'access-control-allow-origin': 'http://localhost:8080',
        'access-control-allow-credentials': 'true',
        'access-control-expose-headers': 'WWW-Authenticate,Server-Authorization',
        'content-type': 'application/json; charset=utf-8' },
     body: { data: [Object] } } }
[2019-12-12T19:53:12.210] [INFO] response - { method: 'GET',
  url: '/api/users/userinfo',
  body: {},
  costTime: 16,
  response: { status: 200,
     message: 'OK',
     header: 
      { vary: 'Origin',
        'access-control-allow-origin': 'http://localhost:8080',
        'access-control-allow-credentials': 'true',
        'access-control-expose-headers': 'WWW-Authenticate,Server-Authorization',
        'content-type': 'application/json; charset=utf-8' },
     body: { data: [Object] } } }
[2019-12-12T19:53:15.279] [INFO] response - { method: 'GET',
  url: '/api/users/userinfo',
  body: {},
  costTime: 10,
  response: { status: 200,
     message: 'OK',
     header: 
      { vary: 'Origin',
        'access-control-allow-origin': 'http://localhost:8080',
        'access-control-allow-credentials': 'true',
        'access-control-expose-headers': 'WWW-Authenticate,Server-Authorization',
        'content-type': 'application/json; charset=utf-8' },
     body: { data: [Object] } } }
[2019-12-12T19:53:18.323] [INFO] response - { method: 'GET',
  url: '/api/users/userinfo',
  body: {},
  costTime: 17,
  response: { status: 200,
     message: 'OK',
     header: 
      { vary: 'Origin',
        'access-control-allow-origin': 'http://localhost:8080',
        'access-control-allow-credentials': 'true',
        'access-control-expose-headers': 'WWW-Authenticate,Server-Authorization',
        'content-type': 'application/json; charset=utf-8' },
     body: { data: [Object] } } }
[2019-12-12T19:53:19.156] [INFO] response - { method: 'GET',
  url: '/api/users/userinfo',
  body: {},
  costTime: 13,
  response: { status: 200,
     message: 'OK',
     header: 
      { vary: 'Origin',
        'access-control-allow-origin': 'http://localhost:8080',
        'access-control-allow-credentials': 'true',
        'access-control-expose-headers': 'WWW-Authenticate,Server-Authorization',
        'content-type': 'application/json; charset=utf-8' },
     body: { data: [Object] } } }
[2019-12-12T19:57:17.140] [INFO] response - { method: 'GET',
  url: '/api/users/userinfo',
  body: {},
  costTime: 19,
  response: { status: 200,
     message: 'OK',
     header: 
      { vary: 'Origin',
        'access-control-allow-origin': 'http://localhost:8080',
        'access-control-allow-credentials': 'true',
        'access-control-expose-headers': 'WWW-Authenticate,Server-Authorization',
        'content-type': 'application/json; charset=utf-8' },
     body: { data: [Object] } } }
[2019-12-12T19:57:30.675] [INFO] response - { method: 'GET',
  url: '/api/users/userinfo',
  body: {},
  costTime: 24,
  response: { status: 200,
     message: 'OK',
     header: 
      { vary: 'Origin',
        'access-control-allow-origin': 'http://localhost:8080',
        'access-control-allow-credentials': 'true',
        'access-control-expose-headers': 'WWW-Authenticate,Server-Authorization',
        'content-type': 'application/json; charset=utf-8' },
     body: { data: [Object] } } }
[2019-12-12T19:57:35.388] [INFO] response - { method: 'GET',
  url: '/api/users/userinfo',
  body: {},
  costTime: 30,
  response: { status: 200,
     message: 'OK',
     header: 
      { vary: 'Origin',
        'access-control-allow-origin': 'http://localhost:8080',
        'access-control-allow-credentials': 'true',
        'access-control-expose-headers': 'WWW-Authenticate,Server-Authorization',
        'content-type': 'application/json; charset=utf-8' },
     body: { data: [Object] } } }
[2019-12-12T19:58:32.978] [INFO] response - { method: 'GET',
  url: '/api/users/userinfo',
  body: {},
  costTime: 26,
  response: { status: 200,
     message: 'OK',
     header: 
      { vary: 'Origin',
        'access-control-allow-origin': 'http://localhost:8080',
        'access-control-allow-credentials': 'true',
        'access-control-expose-headers': 'WWW-Authenticate,Server-Authorization',
        'content-type': 'application/json; charset=utf-8' },
     body: { data: [Object] } } }
[2019-12-12T19:59:06.105] [INFO] response - { method: 'GET',
  url: '/api/users/userinfo',
  body: {},
  costTime: 25,
  response: { status: 200,
     message: 'OK',
     header: 
      { vary: 'Origin',
        'access-control-allow-origin': 'http://localhost:8080',
        'access-control-allow-credentials': 'true',
        'access-control-expose-headers': 'WWW-Authenticate,Server-Authorization',
        'content-type': 'application/json; charset=utf-8' },
     body: { data: [Object] } } }
[2019-12-12T20:00:36.263] [INFO] response - { method: 'GET',
  url: '/api/users/userinfo',
  body: {},
  costTime: 40,
  response: { status: 200,
     message: 'OK',
     header: 
      { vary: 'Origin',
        'access-control-allow-origin': 'http://localhost:8080',
        'access-control-allow-credentials': 'true',
        'access-control-expose-headers': 'WWW-Authenticate,Server-Authorization',
        'content-type': 'application/json; charset=utf-8' },
     body: { data: [Object] } } }
[2019-12-12T20:01:20.212] [INFO] response - { method: 'GET',
  url: '/api/users/userinfo',
  body: {},
  costTime: 23,
  response: { status: 200,
     message: 'OK',
     header: 
      { vary: 'Origin',
        'access-control-allow-origin': 'http://localhost:8080',
        'access-control-allow-credentials': 'true',
        'access-control-expose-headers': 'WWW-Authenticate,Server-Authorization',
        'content-type': 'application/json; charset=utf-8' },
     body: { data: [Object] } } }
[2019-12-12T20:02:00.508] [INFO] response - { method: 'GET',
  url: '/api/users/userinfo',
  body: {},
  costTime: 26,
  response: { status: 200,
     message: 'OK',
     header: 
      { vary: 'Origin',
        'access-control-allow-origin': 'http://localhost:8080',
        'access-control-allow-credentials': 'true',
        'access-control-expose-headers': 'WWW-Authenticate,Server-Authorization',
        'content-type': 'application/json; charset=utf-8' },
     body: { data: [Object] } } }
[2019-12-12T20:02:20.973] [INFO] response - { method: 'GET',
  url: '/api/users/userinfo',
  body: {},
  costTime: 16,
  response: { status: 200,
     message: 'OK',
     header: 
      { vary: 'Origin',
        'access-control-allow-origin': 'http://localhost:8080',
        'access-control-allow-credentials': 'true',
        'access-control-expose-headers': 'WWW-Authenticate,Server-Authorization',
        'content-type': 'application/json; charset=utf-8' },
     body: { data: [Object] } } }
[2019-12-12T20:02:30.915] [INFO] response - { method: 'GET',
  url: '/api/users/userinfo',
  body: {},
  costTime: 34,
  response: { status: 200,
     message: 'OK',
     header: 
      { vary: 'Origin',
        'access-control-allow-origin': 'http://localhost:8080',
        'access-control-allow-credentials': 'true',
        'access-control-expose-headers': 'WWW-Authenticate,Server-Authorization',
        'content-type': 'application/json; charset=utf-8' },
     body: { data: [Object] } } }
[2019-12-12T20:03:18.996] [INFO] response - { method: 'GET',
  url: '/api/users/userinfo',
  body: {},
  costTime: 43,
  response: { status: 200,
     message: 'OK',
     header: 
      { vary: 'Origin',
        'access-control-allow-origin': 'http://localhost:8080',
        'access-control-allow-credentials': 'true',
        'access-control-expose-headers': 'WWW-Authenticate,Server-Authorization',
        'content-type': 'application/json; charset=utf-8' },
     body: { data: [Object] } } }
[2019-12-12T20:03:33.252] [INFO] response - { method: 'GET',
  url: '/api/users/userinfo',
  body: {},
  costTime: 33,
  response: { status: 200,
     message: 'OK',
     header: 
      { vary: 'Origin',
        'access-control-allow-origin': 'http://localhost:8080',
        'access-control-allow-credentials': 'true',
        'access-control-expose-headers': 'WWW-Authenticate,Server-Authorization',
        'content-type': 'application/json; charset=utf-8' },
     body: { data: [Object] } } }
[2019-12-12T20:09:28.628] [INFO] response - { method: 'GET',
  url: '/api/users/userinfo',
  body: {},
  costTime: 26,
  response: { status: 200,
     message: 'OK',
     header: 
      { vary: 'Origin',
        'access-control-allow-origin': 'http://localhost:8080',
        'access-control-allow-credentials': 'true',
        'access-control-expose-headers': 'WWW-Authenticate,Server-Authorization',
        'content-type': 'application/json; charset=utf-8' },
     body: { data: [Object] } } }
[2019-12-12T20:09:31.043] [INFO] response - { method: 'GET',
  url: '/api/users/userinfo',
  body: {},
  costTime: 16,
  response: { status: 200,
     message: 'OK',
     header: 
      { vary: 'Origin',
        'access-control-allow-origin': 'http://localhost:8080',
        'access-control-allow-credentials': 'true',
        'access-control-expose-headers': 'WWW-Authenticate,Server-Authorization',
        'content-type': 'application/json; charset=utf-8' },
     body: { data: [Object] } } }
[2019-12-12T20:11:05.110] [INFO] response - { method: 'GET',
  url: '/api/users/userinfo',
  body: {},
  costTime: 29,
  response: { status: 200,
     message: 'OK',
     header: 
      { vary: 'Origin',
        'access-control-allow-origin': 'http://localhost:8080',
        'access-control-allow-credentials': 'true',
        'access-control-expose-headers': 'WWW-Authenticate,Server-Authorization',
        'content-type': 'application/json; charset=utf-8' },
     body: { data: [Object] } } }
[2019-12-12T20:13:38.250] [INFO] response - { method: 'GET',
  url: '/api/users/userinfo',
  body: {},
  costTime: 33,
  response: { status: 200,
     message: 'OK',
     header: 
      { vary: 'Origin',
        'access-control-allow-origin': 'http://localhost:8080',
        'access-control-allow-credentials': 'true',
        'access-control-expose-headers': 'WWW-Authenticate,Server-Authorization',
        'content-type': 'application/json; charset=utf-8' },
     body: { data: [Object] } } }
[2019-12-12T20:13:42.138] [INFO] response - { method: 'GET',
  url: '/api/users/userinfo',
  body: {},
  costTime: 19,
  response: { status: 200,
     message: 'OK',
     header: 
      { vary: 'Origin',
        'access-control-allow-origin': 'http://localhost:8080',
        'access-control-allow-credentials': 'true',
        'access-control-expose-headers': 'WWW-Authenticate,Server-Authorization',
        'content-type': 'application/json; charset=utf-8' },
     body: { data: [Object] } } }
[2019-12-12T20:13:53.766] [INFO] response - { method: 'GET',
  url: '/api/users/userinfo',
  body: {},
  costTime: 31,
  response: { status: 200,
     message: 'OK',
     header: 
      { vary: 'Origin',
        'access-control-allow-origin': 'http://localhost:8080',
        'access-control-allow-credentials': 'true',
        'access-control-expose-headers': 'WWW-Authenticate,Server-Authorization',
        'content-type': 'application/json; charset=utf-8' },
     body: { data: [Object] } } }
[2019-12-12T20:13:55.726] [INFO] response - { method: 'GET',
  url: '/api/users/userinfo',
  body: {},
  costTime: 11,
  response: { status: 200,
     message: 'OK',
     header: 
      { vary: 'Origin',
        'access-control-allow-origin': 'http://localhost:8080',
        'access-control-allow-credentials': 'true',
        'access-control-expose-headers': 'WWW-Authenticate,Server-Authorization',
        'content-type': 'application/json; charset=utf-8' },
     body: { data: [Object] } } }
[2019-12-12T20:14:01.814] [INFO] response - { method: 'GET',
  url: '/api/users/userinfo',
  body: {},
  costTime: 9,
  response: { status: 200,
     message: 'OK',
     header: 
      { vary: 'Origin',
        'access-control-allow-origin': 'http://localhost:8080',
        'access-control-allow-credentials': 'true',
        'access-control-expose-headers': 'WWW-Authenticate,Server-Authorization',
        'content-type': 'application/json; charset=utf-8' },
     body: { data: [Object] } } }
[2019-12-12T20:14:08.310] [INFO] response - { method: 'GET',
  url: '/api/users/userinfo',
  body: {},
  costTime: 9,
  response: { status: 200,
     message: 'OK',
     header: 
      { vary: 'Origin',
        'access-control-allow-origin': 'http://localhost:8080',
        'access-control-allow-credentials': 'true',
        'access-control-expose-headers': 'WWW-Authenticate,Server-Authorization',
        'content-type': 'application/json; charset=utf-8' },
     body: { data: [Object] } } }
[2019-12-12T20:14:09.795] [INFO] response - { method: 'GET',
  url: '/api/users/userinfo',
  body: {},
  costTime: 9,
  response: { status: 200,
     message: 'OK',
     header: 
      { vary: 'Origin',
        'access-control-allow-origin': 'http://localhost:8080',
        'access-control-allow-credentials': 'true',
        'access-control-expose-headers': 'WWW-Authenticate,Server-Authorization',
        'content-type': 'application/json; charset=utf-8' },
     body: { data: [Object] } } }
[2019-12-12T20:14:14.062] [INFO] response - { method: 'GET',
  url: '/api/users/userinfo',
  body: {},
  costTime: 11,
  response: { status: 200,
     message: 'OK',
     header: 
      { vary: 'Origin',
        'access-control-allow-origin': 'http://localhost:8080',
        'access-control-allow-credentials': 'true',
        'access-control-expose-headers': 'WWW-Authenticate,Server-Authorization',
        'content-type': 'application/json; charset=utf-8' },
     body: { data: [Object] } } }
[2019-12-12T20:14:16.217] [INFO] response - { method: 'GET',
  url: '/api/users/userinfo',
  body: {},
  costTime: 20,
  response: { status: 200,
     message: 'OK',
     header: 
      { vary: 'Origin',
        'access-control-allow-origin': 'http://localhost:8080',
        'access-control-allow-credentials': 'true',
        'access-control-expose-headers': 'WWW-Authenticate,Server-Authorization',
        'content-type': 'application/json; charset=utf-8' },
     body: { data: [Object] } } }
[2019-12-12T20:14:18.939] [INFO] response - { method: 'GET',
  url: '/api/users/userinfo',
  body: {},
  costTime: 10,
  response: { status: 200,
     message: 'OK',
     header: 
      { vary: 'Origin',
        'access-control-allow-origin': 'http://localhost:8080',
        'access-control-allow-credentials': 'true',
        'access-control-expose-headers': 'WWW-Authenticate,Server-Authorization',
        'content-type': 'application/json; charset=utf-8' },
     body: { data: [Object] } } }
[2019-12-12T20:14:25.940] [INFO] response - { method: 'GET',
  url: '/api/users/userinfo',
  body: {},
  costTime: 22,
  response: { status: 200,
     message: 'OK',
     header: 
      { vary: 'Origin',
        'access-control-allow-origin': 'http://localhost:8080',
        'access-control-allow-credentials': 'true',
        'access-control-expose-headers': 'WWW-Authenticate,Server-Authorization',
        'content-type': 'application/json; charset=utf-8' },
     body: { data: [Object] } } }
[2019-12-12T20:14:51.117] [INFO] response - { method: 'GET',
  url: '/api/users/userinfo',
  body: {},
  costTime: 18,
  response: { status: 200,
     message: 'OK',
     header: 
      { vary: 'Origin',
        'access-control-allow-origin': 'http://localhost:8080',
        'access-control-allow-credentials': 'true',
        'access-control-expose-headers': 'WWW-Authenticate,Server-Authorization',
        'content-type': 'application/json; charset=utf-8' },
     body: { data: [Object] } } }
[2019-12-12T20:16:59.690] [INFO] response - { method: 'GET',
  url: '/api/users/userinfo',
  body: {},
  costTime: 48,
  response: { status: 200,
     message: 'OK',
     header: 
      { vary: 'Origin',
        'access-control-allow-origin': 'http://localhost:8080',
        'access-control-allow-credentials': 'true',
        'access-control-expose-headers': 'WWW-Authenticate,Server-Authorization',
        'content-type': 'application/json; charset=utf-8' },
     body: { data: [Object] } } }
[2019-12-12T22:41:56.576] [INFO] response - { method: 'POST',
  url: '/api/users/postlogin',
  body: { user_id: '1001', password: '123456' },
  costTime: 141,
  response: { status: 200,
     message: 'OK',
     header: 
      { vary: 'Origin',
        'access-control-allow-origin': 'http://localhost:8080',
        'access-control-allow-credentials': 'true',
        'access-control-expose-headers': 'WWW-Authenticate,Server-Authorization',
        'content-type': 'application/json; charset=utf-8' },
     body: { code: 1, data: [Object] } } }
[2019-12-12T22:41:56.910] [INFO] response - { method: 'GET',
  url: '/api/users/userinfo',
  body: {},
  costTime: 11,
  response: { status: 200,
     message: 'OK',
     header: 
      { vary: 'Origin',
        'access-control-allow-origin': 'http://localhost:8080',
        'access-control-allow-credentials': 'true',
        'access-control-expose-headers': 'WWW-Authenticate,Server-Authorization',
        'content-type': 'application/json; charset=utf-8' },
     body: { data: [Object] } } }
[2019-12-12T22:41:59.148] [INFO] response - { method: 'GET',
  url: '/api/users/userinfo',
  body: {},
  costTime: 9,
  response: { status: 200,
     message: 'OK',
     header: 
      { vary: 'Origin',
        'access-control-allow-origin': 'http://localhost:8080',
        'access-control-allow-credentials': 'true',
        'access-control-expose-headers': 'WWW-Authenticate,Server-Authorization',
        'content-type': 'application/json; charset=utf-8' },
     body: { data: [Object] } } }
[2019-12-12T22:42:00.768] [INFO] response - { method: 'GET',
  url: '/api/users/userinfo',
  body: {},
  costTime: 8,
  response: { status: 200,
     message: 'OK',
     header: 
      { vary: 'Origin',
        'access-control-allow-origin': 'http://localhost:8080',
        'access-control-allow-credentials': 'true',
        'access-control-expose-headers': 'WWW-Authenticate,Server-Authorization',
        'content-type': 'application/json; charset=utf-8' },
     body: { data: [Object] } } }
[2019-12-12T22:42:02.166] [INFO] response - { method: 'GET',
  url: '/api/users/userinfo',
  body: {},
  costTime: 7,
  response: { status: 200,
     message: 'OK',
     header: 
      { vary: 'Origin',
        'access-control-allow-origin': 'http://localhost:8080',
        'access-control-allow-credentials': 'true',
        'access-control-expose-headers': 'WWW-Authenticate,Server-Authorization',
        'content-type': 'application/json; charset=utf-8' },
     body: { data: [Object] } } }
[2019-12-12T22:42:03.285] [INFO] response - { method: 'GET',
  url: '/api/users/userinfo',
  body: {},
  costTime: 8,
  response: { status: 200,
     message: 'OK',
     header: 
      { vary: 'Origin',
        'access-control-allow-origin': 'http://localhost:8080',
        'access-control-allow-credentials': 'true',
        'access-control-expose-headers': 'WWW-Authenticate,Server-Authorization',
        'content-type': 'application/json; charset=utf-8' },
     body: { data: [Object] } } }
[2019-12-12T22:42:05.015] [INFO] response - { method: 'GET',
  url: '/api/users/userinfo',
  body: {},
  costTime: 10,
  response: { status: 200,
     message: 'OK',
     header: 
      { vary: 'Origin',
        'access-control-allow-origin': 'http://localhost:8080',
        'access-control-allow-credentials': 'true',
        'access-control-expose-headers': 'WWW-Authenticate,Server-Authorization',
        'content-type': 'application/json; charset=utf-8' },
     body: { data: [Object] } } }
[2019-12-12T22:42:35.566] [INFO] response - { method: 'GET',
  url: '/api/users/userinfo',
  body: {},
  costTime: 14,
  response: { status: 200,
     message: 'OK',
     header: 
      { vary: 'Origin',
        'access-control-allow-origin': 'http://localhost:8080',
        'access-control-allow-credentials': 'true',
        'access-control-expose-headers': 'WWW-Authenticate,Server-Authorization',
        'content-type': 'application/json; charset=utf-8' },
     body: { data: [Object] } } }
[2019-12-12T22:42:37.116] [INFO] response - { method: 'GET',
  url: '/api/users/userinfo',
  body: {},
  costTime: 8,
  response: { status: 200,
     message: 'OK',
     header: 
      { vary: 'Origin',
        'access-control-allow-origin': 'http://localhost:8080',
        'access-control-allow-credentials': 'true',
        'access-control-expose-headers': 'WWW-Authenticate,Server-Authorization',
        'content-type': 'application/json; charset=utf-8' },
     body: { data: [Object] } } }
[2019-12-12T22:42:38.238] [INFO] response - { method: 'GET',
  url: '/api/users/userinfo',
  body: {},
  costTime: 9,
  response: { status: 200,
     message: 'OK',
     header: 
      { vary: 'Origin',
        'access-control-allow-origin': 'http://localhost:8080',
        'access-control-allow-credentials': 'true',
        'access-control-expose-headers': 'WWW-Authenticate,Server-Authorization',
        'content-type': 'application/json; charset=utf-8' },
     body: { data: [Object] } } }
[2019-12-12T22:42:40.402] [INFO] response - { method: 'GET',
  url: '/api/users/userinfo',
  body: {},
  costTime: 8,
  response: { status: 200,
     message: 'OK',
     header: 
      { vary: 'Origin',
        'access-control-allow-origin': 'http://localhost:8080',
        'access-control-allow-credentials': 'true',
        'access-control-expose-headers': 'WWW-Authenticate,Server-Authorization',
        'content-type': 'application/json; charset=utf-8' },
     body: { data: [Object] } } }
[2019-12-12T22:42:42.318] [INFO] response - { method: 'GET',
  url: '/api/users/userinfo',
  body: {},
  costTime: 8,
  response: { status: 200,
     message: 'OK',
     header: 
      { vary: 'Origin',
        'access-control-allow-origin': 'http://localhost:8080',
        'access-control-allow-credentials': 'true',
        'access-control-expose-headers': 'WWW-Authenticate,Server-Authorization',
        'content-type': 'application/json; charset=utf-8' },
     body: { data: [Object] } } }
[2019-12-12T22:42:44.228] [INFO] response - { method: 'GET',
  url: '/api/users/userinfo',
  body: {},
  costTime: 8,
  response: { status: 200,
     message: 'OK',
     header: 
      { vary: 'Origin',
        'access-control-allow-origin': 'http://localhost:8080',
        'access-control-allow-credentials': 'true',
        'access-control-expose-headers': 'WWW-Authenticate,Server-Authorization',
        'content-type': 'application/json; charset=utf-8' },
     body: { data: [Object] } } }
[2019-12-12T22:42:47.681] [INFO] response - { method: 'GET',
  url: '/api/users/userinfo',
  body: {},
  costTime: 7,
  response: { status: 200,
     message: 'OK',
     header: 
      { vary: 'Origin',
        'access-control-allow-origin': 'http://localhost:8080',
        'access-control-allow-credentials': 'true',
        'access-control-expose-headers': 'WWW-Authenticate,Server-Authorization',
        'content-type': 'application/json; charset=utf-8' },
     body: { data: [Object] } } }
[2019-12-12T22:42:59.374] [INFO] response - { method: 'GET',
  url: '/api/users/userinfo',
  body: {},
  costTime: 12,
  response: { status: 200,
     message: 'OK',
     header: 
      { vary: 'Origin',
        'access-control-allow-origin': 'http://localhost:8080',
        'access-control-allow-credentials': 'true',
        'access-control-expose-headers': 'WWW-Authenticate,Server-Authorization',
        'content-type': 'application/json; charset=utf-8' },
     body: { data: [Object] } } }
[2019-12-12T22:43:06.126] [INFO] response - { method: 'GET',
  url: '/api/users/userinfo',
  body: {},
  costTime: 7,
  response: { status: 200,
     message: 'OK',
     header: 
      { vary: 'Origin',
        'access-control-allow-origin': 'http://localhost:8080',
        'access-control-allow-credentials': 'true',
        'access-control-expose-headers': 'WWW-Authenticate,Server-Authorization',
        'content-type': 'application/json; charset=utf-8' },
     body: { data: [Object] } } }
[2019-12-12T22:43:07.311] [INFO] response - { method: 'GET',
  url: '/api/users/userinfo',
  body: {},
  costTime: 8,
  response: { status: 200,
     message: 'OK',
     header: 
      { vary: 'Origin',
        'access-control-allow-origin': 'http://localhost:8080',
        'access-control-allow-credentials': 'true',
        'access-control-expose-headers': 'WWW-Authenticate,Server-Authorization',
        'content-type': 'application/json; charset=utf-8' },
     body: { data: [Object] } } }
[2019-12-12T22:43:08.172] [INFO] response - { method: 'GET',
  url: '/api/users/userinfo',
  body: {},
  costTime: 8,
  response: { status: 200,
     message: 'OK',
     header: 
      { vary: 'Origin',
        'access-control-allow-origin': 'http://localhost:8080',
        'access-control-allow-credentials': 'true',
        'access-control-expose-headers': 'WWW-Authenticate,Server-Authorization',
        'content-type': 'application/json; charset=utf-8' },
     body: { data: [Object] } } }
[2019-12-12T22:43:08.916] [INFO] response - { method: 'GET',
  url: '/api/users/userinfo',
  body: {},
  costTime: 9,
  response: { status: 200,
     message: 'OK',
     header: 
      { vary: 'Origin',
        'access-control-allow-origin': 'http://localhost:8080',
        'access-control-allow-credentials': 'true',
        'access-control-expose-headers': 'WWW-Authenticate,Server-Authorization',
        'content-type': 'application/json; charset=utf-8' },
     body: { data: [Object] } } }
[2019-12-12T22:43:10.442] [INFO] response - { method: 'GET',
  url: '/api/users/userinfo',
  body: {},
  costTime: 10,
  response: { status: 200,
     message: 'OK',
     header: 
      { vary: 'Origin',
        'access-control-allow-origin': 'http://localhost:8080',
        'access-control-allow-credentials': 'true',
        'access-control-expose-headers': 'WWW-Authenticate,Server-Authorization',
        'content-type': 'application/json; charset=utf-8' },
     body: { data: [Object] } } }
[2019-12-12T22:43:11.475] [INFO] response - { method: 'GET',
  url: '/api/users/userinfo',
  body: {},
  costTime: 7,
  response: { status: 200,
     message: 'OK',
     header: 
      { vary: 'Origin',
        'access-control-allow-origin': 'http://localhost:8080',
        'access-control-allow-credentials': 'true',
        'access-control-expose-headers': 'WWW-Authenticate,Server-Authorization',
        'content-type': 'application/json; charset=utf-8' },
     body: { data: [Object] } } }
[2019-12-12T22:43:12.825] [INFO] response - { method: 'GET',
  url: '/api/users/userinfo',
  body: {},
  costTime: 7,
  response: { status: 200,
     message: 'OK',
     header: 
      { vary: 'Origin',
        'access-control-allow-origin': 'http://localhost:8080',
        'access-control-allow-credentials': 'true',
        'access-control-expose-headers': 'WWW-Authenticate,Server-Authorization',
        'content-type': 'application/json; charset=utf-8' },
     body: { data: [Object] } } }
[2019-12-12T22:43:14.996] [INFO] response - { method: 'GET',
  url: '/api/users/userinfo',
  body: {},
  costTime: 8,
  response: { status: 200,
     message: 'OK',
     header: 
      { vary: 'Origin',
        'access-control-allow-origin': 'http://localhost:8080',
        'access-control-allow-credentials': 'true',
        'access-control-expose-headers': 'WWW-Authenticate,Server-Authorization',
        'content-type': 'application/json; charset=utf-8' },
     body: { data: [Object] } } }
[2019-12-12T22:44:32.494] [INFO] response - { method: 'GET',
  url: '/api/users/userinfo',
  body: {},
  costTime: 13,
  response: { status: 200,
     message: 'OK',
     header: 
      { vary: 'Origin',
        'access-control-allow-origin': 'http://localhost:8080',
        'access-control-allow-credentials': 'true',
        'access-control-expose-headers': 'WWW-Authenticate,Server-Authorization',
        'content-type': 'application/json; charset=utf-8' },
     body: { data: [Object] } } }
[2019-12-12T22:44:35.971] [INFO] response - { method: 'GET',
  url: '/api/users/userinfo',
  body: {},
  costTime: 9,
  response: { status: 200,
     message: 'OK',
     header: 
      { vary: 'Origin',
        'access-control-allow-origin': 'http://localhost:8080',
        'access-control-allow-credentials': 'true',
        'access-control-expose-headers': 'WWW-Authenticate,Server-Authorization',
        'content-type': 'application/json; charset=utf-8' },
     body: { data: [Object] } } }
[2019-12-12T23:00:16.550] [INFO] response - { method: 'GET',
  url: '/',
  body: {},
  costTime: 117,
  response: { status: 200,
     message: 'OK',
     header: 
      { vary: 'Origin',
        'access-control-allow-origin': 'http://localhost:8080',
        'access-control-allow-credentials': 'true',
        'access-control-expose-headers': 'WWW-Authenticate,Server-Authorization',
        'content-type': 'text/html; charset=utf-8',
        'content-length': '1697' },
     body: '<!DOCTYPE html>\n<html>\n<head>\n    <link rel="stylesheet" href=\'/stylesheets/login.css\'>\n    <title></title>\n</head>\n<body>\n    <div class="header" id="head">\n      <div class="title">XXXX </div>\n    </div>\n          \n    <div class="wrap" id="wrap">\n        <div class="logGet">\n                <!--  -->\n                <div class="logD logDtip">\n                    <p class="p1"></p>\n                </div>\n                <form action="/users/checkLogin" method="POST">\n                  <!--  -->\n                  <div class="lgD">\n                      <input type="text" name="u_id"\n                          placeholder="id" />\n                  </div>\n                  <div class="lgD">\n                      <input type="password" name="u_password"\n                          placeholder="" />\n                  </div>\n                  <div class="logC">\n                      <button type="submit"> </button>\n                  </div>\n                </form>\n            </div>\n      </div>\n      <div class="footer" id="foot">\n        <div class="copyright">\n          <p>Copyright  2019 huaruan.com Inc. All Rights Reserved.</p>\n          <div class="img">\n              <i class="icon"></i><span>123123@sise.com</span>\n          </div>\n          \n          <div class="img">\n              <i class="icon1"></i><span></span>\n          </div>\n            \n          <div class="img">\n            <i class="icon2"></i><span>12345678</span>\n          </div>\n       \n       \n        </div>\n          \n      </div>\n</body>\n</html>' } }
[2019-12-12T23:00:28.738] [INFO] response - { method: 'POST',
  url: '/api/users/postlogin',
  body: { user_id: '1001', password: '123456' },
  costTime: 19,
  response: { status: 200,
     message: 'OK',
     header: 
      { vary: 'Origin',
        'access-control-allow-origin': 'http://localhost:8080',
        'access-control-allow-credentials': 'true',
        'access-control-expose-headers': 'WWW-Authenticate,Server-Authorization',
        'content-type': 'application/json; charset=utf-8' },
     body: { code: 1, data: [Object] } } }
[2019-12-12T23:00:28.768] [INFO] response - { method: 'GET',
  url: '/api/users/userinfo',
  body: {},
  costTime: 12,
  response: { status: 200,
     message: 'OK',
     header: 
      { vary: 'Origin',
        'access-control-allow-origin': 'http://localhost:8080',
        'access-control-allow-credentials': 'true',
        'access-control-expose-headers': 'WWW-Authenticate,Server-Authorization',
        'content-type': 'application/json; charset=utf-8' },
     body: { data: [Object] } } }
[2019-12-12T23:00:55.325] [INFO] response - { method: 'POST',
  url: '/api/users/postlogin',
  body: { user_id: '1001', password: '123456' },
  costTime: 18,
  response: { status: 200,
     message: 'OK',
     header: 
      { vary: 'Origin',
        'access-control-allow-origin': 'http://localhost:8080',
        'access-control-allow-credentials': 'true',
        'access-control-expose-headers': 'WWW-Authenticate,Server-Authorization',
        'content-type': 'application/json; charset=utf-8' },
     body: { code: 1, data: [Object] } } }
[2019-12-12T23:00:55.380] [INFO] response - { method: 'GET',
  url: '/api/users/userinfo',
  body: {},
  costTime: 34,
  response: { status: 200,
     message: 'OK',
     header: 
      { vary: 'Origin',
        'access-control-allow-origin': 'http://localhost:8080',
        'access-control-allow-credentials': 'true',
        'access-control-expose-headers': 'WWW-Authenticate,Server-Authorization',
        'content-type': 'application/json; charset=utf-8' },
     body: { data: [Object] } } }
[2019-12-12T23:01:25.660] [INFO] response - { method: 'POST',
  url: '/api/users/postlogin',
  body: { user_id: '1001', password: '123456' },
  costTime: 18,
  response: { status: 200,
     message: 'OK',
     header: 
      { vary: 'Origin',
        'access-control-allow-origin': 'http://localhost:8080',
        'access-control-allow-credentials': 'true',
        'access-control-expose-headers': 'WWW-Authenticate,Server-Authorization',
        'content-type': 'application/json; charset=utf-8' },
     body: { code: 1, data: [Object] } } }
[2019-12-12T23:01:25.690] [INFO] response - { method: 'GET',
  url: '/api/users/userinfo',
  body: {},
  costTime: 12,
  response: { status: 200,
     message: 'OK',
     header: 
      { vary: 'Origin',
        'access-control-allow-origin': 'http://localhost:8080',
        'access-control-allow-credentials': 'true',
        'access-control-expose-headers': 'WWW-Authenticate,Server-Authorization',
        'content-type': 'application/json; charset=utf-8' },
     body: { data: [Object] } } }
[2019-12-12T23:02:21.767] [INFO] response - { method: 'POST',
  url: '/api/users/postlogin',
  body: { user_id: '1001', password: '123456' },
  costTime: 20,
  response: { status: 200,
     message: 'OK',
     header: 
      { vary: 'Origin',
        'access-control-allow-origin': 'http://localhost:8080',
        'access-control-allow-credentials': 'true',
        'access-control-expose-headers': 'WWW-Authenticate,Server-Authorization',
        'content-type': 'application/json; charset=utf-8' },
     body: { code: 1, data: [Object] } } }
[2019-12-12T23:02:21.832] [INFO] response - { method: 'GET',
  url: '/api/users/userinfo',
  body: {},
  costTime: 37,
  response: { status: 200,
     message: 'OK',
     header: 
      { vary: 'Origin',
        'access-control-allow-origin': 'http://localhost:8080',
        'access-control-allow-credentials': 'true',
        'access-control-expose-headers': 'WWW-Authenticate,Server-Authorization',
        'content-type': 'application/json; charset=utf-8' },
     body: { data: [Object] } } }
[2019-12-12T23:02:42.328] [INFO] response - { method: 'POST',
  url: '/api/users/postlogin',
  body: { user_id: '1001', password: '123456' },
  costTime: 20,
  response: { status: 200,
     message: 'OK',
     header: 
      { vary: 'Origin',
        'access-control-allow-origin': 'http://localhost:8080',
        'access-control-allow-credentials': 'true',
        'access-control-expose-headers': 'WWW-Authenticate,Server-Authorization',
        'content-type': 'application/json; charset=utf-8' },
     body: { code: 1, data: [Object] } } }
[2019-12-12T23:02:42.358] [INFO] response - { method: 'GET',
  url: '/api/users/userinfo',
  body: {},
  costTime: 13,
  response: { status: 200,
     message: 'OK',
     header: 
      { vary: 'Origin',
        'access-control-allow-origin': 'http://localhost:8080',
        'access-control-allow-credentials': 'true',
        'access-control-expose-headers': 'WWW-Authenticate,Server-Authorization',
        'content-type': 'application/json; charset=utf-8' },
     body: { data: [Object] } } }
[2019-12-12T23:12:15.456] [INFO] response - { method: 'POST',
  url: '/api/users/postlogin',
  body: { user_id: '1001', password: '123456' },
  costTime: 24,
  response: { status: 200,
     message: 'OK',
     header: 
      { vary: 'Origin',
        'access-control-allow-origin': 'http://localhost:8080',
        'access-control-allow-credentials': 'true',
        'access-control-expose-headers': 'WWW-Authenticate,Server-Authorization',
        'content-type': 'application/json; charset=utf-8' },
     body: { code: 1, data: [Object] } } }
[2019-12-12T23:12:15.798] [INFO] response - { method: 'GET',
  url: '/api/users/userinfo',
  body: {},
  costTime: 24,
  response: { status: 200,
     message: 'OK',
     header: 
      { vary: 'Origin',
        'access-control-allow-origin': 'http://localhost:8080',
        'access-control-allow-credentials': 'true',
        'access-control-expose-headers': 'WWW-Authenticate,Server-Authorization',
        'content-type': 'application/json; charset=utf-8' },
     body: { data: [Object] } } }
[2019-12-12T23:14:06.815] [INFO] response - { method: 'POST',
  url: '/api/users/postlogin',
  body: { user_id: '1001', password: '123456' },
  costTime: 20,
  response: { status: 200,
     message: 'OK',
     header: 
      { vary: 'Origin',
        'access-control-allow-origin': 'http://localhost:8080',
        'access-control-allow-credentials': 'true',
        'access-control-expose-headers': 'WWW-Authenticate,Server-Authorization',
        'content-type': 'application/json; charset=utf-8' },
     body: { code: 1, data: [Object] } } }
[2019-12-12T23:14:06.865] [INFO] response - { method: 'GET',
  url: '/api/users/userinfo',
  body: {},
  costTime: 24,
  response: { status: 200,
     message: 'OK',
     header: 
      { vary: 'Origin',
        'access-control-allow-origin': 'http://localhost:8080',
        'access-control-allow-credentials': 'true',
        'access-control-expose-headers': 'WWW-Authenticate,Server-Authorization',
        'content-type': 'application/json; charset=utf-8' },
     body: { data: [Object] } } }
[2019-12-12T23:14:09.941] [INFO] response - { method: 'GET',
  url: '/api/users/userinfo',
  body: {},
  costTime: 20,
  response: { status: 200,
     message: 'OK',
     header: 
      { vary: 'Origin',
        'access-control-allow-origin': 'http://localhost:8080',
        'access-control-allow-credentials': 'true',
        'access-control-expose-headers': 'WWW-Authenticate,Server-Authorization',
        'content-type': 'application/json; charset=utf-8' },
     body: { data: [Object] } } }
[2019-12-12T23:22:49.351] [INFO] response - { method: 'POST',
  url: '/api/users/postlogin',
  body: { user_id: '1001', password: '123456' },
  costTime: 19,
  response: { status: 200,
     message: 'OK',
     header: 
      { vary: 'Origin',
        'access-control-allow-origin': 'http://localhost:8080',
        'access-control-allow-credentials': 'true',
        'access-control-expose-headers': 'WWW-Authenticate,Server-Authorization',
        'content-type': 'application/json; charset=utf-8' },
     body: { code: 1, data: [Object] } } }
[2019-12-12T23:22:49.404] [INFO] response - { method: 'GET',
  url: '/api/users/userinfo',
  body: {},
  costTime: 34,
  response: { status: 200,
     message: 'OK',
     header: 
      { vary: 'Origin',
        'access-control-allow-origin': 'http://localhost:8080',
        'access-control-allow-credentials': 'true',
        'access-control-expose-headers': 'WWW-Authenticate,Server-Authorization',
        'content-type': 'application/json; charset=utf-8' },
     body: { data: [Object] } } }
[2019-12-12T23:23:04.339] [INFO] response - { method: 'POST',
  url: '/api/users/postlogin',
  body: { user_id: '1001', password: '123456' },
  costTime: 21,
  response: { status: 200,
     message: 'OK',
     header: 
      { vary: 'Origin',
        'access-control-allow-origin': 'http://localhost:8080',
        'access-control-allow-credentials': 'true',
        'access-control-expose-headers': 'WWW-Authenticate,Server-Authorization',
        'content-type': 'application/json; charset=utf-8' },
     body: { code: 1, data: [Object] } } }
[2019-12-12T23:23:04.404] [INFO] response - { method: 'GET',
  url: '/api/users/userinfo',
  body: {},
  costTime: 46,
  response: { status: 200,
     message: 'OK',
     header: 
      { vary: 'Origin',
        'access-control-allow-origin': 'http://localhost:8080',
        'access-control-allow-credentials': 'true',
        'access-control-expose-headers': 'WWW-Authenticate,Server-Authorization',
        'content-type': 'application/json; charset=utf-8' },
     body: { data: [Object] } } }
[2019-12-12T23:23:07.280] [INFO] response - { method: 'GET',
  url: '/api/users/userinfo',
  body: {},
  costTime: 41,
  response: { status: 200,
     message: 'OK',
     header: 
      { vary: 'Origin',
        'access-control-allow-origin': 'http://localhost:8080',
        'access-control-allow-credentials': 'true',
        'access-control-expose-headers': 'WWW-Authenticate,Server-Authorization',
        'content-type': 'application/json; charset=utf-8' },
     body: { data: [Object] } } }
[2019-12-12T23:23:09.391] [INFO] response - { method: 'GET',
  url: '/api/users/userinfo',
  body: {},
  costTime: 26,
  response: { status: 200,
     message: 'OK',
     header: 
      { vary: 'Origin',
        'access-control-allow-origin': 'http://localhost:8080',
        'access-control-allow-credentials': 'true',
        'access-control-expose-headers': 'WWW-Authenticate,Server-Authorization',
        'content-type': 'application/json; charset=utf-8' },
     body: { data: [Object] } } }
[2019-12-12T23:23:10.168] [INFO] response - { method: 'GET',
  url: '/api/users/userinfo',
  body: {},
  costTime: 29,
  response: { status: 200,
     message: 'OK',
     header: 
      { vary: 'Origin',
        'access-control-allow-origin': 'http://localhost:8080',
        'access-control-allow-credentials': 'true',
        'access-control-expose-headers': 'WWW-Authenticate,Server-Authorization',
        'content-type': 'application/json; charset=utf-8' },
     body: { data: [Object] } } }
[2019-12-12T23:23:11.553] [INFO] response - { method: 'GET',
  url: '/api/users/userinfo',
  body: {},
  costTime: 43,
  response: { status: 200,
     message: 'OK',
     header: 
      { vary: 'Origin',
        'access-control-allow-origin': 'http://localhost:8080',
        'access-control-allow-credentials': 'true',
        'access-control-expose-headers': 'WWW-Authenticate,Server-Authorization',
        'content-type': 'application/json; charset=utf-8' },
     body: { data: [Object] } } }
[2019-12-12T23:23:13.131] [INFO] response - { method: 'GET',
  url: '/api/users/userinfo',
  body: {},
  costTime: 50,
  response: { status: 200,
     message: 'OK',
     header: 
      { vary: 'Origin',
        'access-control-allow-origin': 'http://localhost:8080',
        'access-control-allow-credentials': 'true',
        'access-control-expose-headers': 'WWW-Authenticate,Server-Authorization',
        'content-type': 'application/json; charset=utf-8' },
     body: { data: [Object] } } }
[2019-12-12T23:23:14.597] [INFO] response - { method: 'GET',
  url: '/api/users/userinfo',
  body: {},
  costTime: 89,
  response: { status: 200,
     message: 'OK',
     header: 
      { vary: 'Origin',
        'access-control-allow-origin': 'http://localhost:8080',
        'access-control-allow-credentials': 'true',
        'access-control-expose-headers': 'WWW-Authenticate,Server-Authorization',
        'content-type': 'application/json; charset=utf-8' },
     body: { data: [Object] } } }
[2019-12-12T23:24:34.551] [INFO] response - { method: 'POST',
  url: '/api/users/postlogin',
  body: { user_id: '1001', password: '123456' },
  costTime: 30,
  response: { status: 200,
     message: 'OK',
     header: 
      { vary: 'Origin',
        'access-control-allow-origin': 'http://localhost:8080',
        'access-control-allow-credentials': 'true',
        'access-control-expose-headers': 'WWW-Authenticate,Server-Authorization',
        'content-type': 'application/json; charset=utf-8' },
     body: { code: 1, data: [Object] } } }
[2019-12-12T23:24:34.804] [INFO] response - { method: 'GET',
  url: '/api/users/userinfo',
  body: {},
  costTime: 33,
  response: { status: 200,
     message: 'OK',
     header: 
      { vary: 'Origin',
        'access-control-allow-origin': 'http://localhost:8080',
        'access-control-allow-credentials': 'true',
        'access-control-expose-headers': 'WWW-Authenticate,Server-Authorization',
        'content-type': 'application/json; charset=utf-8' },
     body: { data: [Object] } } }
[2019-12-12T23:28:26.822] [INFO] response - { method: 'GET',
  url: '/api/users/userinfo',
  body: {},
  costTime: 13,
  response: { status: 200,
     message: 'OK',
     header: 
      { vary: 'Origin',
        'access-control-allow-origin': 'http://localhost:8080',
        'access-control-allow-credentials': 'true',
        'access-control-expose-headers': 'WWW-Authenticate,Server-Authorization',
        'content-type': 'application/json; charset=utf-8' },
     body: { data: [Object] } } }
[2019-12-12T23:28:34.306] [INFO] response - { method: 'POST',
  url: '/api/users/postlogin',
  body: { user_id: '1001', password: '123456' },
  costTime: 4,
  response: { status: 200,
     message: 'OK',
     header: 
      { vary: 'Origin',
        'access-control-allow-origin': 'http://localhost:8080',
        'access-control-allow-credentials': 'true',
        'access-control-expose-headers': 'WWW-Authenticate,Server-Authorization',
        'content-type': 'application/json; charset=utf-8' },
     body: { code: 1, data: [Object] } } }
[2019-12-12T23:28:34.325] [INFO] response - { method: 'GET',
  url: '/api/users/userinfo',
  body: {},
  costTime: 7,
  response: { status: 200,
     message: 'OK',
     header: 
      { vary: 'Origin',
        'access-control-allow-origin': 'http://localhost:8080',
        'access-control-allow-credentials': 'true',
        'access-control-expose-headers': 'WWW-Authenticate,Server-Authorization',
        'content-type': 'application/json; charset=utf-8' },
     body: { data: [Object] } } }
[2019-12-12T23:28:52.227] [INFO] response - { method: 'GET',
  url: '/api/users/userinfo',
  body: {},
  costTime: 15,
  response: { status: 200,
     message: 'OK',
     header: 
      { vary: 'Origin',
        'access-control-allow-origin': 'http://localhost:8080',
        'access-control-allow-credentials': 'true',
        'access-control-expose-headers': 'WWW-Authenticate,Server-Authorization',
        'content-type': 'application/json; charset=utf-8' },
     body: { data: [Object] } } }
[2019-12-12T23:28:53.533] [INFO] response - { method: 'GET',
  url: '/api/users/userinfo',
  body: {},
  costTime: 6,
  response: { status: 200,
     message: 'OK',
     header: 
      { vary: 'Origin',
        'access-control-allow-origin': 'http://localhost:8080',
        'access-control-allow-credentials': 'true',
        'access-control-expose-headers': 'WWW-Authenticate,Server-Authorization',
        'content-type': 'application/json; charset=utf-8' },
     body: { data: [Object] } } }
[2019-12-12T23:28:57.749] [INFO] response - { method: 'GET',
  url: '/api/users/userinfo',
  body: {},
  costTime: 9,
  response: { status: 200,
     message: 'OK',
     header: 
      { vary: 'Origin',
        'access-control-allow-origin': 'http://localhost:8080',
        'access-control-allow-credentials': 'true',
        'access-control-expose-headers': 'WWW-Authenticate,Server-Authorization',
        'content-type': 'application/json; charset=utf-8' },
     body: { data: [Object] } } }
[2019-12-12T23:28:59.530] [INFO] response - { method: 'GET',
  url: '/api/users/userinfo',
  body: {},
  costTime: 9,
  response: { status: 200,
     message: 'OK',
     header: 
      { vary: 'Origin',
        'access-control-allow-origin': 'http://localhost:8080',
        'access-control-allow-credentials': 'true',
        'access-control-expose-headers': 'WWW-Authenticate,Server-Authorization',
        'content-type': 'application/json; charset=utf-8' },
     body: { data: [Object] } } }
[2019-12-12T23:29:48.335] [INFO] response - { method: 'GET',
  url: '/api/users/userinfo',
  body: {},
  costTime: 12,
  response: { status: 200,
     message: 'OK',
     header: 
      { vary: 'Origin',
        'access-control-allow-origin': 'http://localhost:8080',
        'access-control-allow-credentials': 'true',
        'access-control-expose-headers': 'WWW-Authenticate,Server-Authorization',
        'content-type': 'application/json; charset=utf-8' },
     body: { data: [Object] } } }
[2019-12-12T23:29:50.908] [INFO] response - { method: 'GET',
  url: '/api/users/userinfo',
  body: {},
  costTime: 8,
  response: { status: 200,
     message: 'OK',
     header: 
      { vary: 'Origin',
        'access-control-allow-origin': 'http://localhost:8080',
        'access-control-allow-credentials': 'true',
        'access-control-expose-headers': 'WWW-Authenticate,Server-Authorization',
        'content-type': 'application/json; charset=utf-8' },
     body: { data: [Object] } } }
[2019-12-12T23:32:48.826] [INFO] response - { method: 'GET',
  url: '/api/users/userinfo',
  body: {},
  costTime: 66,
  response: { status: 200,
     message: 'OK',
     header: 
      { vary: 'Origin',
        'access-control-allow-origin': 'http://localhost:8080',
        'access-control-allow-credentials': 'true',
        'access-control-expose-headers': 'WWW-Authenticate,Server-Authorization',
        'content-type': 'application/json; charset=utf-8' },
     body: { data: [Object] } } }
[2019-12-12T23:42:41.731] [INFO] response - { method: 'GET',
  url: '/api/users/userinfo',
  body: {},
  costTime: 16,
  response: { status: 200,
     message: 'OK',
     header: 
      { vary: 'Origin',
        'access-control-allow-origin': 'http://localhost:8080',
        'access-control-allow-credentials': 'true',
        'access-control-expose-headers': 'WWW-Authenticate,Server-Authorization',
        'content-type': 'application/json; charset=utf-8' },
     body: { data: [Object] } } }
[2019-12-12T23:42:44.157] [INFO] response - { method: 'GET',
  url: '/api/users/userinfo',
  body: {},
  costTime: 7,
  response: { status: 200,
     message: 'OK',
     header: 
      { vary: 'Origin',
        'access-control-allow-origin': 'http://localhost:8080',
        'access-control-allow-credentials': 'true',
        'access-control-expose-headers': 'WWW-Authenticate,Server-Authorization',
        'content-type': 'application/json; charset=utf-8' },
     body: { data: [Object] } } }
[2019-12-12T23:42:46.300] [INFO] response - { method: 'GET',
  url: '/api/users/userinfo',
  body: {},
  costTime: 10,
  response: { status: 200,
     message: 'OK',
     header: 
      { vary: 'Origin',
        'access-control-allow-origin': 'http://localhost:8080',
        'access-control-allow-credentials': 'true',
        'access-control-expose-headers': 'WWW-Authenticate,Server-Authorization',
        'content-type': 'application/json; charset=utf-8' },
     body: { data: [Object] } } }
[2019-12-12T23:42:49.611] [INFO] response - { method: 'GET',
  url: '/api/users/userinfo',
  body: {},
  costTime: 8,
  response: { status: 200,
     message: 'OK',
     header: 
      { vary: 'Origin',
        'access-control-allow-origin': 'http://localhost:8080',
        'access-control-allow-credentials': 'true',
        'access-control-expose-headers': 'WWW-Authenticate,Server-Authorization',
        'content-type': 'application/json; charset=utf-8' },
     body: { data: [Object] } } }
[2019-12-12T23:44:12.415] [INFO] response - { method: 'GET',
  url: '/api/users/userinfo',
  body: {},
  costTime: 13,
  response: { status: 200,
     message: 'OK',
     header: 
      { vary: 'Origin',
        'access-control-allow-origin': 'http://localhost:8080',
        'access-control-allow-credentials': 'true',
        'access-control-expose-headers': 'WWW-Authenticate,Server-Authorization',
        'content-type': 'application/json; charset=utf-8' },
     body: { data: [Object] } } }
[2019-12-12T23:44:15.154] [INFO] response - { method: 'GET',
  url: '/api/users/userinfo',
  body: {},
  costTime: 7,
  response: { status: 200,
     message: 'OK',
     header: 
      { vary: 'Origin',
        'access-control-allow-origin': 'http://localhost:8080',
        'access-control-allow-credentials': 'true',
        'access-control-expose-headers': 'WWW-Authenticate,Server-Authorization',
        'content-type': 'application/json; charset=utf-8' },
     body: { data: [Object] } } }
[2019-12-12T23:44:28.374] [INFO] response - { method: 'POST',
  url: '/api/users/postlogin',
  body: { user_id: '123', password: '213' },
  costTime: 7,
  response: { status: 200,
     message: 'OK',
     header: 
      { vary: 'Origin',
        'access-control-allow-origin': 'http://localhost:8080',
        'access-control-allow-credentials': 'true',
        'access-control-expose-headers': 'WWW-Authenticate,Server-Authorization',
        'content-type': 'application/json; charset=utf-8' },
     body: { code: -1, data: [Object] } } }
[2019-12-12T23:46:33.594] [INFO] response - { method: 'POST',
  url: '/api/users/postlogin',
  body: { user_id: '1001', password: '123456' },
  costTime: 9,
  response: { status: 200,
     message: 'OK',
     header: 
      { vary: 'Origin',
        'access-control-allow-origin': 'http://localhost:8080',
        'access-control-allow-credentials': 'true',
        'access-control-expose-headers': 'WWW-Authenticate,Server-Authorization',
        'content-type': 'application/json; charset=utf-8' },
     body: { code: 1, data: [Object] } } }
[2019-12-12T23:46:33.849] [INFO] response - { method: 'GET',
  url: '/api/users/userinfo',
  body: {},
  costTime: 12,
  response: { status: 200,
     message: 'OK',
     header: 
      { vary: 'Origin',
        'access-control-allow-origin': 'http://localhost:8080',
        'access-control-allow-credentials': 'true',
        'access-control-expose-headers': 'WWW-Authenticate,Server-Authorization',
        'content-type': 'application/json; charset=utf-8' },
     body: { data: [Object] } } }
[2019-12-12T23:46:42.336] [INFO] response - { method: 'POST',
  url: '/api/users/postlogin',
  body: { user_id: '123', password: '123' },
  costTime: 2,
  response: { status: 200,
     message: 'OK',
     header: 
      { vary: 'Origin',
        'access-control-allow-origin': 'http://localhost:8080',
        'access-control-allow-credentials': 'true',
        'access-control-expose-headers': 'WWW-Authenticate,Server-Authorization',
        'content-type': 'application/json; charset=utf-8' },
     body: { code: -1, data: [Object] } } }
[2019-12-12T23:46:52.857] [INFO] response - { method: 'POST',
  url: '/api/users/postlogin',
  body: { user_id: '1001', password: '123456' },
  costTime: 8,
  response: { status: 200,
     message: 'OK',
     header: 
      { vary: 'Origin',
        'access-control-allow-origin': 'http://localhost:8080',
        'access-control-allow-credentials': 'true',
        'access-control-expose-headers': 'WWW-Authenticate,Server-Authorization',
        'content-type': 'application/json; charset=utf-8' },
     body: { code: 1, data: [Object] } } }
[2019-12-12T23:46:53.111] [INFO] response - { method: 'GET',
  url: '/api/users/userinfo',
  body: {},
  costTime: 10,
  response: { status: 200,
     message: 'OK',
     header: 
      { vary: 'Origin',
        'access-control-allow-origin': 'http://localhost:8080',
        'access-control-allow-credentials': 'true',
        'access-control-expose-headers': 'WWW-Authenticate,Server-Authorization',
        'content-type': 'application/json; charset=utf-8' },
     body: { data: [Object] } } }
[2019-12-12T23:46:59.821] [INFO] response - { method: 'GET',
  url: '/api/users/userinfo',
  body: {},
  costTime: 8,
  response: { status: 200,
     message: 'OK',
     header: 
      { vary: 'Origin',
        'access-control-allow-origin': 'http://localhost:8080',
        'access-control-allow-credentials': 'true',
        'access-control-expose-headers': 'WWW-Authenticate,Server-Authorization',
        'content-type': 'application/json; charset=utf-8' },
     body: { data: [Object] } } }
