[2019-12-07T21:31:25.977] [INFO] response - { method: 'GET',
  url: '/',
  body: {},
  costTime: 120,
  response: { status: 200,
     message: 'OK',
     header: 
      { 'content-type': 'text/html; charset=utf-8',
        'content-length': '286' },
     body: '<!DOCTYPE html>\n<html>\n  <head>\n    <title>Hello Koa 2!</title>\n    <link rel=\'stylesheet\' href=\'/stylesheets/style.css\' />\n  </head>\n  <body>\n    <h1>Hello Koa 2!</h1>\n    <p>EJS Welcome to Hello Koa 2!</p>\n    \n    <p><a href="/users/login">登陆</a></p>\n    \n    \n  </body>\n</html>\n' } }
[2019-12-07T21:31:26.104] [INFO] response - { method: 'GET',
  url: '/favicon.ico',
  body: {},
  costTime: 0,
  response: { status: 404, message: 'Not Found', header: {}, body: undefined } }
[2019-12-07T21:31:27.567] [INFO] response - { method: 'GET',
  url: '/users/login',
  body: {},
  costTime: 55,
  response: { status: 200,
     message: 'OK',
     header: 
      { 'content-type': 'text/html; charset=utf-8',
        'content-length': '1697' },
     body: '<!DOCTYPE html>\n<html>\n<head>\n    <link rel="stylesheet" href=\'/stylesheets/login.css\'>\n    <title>登陆</title>\n</head>\n<body>\n    <div class="header" id="head">\n      <div class="title">XXXX 系统登陆</div>\n    </div>\n          \n    <div class="wrap" id="wrap">\n        <div class="logGet">\n                <!-- 头部提示信息 -->\n                <div class="logD logDtip">\n                    <p class="p1">登录</p>\n                </div>\n                <form action="/users/checkLogin" method="POST">\n                  <!-- 输入框 -->\n                  <div class="lgD">\n                      <input type="text" name="u_id"\n                          placeholder="输入id" />\n                  </div>\n                  <div class="lgD">\n                      <input type="password" name="u_password"\n                          placeholder="输入用户密码" />\n                  </div>\n                  <div class="logC">\n                      <button type="submit">登 录</button>\n                  </div>\n                </form>\n            </div>\n      </div>\n      <div class="footer" id="foot">\n        <div class="copyright">\n          <p>Copyright © 2019 huaruan.com Inc. All Rights Reserved.</p>\n          <div class="img">\n              <i class="icon"></i><span>联系邮箱：123123@sise.com</span>\n          </div>\n          \n          <div class="img">\n              <i class="icon1"></i><span>联系地址：广州大学华软软件学院</span>\n          </div>\n            \n          <div class="img">\n            <i class="icon2"></i><span>联系电话：12345678</span>\n          </div>\n       \n       \n        </div>\n          \n      </div>\n</body>\n</html>' } }
[2019-12-07T21:31:34.846] [INFO] response - { method: 'POST',
  url: '/users/checkLogin',
  body: { u_id: '1001', u_password: '123456' },
  costTime: 301,
  response: { status: 302,
     message: 'Found',
     header: 
      { location: '/',
        'content-type': 'text/html; charset=utf-8',
        'content-length': '33' },
     body: 'Redirecting to <a href="/">/</a>.' } }
[2019-12-07T21:31:34.857] [INFO] response - { method: 'GET',
  url: '/',
  body: {},
  costTime: 3,
  response: { status: 200,
     message: 'OK',
     header: 
      { 'content-type': 'text/html; charset=utf-8',
        'content-length': '608' },
     body: '<!DOCTYPE html>\n<html>\n  <head>\n    <title>Hello Koa 2!</title>\n    <link rel=\'stylesheet\' href=\'/stylesheets/style.css\' />\n  </head>\n  <body>\n    <h1>Hello Koa 2!</h1>\n    <p>EJS Welcome to Hello Koa 2!</p>\n    \n    <p><a href="/users/logout">注销</a></p>\n    <p>用户名：琪琪</p>\n    \n    \n    <p><a href="/user/message">用户信息管理</a></p>\n    <p><a href="/class/classroom_message">教室信息管理</a></p>\n    <p><a href="/class/classroom_occupyMessage">教室占用情况</a></p>\n    <p><a href="/classtable/classtable_message">教室申请表信息管理</a></p>\n    \n  </body>\n</html>\n' } }
[2019-12-07T21:31:47.644] [INFO] response - { method: 'GET',
  url: '/user/message',
  body: {},
  costTime: 85,
  response: { status: 200,
     message: 'OK',
     header: 
      { 'content-type': 'text/html; charset=utf-8',
        'content-length': '3261' },
     body: '<!DOCTYPE html>\r\n<html lang="en">\r\n\r\n<head>\r\n    <meta charset="UTF-8">\r\n    <meta name="viewport" content="width=device-width, initial-scale=1.0">\r\n    <meta http-equiv="X-UA-Compatible" content="ie=edge">\r\n\r\n    <title>用户信息管理</title>\r\n</head>\r\n\r\n<body>\r\n    <div id="container">\r\n        <div class="title">用户信息管理</div>\r\n        <div class="table">\r\n            <table border="1px solid" style="text-align: center;">\r\n                <thead>\r\n                    <td>序号</td>\r\n                    <td>学号/工号</td>\r\n                    <td>用户姓名</td>\r\n                    <td>用户身份</td>\r\n                    <td>操作</td>\r\n                </thead>\r\n                <tbody>\r\n                    \r\n                    <tr>\r\n                        <td>1</td>\r\n                        <td>1002</td>\r\n                        <td>张三</td>\r\n                        <td>\r\n                            学生\r\n                            \r\n                        </td>\r\n                        <td><a href="/user/message/delect/1002">删除</td>\r\n                        <td><a href="/user/message/edit/1002">编辑</td>\r\n                    </tr>\r\n                    \r\n                    <tr>\r\n                        <td>2</td>\r\n                        <td>1001</td>\r\n                        <td>琪琪</td>\r\n                        <td>\r\n                            老师\r\n                            \r\n                        </td>\r\n                        <td><a href="/user/message/delect/1001">删除</td>\r\n                        <td><a href="/user/message/edit/1001">编辑</td>\r\n                    </tr>\r\n                    \r\n                    <tr>\r\n                        <td>3</td>\r\n                        <td>1003</td>\r\n                        <td>王五</td>\r\n                        <td>\r\n                            学生\r\n                            \r\n                        </td>\r\n                        <td><a href="/user/message/delect/1003">删除</td>\r\n                        <td><a href="/user/message/edit/1003">编辑</td>\r\n                    </tr>\r\n                    \r\n                </tbody>\r\n            </table>\r\n        </div>\r\n        <p></p>\r\n        <div class="adduser">\r\n            <div>添加用户</div>\r\n            <br>\r\n            <form action="/user/message/sent" method="POST">\r\n                学号或工号：<input type="text" name="u_id" placeholder="学号或工号" required>\r\n                <br></br>\r\n                用户名字：<input type="text" name="u_name" placeholder="用户姓名" required>\r\n                <br></br>\r\n                <label for="u_role">角色:</label>\r\n                <select name="u_role" required>\r\n                    <option value=""></option>\r\n                    <option value="1">学生</option>\r\n                    <option value="2">老师</option>\r\n                </select>\r\n                <br></br>\r\n                密码：<input type="password" name="u_password" placeholder="用户密码" required>\r\n                <br></br>\r\n                <button type="submit">提交</button> <button type="reset">重置</button>\r\n            </form>\r\n        </div>\r\n\r\n\r\n    </div>\r\n    \r\n</body>\r\n\r\n</html>' } }
[2019-12-07T21:31:49.931] [INFO] response - { method: 'GET',
  url: '/class/classroom_message',
  body: {},
  costTime: 107,
  response: { status: 200,
     message: 'OK',
     header: 
      { 'content-type': 'text/html; charset=utf-8',
        'content-length': '4336' },
     body: '<!DOCTYPE html>\r\n<html lang="en">\r\n\r\n<head>\r\n    <meta charset="UTF-8">\r\n    <meta name="viewport" content="width=device-width, initial-scale=1.0">\r\n    <meta http-equiv="X-UA-Compatible" content="ie=edge">\r\n\r\n    <title>教室信息管理</title>\r\n</head>\r\n\r\n<body>\r\n    <div id="container">\r\n        <div class="title">教室信息管理</div>\r\n        <div class="table">\r\n            <table border="1px solid" style="text-align: center;">\r\n                <thead>\r\n                    <td>教室ID</td>\r\n                    <td>教室名称</td>\r\n                    <td>容纳人数</td>\r\n                    <td>是否可用</td>\r\n                    <td>是否拥有多媒体</td>\r\n                    <td>教室地点</td>\r\n                    <td>操作</td>\r\n                </thead>\r\n                <tbody>\r\n                    \r\n                    <tr>\r\n                        <td>101</td>\r\n                        <td>U101</td>\r\n                        <td>60</td>\r\n                        <td>\r\n                            空闲\r\n                            \r\n                        </td>\r\n                         <td>\r\n                            无\r\n                            \r\n                        </td>\r\n                        <td>S2楼</td>\r\n                        <td><a href="/class/classroom_message/delect/101">删除</td>\r\n                        <td><a href="/class/class_edit/edit/101">编辑</td>\r\n                    </tr>\r\n                    \r\n                    <tr>\r\n                        <td>102</td>\r\n                        <td>U102</td>\r\n                        <td>60</td>\r\n                        <td>\r\n                            空闲\r\n                            \r\n                        </td>\r\n                         <td>\r\n                            无\r\n                            \r\n                        </td>\r\n                        <td>S2楼</td>\r\n                        <td><a href="/class/classroom_message/delect/102">删除</td>\r\n                        <td><a href="/class/class_edit/edit/102">编辑</td>\r\n                    </tr>\r\n                    \r\n                    <tr>\r\n                        <td>103</td>\r\n                        <td>U103</td>\r\n                        <td>50</td>\r\n                        <td>\r\n                            空闲\r\n                            \r\n                        </td>\r\n                         <td>\r\n                            有\r\n                            \r\n                        </td>\r\n                        <td>S2楼</td>\r\n                        <td><a href="/class/classroom_message/delect/103">删除</td>\r\n                        <td><a href="/class/class_edit/edit/103">编辑</td>\r\n                    </tr>\r\n                    \r\n                </tbody>\r\n            </table>\r\n        </div>\r\n\r\n        <p></p>\r\n        <div class="adduser">\r\n            <div>添加教室</div>\r\n            <br>\r\n            <form action="/class/classroom_message/add" method="POST">\r\n                教室ID：<input type="text" name="c_id" placeholder="教室ID" required>\r\n                <br></br>\r\n                教室名称：<input type="text" name="c_name" placeholder="教室名称" required>\r\n                <br></br>\r\n                容纳人数：<input type="text" name="c_person" placeholder="容纳人数" required>\r\n                <br></br>\r\n                <label for="c_use">是否可用:</label>\r\n                <select name="c_use" required>\r\n                    <option value=""></option>\r\n                    <option value="0">被占用</option>\r\n                    <option value="1">空闲</option>\r\n                </select>\r\n                <br></br>\r\n                <label for="c_media">是否拥有多媒体:</label>\r\n                <select name="c_media" required>\r\n                <option value=""></option>\r\n                <option value="0">无</option>\r\n                <option value="1">有</option>\r\n                </select>\r\n                <br></br>\r\n                教室地点：<input type="text" name="c_position" placeholder="教室地点" required>\r\n                <br></br>\r\n                <button type="submit">提交</button> <button type="reset">重置</button>\r\n            </form>\r\n        </div>\r\n\r\n\r\n    </div>\r\n    \r\n</body>\r\n\r\n</html>' } }
[2019-12-07T21:31:51.857] [INFO] response - { method: 'GET',
  url: '/class/classroom_occupyMessage',
  body: {},
  costTime: 90,
  response: { status: 200,
     message: 'OK',
     header: 
      { 'content-type': 'text/html; charset=utf-8',
        'content-length': '2469' },
     body: '<!DOCTYPE html>\r\n<html lang="en">\r\n\r\n<head>\r\n    <meta charset="UTF-8">\r\n    <meta name="viewport" content="width=device-width, initial-scale=1.0">\r\n    <meta http-equiv="X-UA-Compatible" content="ie=edge">\r\n\r\n    <title>教室占用情况</title>\r\n</head>\r\n\r\n<body>\r\n\r\n    <input type="date">\r\n\r\n    <div id="container">\r\n        <div class="title">教室占用情况</div>\r\n        <div class="table">\r\n            <table border="1px solid" style="text-align: center;">\r\n                <thead>\r\n                    <td>占用表ID</td>\r\n                    <td>教室名称</td>\r\n                    <td>容纳人数</td>\r\n                    <td>是否拥有多媒体</td>\r\n                    <td>教室占用开始时间</td>\r\n                    <td>教室占用结束时间</td>\r\n                    <td>操作</td>\r\n                </thead>\r\n                <tbody>\r\n                    \r\n                </tbody>\r\n            </table>\r\n        </div>\r\n\r\n        <!-- <p></p>\r\n        <div class="adduser">\r\n            <div>添加教室</div>\r\n            <br>\r\n            <form action="/class/classroom_message/add" method="POST">\r\n                教室ID：<input type="text" name="c_id" placeholder="教室ID" required>\r\n                <br></br>\r\n                教室名称：<input type="text" name="c_name" placeholder="教室名称" required>\r\n                <br></br>\r\n                容纳人数：<input type="text" name="c_person" placeholder="容纳人数" required>\r\n                <br></br>\r\n                <label for="c_use">是否可用:</label>\r\n                <select name="c_use" required>\r\n                    <option value=""></option>\r\n                    <option value="0">被占用</option>\r\n                    <option value="1">空闲</option>\r\n                </select>\r\n                <br></br>\r\n                <label for="c_media">是否拥有多媒体:</label>\r\n                <select name="c_media" required>\r\n                <option value=""></option>\r\n                <option value="0">无</option>\r\n                <option value="1">有</option>\r\n                </select>\r\n                <br></br>\r\n                教室地点：<input type="text" name="c_position" placeholder="教室地点" required>\r\n                <br></br>\r\n                <button type="submit">提交</button> <button type="reset">重置</button>\r\n            </form>\r\n        </div> -->\r\n\r\n\r\n    </div>\r\n    \r\n    \r\n</body>\r\n\r\n</html>' } }
[2019-12-07T21:31:54.942] [INFO] response - { method: 'GET',
  url: '/classtable/classtable_message',
  body: {},
  costTime: 203,
  response: { status: 200,
     message: 'OK',
     header: 
      { 'content-type': 'text/html; charset=utf-8',
        'content-length': '4067' },
     body: '<!DOCTYPE html>\r\n<html lang="en">\r\n\r\n<head>\r\n    <meta charset="UTF-8">\r\n    <meta name="viewport" content="width=device-width, initial-scale=1.0">\r\n    <meta http-equiv="X-UA-Compatible" content="ie=edge">\r\n\r\n    <title>教室申请表信息管理</title>\r\n</head>\r\n\r\n<body>\r\n    <div id="container">\r\n                <br></br>\r\n                <a href="/class/classroom_message">查看教室使用情况</a>\r\n                <a href="/class/classroom_occupyMessage">查看教室占用情况</a>\r\n                <br></br>\r\n        <div class="title">教室申请表信息管理</div>\r\n        <div class="table">\r\n            <table border="1px solid" style="text-align: center;">\r\n                <thead>\r\n                    <td>申请表ID</td>\r\n                    <td>申请人姓名</td>\r\n                    <td>手机号码</td>\r\n                    <td>参加人数</td>\r\n                    <td>是否需要多媒体</td>\r\n                    <td>使用教室原因</td>\r\n                    <td>申请教室时间</td>\r\n                    <td>使用教室开始时间</td>\r\n                    <td>使用教室结束时间</td>\r\n                    <td>审核结果</td>\r\n                    <td>分配的教室名称</td>\r\n                    <td>审批人姓名</td>\r\n                    <td>操作</td>\r\n                </thead>\r\n                <tbody>\r\n                    \r\n                    <tr>\r\n                        <td>4</td>\r\n                        <td>张三</td>\r\n                        <td>123456</td>\r\n                        <td>45</td>\r\n                        <td>\r\n                            不需要\r\n                            \r\n                            </td>\r\n                        <td>开会需要</td>\r\n                        <td>2019-12-02 16:00:00</td>\r\n                        <td>2019-12-03 19:00:00</td>\r\n                        <td>2019-12-03 20:00:00</td>\r\n                        <td></td>\r\n                        <td></td>\r\n                        <td></td>\r\n                        <td><a href=\'/classtable/class_assign/4\'>审批教室</td>\r\n                        <td><a href=\'/classtable/class_assign_cancel/4\'>取消审批</td>\r\n                        <td><a href="/classtable/delect/4">删除</td>\r\n                    </tr>\r\n                    \r\n                </tbody>\r\n            </table>\r\n        </div>\r\n\r\n        <p></p>\r\n        <div class="adduser">\r\n            <div>添加教室申请表</div>\r\n            <br>\r\n            <form action="/classtable/classtable_message/add" method="POST">\r\n                申请人姓名：<input type="text" name="t_name" placeholder="申请人姓名" required>\r\n                <br></br>\r\n                手机号码：<input type="text" name="t_contact" placeholder="手机号码" required>\r\n                <br></br>\r\n                参加人数：<input type="text" name="t_joinPeople" placeholder="参加人数" required>\r\n                <br></br>\r\n                使用教室原因：<input type="text" name="t_useReason" placeholder="使用教室原因" required>\r\n                <br></br>\r\n                申请教室时间：<input type="text" name="t_time" placeholder="申请教室时间" required>\r\n                <br></br>\r\n                使用教室开始时间：<input type="text" name="t_useTime" placeholder="使用教室开始时间" required>\r\n                <br></br>\r\n                使用教室结束时间：<input type="text" name="t_endTime" placeholder="使用教室结束时间" required>\r\n                <br></br>\r\n                <label for="t_media">是否需要多媒体:</label>\r\n                <select name="t_media" required>\r\n                <option value=""></option>\r\n                <option value="0">不需要</option>\r\n                <option value="1">需要</option>\r\n                </select>\r\n                <br></br>\r\n                <button type="submit">提交</button> <button type="reset">重置</button>\r\n            </form>\r\n        </div>\r\n\r\n\r\n    </div>\r\n    \r\n</body>\r\n\r\n</html>' } }
[2019-12-07T21:31:58.012] [INFO] response - { method: 'GET',
  url: '/class/classroom_occupyMessage',
  body: {},
  costTime: 221,
  response: { status: 200,
     message: 'OK',
     header: 
      { 'content-type': 'text/html; charset=utf-8',
        'content-length': '2469' },
     body: '<!DOCTYPE html>\r\n<html lang="en">\r\n\r\n<head>\r\n    <meta charset="UTF-8">\r\n    <meta name="viewport" content="width=device-width, initial-scale=1.0">\r\n    <meta http-equiv="X-UA-Compatible" content="ie=edge">\r\n\r\n    <title>教室占用情况</title>\r\n</head>\r\n\r\n<body>\r\n\r\n    <input type="date">\r\n\r\n    <div id="container">\r\n        <div class="title">教室占用情况</div>\r\n        <div class="table">\r\n            <table border="1px solid" style="text-align: center;">\r\n                <thead>\r\n                    <td>占用表ID</td>\r\n                    <td>教室名称</td>\r\n                    <td>容纳人数</td>\r\n                    <td>是否拥有多媒体</td>\r\n                    <td>教室占用开始时间</td>\r\n                    <td>教室占用结束时间</td>\r\n                    <td>操作</td>\r\n                </thead>\r\n                <tbody>\r\n                    \r\n                </tbody>\r\n            </table>\r\n        </div>\r\n\r\n        <!-- <p></p>\r\n        <div class="adduser">\r\n            <div>添加教室</div>\r\n            <br>\r\n            <form action="/class/classroom_message/add" method="POST">\r\n                教室ID：<input type="text" name="c_id" placeholder="教室ID" required>\r\n                <br></br>\r\n                教室名称：<input type="text" name="c_name" placeholder="教室名称" required>\r\n                <br></br>\r\n                容纳人数：<input type="text" name="c_person" placeholder="容纳人数" required>\r\n                <br></br>\r\n                <label for="c_use">是否可用:</label>\r\n                <select name="c_use" required>\r\n                    <option value=""></option>\r\n                    <option value="0">被占用</option>\r\n                    <option value="1">空闲</option>\r\n                </select>\r\n                <br></br>\r\n                <label for="c_media">是否拥有多媒体:</label>\r\n                <select name="c_media" required>\r\n                <option value=""></option>\r\n                <option value="0">无</option>\r\n                <option value="1">有</option>\r\n                </select>\r\n                <br></br>\r\n                教室地点：<input type="text" name="c_position" placeholder="教室地点" required>\r\n                <br></br>\r\n                <button type="submit">提交</button> <button type="reset">重置</button>\r\n            </form>\r\n        </div> -->\r\n\r\n\r\n    </div>\r\n    \r\n    \r\n</body>\r\n\r\n</html>' } }
[2019-12-07T21:31:59.541] [INFO] response - { method: 'GET',
  url: '/class/classroom_message',
  body: {},
  costTime: 67,
  response: { status: 200,
     message: 'OK',
     header: 
      { 'content-type': 'text/html; charset=utf-8',
        'content-length': '4336' },
     body: '<!DOCTYPE html>\r\n<html lang="en">\r\n\r\n<head>\r\n    <meta charset="UTF-8">\r\n    <meta name="viewport" content="width=device-width, initial-scale=1.0">\r\n    <meta http-equiv="X-UA-Compatible" content="ie=edge">\r\n\r\n    <title>教室信息管理</title>\r\n</head>\r\n\r\n<body>\r\n    <div id="container">\r\n        <div class="title">教室信息管理</div>\r\n        <div class="table">\r\n            <table border="1px solid" style="text-align: center;">\r\n                <thead>\r\n                    <td>教室ID</td>\r\n                    <td>教室名称</td>\r\n                    <td>容纳人数</td>\r\n                    <td>是否可用</td>\r\n                    <td>是否拥有多媒体</td>\r\n                    <td>教室地点</td>\r\n                    <td>操作</td>\r\n                </thead>\r\n                <tbody>\r\n                    \r\n                    <tr>\r\n                        <td>101</td>\r\n                        <td>U101</td>\r\n                        <td>60</td>\r\n                        <td>\r\n                            空闲\r\n                            \r\n                        </td>\r\n                         <td>\r\n                            无\r\n                            \r\n                        </td>\r\n                        <td>S2楼</td>\r\n                        <td><a href="/class/classroom_message/delect/101">删除</td>\r\n                        <td><a href="/class/class_edit/edit/101">编辑</td>\r\n                    </tr>\r\n                    \r\n                    <tr>\r\n                        <td>102</td>\r\n                        <td>U102</td>\r\n                        <td>60</td>\r\n                        <td>\r\n                            空闲\r\n                            \r\n                        </td>\r\n                         <td>\r\n                            无\r\n                            \r\n                        </td>\r\n                        <td>S2楼</td>\r\n                        <td><a href="/class/classroom_message/delect/102">删除</td>\r\n                        <td><a href="/class/class_edit/edit/102">编辑</td>\r\n                    </tr>\r\n                    \r\n                    <tr>\r\n                        <td>103</td>\r\n                        <td>U103</td>\r\n                        <td>50</td>\r\n                        <td>\r\n                            空闲\r\n                            \r\n                        </td>\r\n                         <td>\r\n                            有\r\n                            \r\n                        </td>\r\n                        <td>S2楼</td>\r\n                        <td><a href="/class/classroom_message/delect/103">删除</td>\r\n                        <td><a href="/class/class_edit/edit/103">编辑</td>\r\n                    </tr>\r\n                    \r\n                </tbody>\r\n            </table>\r\n        </div>\r\n\r\n        <p></p>\r\n        <div class="adduser">\r\n            <div>添加教室</div>\r\n            <br>\r\n            <form action="/class/classroom_message/add" method="POST">\r\n                教室ID：<input type="text" name="c_id" placeholder="教室ID" required>\r\n                <br></br>\r\n                教室名称：<input type="text" name="c_name" placeholder="教室名称" required>\r\n                <br></br>\r\n                容纳人数：<input type="text" name="c_person" placeholder="容纳人数" required>\r\n                <br></br>\r\n                <label for="c_use">是否可用:</label>\r\n                <select name="c_use" required>\r\n                    <option value=""></option>\r\n                    <option value="0">被占用</option>\r\n                    <option value="1">空闲</option>\r\n                </select>\r\n                <br></br>\r\n                <label for="c_media">是否拥有多媒体:</label>\r\n                <select name="c_media" required>\r\n                <option value=""></option>\r\n                <option value="0">无</option>\r\n                <option value="1">有</option>\r\n                </select>\r\n                <br></br>\r\n                教室地点：<input type="text" name="c_position" placeholder="教室地点" required>\r\n                <br></br>\r\n                <button type="submit">提交</button> <button type="reset">重置</button>\r\n            </form>\r\n        </div>\r\n\r\n\r\n    </div>\r\n    \r\n</body>\r\n\r\n</html>' } }
