[2019-12-08T23:33:44.330] [INFO] response - { method: 'GET',
  url: '/user/message/delect/1003',
  body: {},
  costTime: 2,
  response: { status: 302,
     message: 'Found',
     header: 
      { location: '/user/message',
        'content-type': 'text/html; charset=utf-8',
        'content-length': '57' },
     body: 'Redirecting to <a href="/user/message">/user/message</a>.' } }
[2019-12-08T23:33:44.447] [INFO] response - { method: 'GET',
  url: '/user/message',
  body: {},
  costTime: 71,
  response: { status: 200,
     message: 'OK',
     header: 
      { 'content-type': 'text/html; charset=utf-8',
        'content-length': '3261' },
     body: '<!DOCTYPE html>\r\n<html lang="en">\r\n\r\n<head>\r\n    <meta charset="UTF-8">\r\n    <meta name="viewport" content="width=device-width, initial-scale=1.0">\r\n    <meta http-equiv="X-UA-Compatible" content="ie=edge">\r\n\r\n    <title>用户信息管理</title>\r\n</head>\r\n\r\n<body>\r\n    <div id="container">\r\n        <div class="title">用户信息管理</div>\r\n        <div class="table">\r\n            <table border="1px solid" style="text-align: center;">\r\n                <thead>\r\n                    <td>序号</td>\r\n                    <td>学号/工号</td>\r\n                    <td>用户姓名</td>\r\n                    <td>用户身份</td>\r\n                    <td>操作</td>\r\n                </thead>\r\n                <tbody>\r\n                    \r\n                    <tr>\r\n                        <td>1</td>\r\n                        <td>1001</td>\r\n                        <td>张三</td>\r\n                        <td>\r\n                            学生\r\n                            \r\n                        </td>\r\n                        <td><a href="/user/message/delect/1001">删除</td>\r\n                        <td><a href="/user/message/edit/1001">编辑</td>\r\n                    </tr>\r\n                    \r\n                    <tr>\r\n                        <td>2</td>\r\n                        <td>1002</td>\r\n                        <td>李四</td>\r\n                        <td>\r\n                            老师\r\n                            \r\n                        </td>\r\n                        <td><a href="/user/message/delect/1002">删除</td>\r\n                        <td><a href="/user/message/edit/1002">编辑</td>\r\n                    </tr>\r\n                    \r\n                    <tr>\r\n                        <td>3</td>\r\n                        <td>1004</td>\r\n                        <td>张三</td>\r\n                        <td>\r\n                            学生\r\n                            \r\n                        </td>\r\n                        <td><a href="/user/message/delect/1004">删除</td>\r\n                        <td><a href="/user/message/edit/1004">编辑</td>\r\n                    </tr>\r\n                    \r\n                </tbody>\r\n            </table>\r\n        </div>\r\n        <p></p>\r\n        <div class="adduser">\r\n            <div>添加用户</div>\r\n            <br>\r\n            <form action="/user/message/sent" method="POST">\r\n                学号或工号：<input type="text" name="u_id" placeholder="学号或工号" required>\r\n                <br></br>\r\n                用户名字：<input type="text" name="u_name" placeholder="用户姓名" required>\r\n                <br></br>\r\n                <label for="u_role">角色:</label>\r\n                <select name="u_role" required>\r\n                    <option value=""></option>\r\n                    <option value="1">学生</option>\r\n                    <option value="2">老师</option>\r\n                </select>\r\n                <br></br>\r\n                密码：<input type="password" name="u_password" placeholder="用户密码" required>\r\n                <br></br>\r\n                <button type="submit">提交</button> <button type="reset">重置</button>\r\n            </form>\r\n        </div>\r\n\r\n\r\n    </div>\r\n    \r\n</body>\r\n\r\n</html>' } }
[2019-12-08T23:33:45.706] [INFO] response - { method: 'GET',
  url: '/user/message/delect/1002',
  body: {},
  costTime: 1,
  response: { status: 302,
     message: 'Found',
     header: 
      { location: '/user/message',
        'content-type': 'text/html; charset=utf-8',
        'content-length': '57' },
     body: 'Redirecting to <a href="/user/message">/user/message</a>.' } }
[2019-12-08T23:33:45.742] [INFO] response - { method: 'GET',
  url: '/user/message',
  body: {},
  costTime: 4,
  response: { status: 200,
     message: 'OK',
     header: 
      { 'content-type': 'text/html; charset=utf-8',
        'content-length': '2791' },
     body: '<!DOCTYPE html>\r\n<html lang="en">\r\n\r\n<head>\r\n    <meta charset="UTF-8">\r\n    <meta name="viewport" content="width=device-width, initial-scale=1.0">\r\n    <meta http-equiv="X-UA-Compatible" content="ie=edge">\r\n\r\n    <title>用户信息管理</title>\r\n</head>\r\n\r\n<body>\r\n    <div id="container">\r\n        <div class="title">用户信息管理</div>\r\n        <div class="table">\r\n            <table border="1px solid" style="text-align: center;">\r\n                <thead>\r\n                    <td>序号</td>\r\n                    <td>学号/工号</td>\r\n                    <td>用户姓名</td>\r\n                    <td>用户身份</td>\r\n                    <td>操作</td>\r\n                </thead>\r\n                <tbody>\r\n                    \r\n                    <tr>\r\n                        <td>1</td>\r\n                        <td>1001</td>\r\n                        <td>张三</td>\r\n                        <td>\r\n                            学生\r\n                            \r\n                        </td>\r\n                        <td><a href="/user/message/delect/1001">删除</td>\r\n                        <td><a href="/user/message/edit/1001">编辑</td>\r\n                    </tr>\r\n                    \r\n                    <tr>\r\n                        <td>2</td>\r\n                        <td>1004</td>\r\n                        <td>张三</td>\r\n                        <td>\r\n                            学生\r\n                            \r\n                        </td>\r\n                        <td><a href="/user/message/delect/1004">删除</td>\r\n                        <td><a href="/user/message/edit/1004">编辑</td>\r\n                    </tr>\r\n                    \r\n                </tbody>\r\n            </table>\r\n        </div>\r\n        <p></p>\r\n        <div class="adduser">\r\n            <div>添加用户</div>\r\n            <br>\r\n            <form action="/user/message/sent" method="POST">\r\n                学号或工号：<input type="text" name="u_id" placeholder="学号或工号" required>\r\n                <br></br>\r\n                用户名字：<input type="text" name="u_name" placeholder="用户姓名" required>\r\n                <br></br>\r\n                <label for="u_role">角色:</label>\r\n                <select name="u_role" required>\r\n                    <option value=""></option>\r\n                    <option value="1">学生</option>\r\n                    <option value="2">老师</option>\r\n                </select>\r\n                <br></br>\r\n                密码：<input type="password" name="u_password" placeholder="用户密码" required>\r\n                <br></br>\r\n                <button type="submit">提交</button> <button type="reset">重置</button>\r\n            </form>\r\n        </div>\r\n\r\n\r\n    </div>\r\n    \r\n</body>\r\n\r\n</html>' } }
[2019-12-08T23:33:46.163] [INFO] response - { method: 'GET',
  url: '/user/message/delect/1001',
  body: {},
  costTime: 1,
  response: { status: 302,
     message: 'Found',
     header: 
      { location: '/user/message',
        'content-type': 'text/html; charset=utf-8',
        'content-length': '57' },
     body: 'Redirecting to <a href="/user/message">/user/message</a>.' } }
[2019-12-08T23:33:46.222] [INFO] response - { method: 'GET',
  url: '/user/message',
  body: {},
  costTime: 5,
  response: { status: 200,
     message: 'OK',
     header: 
      { 'content-type': 'text/html; charset=utf-8',
        'content-length': '2321' },
     body: '<!DOCTYPE html>\r\n<html lang="en">\r\n\r\n<head>\r\n    <meta charset="UTF-8">\r\n    <meta name="viewport" content="width=device-width, initial-scale=1.0">\r\n    <meta http-equiv="X-UA-Compatible" content="ie=edge">\r\n\r\n    <title>用户信息管理</title>\r\n</head>\r\n\r\n<body>\r\n    <div id="container">\r\n        <div class="title">用户信息管理</div>\r\n        <div class="table">\r\n            <table border="1px solid" style="text-align: center;">\r\n                <thead>\r\n                    <td>序号</td>\r\n                    <td>学号/工号</td>\r\n                    <td>用户姓名</td>\r\n                    <td>用户身份</td>\r\n                    <td>操作</td>\r\n                </thead>\r\n                <tbody>\r\n                    \r\n                    <tr>\r\n                        <td>1</td>\r\n                        <td>1004</td>\r\n                        <td>张三</td>\r\n                        <td>\r\n                            学生\r\n                            \r\n                        </td>\r\n                        <td><a href="/user/message/delect/1004">删除</td>\r\n                        <td><a href="/user/message/edit/1004">编辑</td>\r\n                    </tr>\r\n                    \r\n                </tbody>\r\n            </table>\r\n        </div>\r\n        <p></p>\r\n        <div class="adduser">\r\n            <div>添加用户</div>\r\n            <br>\r\n            <form action="/user/message/sent" method="POST">\r\n                学号或工号：<input type="text" name="u_id" placeholder="学号或工号" required>\r\n                <br></br>\r\n                用户名字：<input type="text" name="u_name" placeholder="用户姓名" required>\r\n                <br></br>\r\n                <label for="u_role">角色:</label>\r\n                <select name="u_role" required>\r\n                    <option value=""></option>\r\n                    <option value="1">学生</option>\r\n                    <option value="2">老师</option>\r\n                </select>\r\n                <br></br>\r\n                密码：<input type="password" name="u_password" placeholder="用户密码" required>\r\n                <br></br>\r\n                <button type="submit">提交</button> <button type="reset">重置</button>\r\n            </form>\r\n        </div>\r\n\r\n\r\n    </div>\r\n    \r\n</body>\r\n\r\n</html>' } }
[2019-12-08T23:33:48.201] [INFO] response - { method: 'GET',
  url: '/user/message/delect/1004',
  body: {},
  costTime: 1,
  response: { status: 302,
     message: 'Found',
     header: 
      { location: '/user/message',
        'content-type': 'text/html; charset=utf-8',
        'content-length': '57' },
     body: 'Redirecting to <a href="/user/message">/user/message</a>.' } }
[2019-12-08T23:33:48.235] [INFO] response - { method: 'GET',
  url: '/user/message',
  body: {},
  costTime: 5,
  response: { status: 200,
     message: 'OK',
     header: 
      { 'content-type': 'text/html; charset=utf-8',
        'content-length': '1851' },
     body: '<!DOCTYPE html>\r\n<html lang="en">\r\n\r\n<head>\r\n    <meta charset="UTF-8">\r\n    <meta name="viewport" content="width=device-width, initial-scale=1.0">\r\n    <meta http-equiv="X-UA-Compatible" content="ie=edge">\r\n\r\n    <title>用户信息管理</title>\r\n</head>\r\n\r\n<body>\r\n    <div id="container">\r\n        <div class="title">用户信息管理</div>\r\n        <div class="table">\r\n            <table border="1px solid" style="text-align: center;">\r\n                <thead>\r\n                    <td>序号</td>\r\n                    <td>学号/工号</td>\r\n                    <td>用户姓名</td>\r\n                    <td>用户身份</td>\r\n                    <td>操作</td>\r\n                </thead>\r\n                <tbody>\r\n                    \r\n                </tbody>\r\n            </table>\r\n        </div>\r\n        <p></p>\r\n        <div class="adduser">\r\n            <div>添加用户</div>\r\n            <br>\r\n            <form action="/user/message/sent" method="POST">\r\n                学号或工号：<input type="text" name="u_id" placeholder="学号或工号" required>\r\n                <br></br>\r\n                用户名字：<input type="text" name="u_name" placeholder="用户姓名" required>\r\n                <br></br>\r\n                <label for="u_role">角色:</label>\r\n                <select name="u_role" required>\r\n                    <option value=""></option>\r\n                    <option value="1">学生</option>\r\n                    <option value="2">老师</option>\r\n                </select>\r\n                <br></br>\r\n                密码：<input type="password" name="u_password" placeholder="用户密码" required>\r\n                <br></br>\r\n                <button type="submit">提交</button> <button type="reset">重置</button>\r\n            </form>\r\n        </div>\r\n\r\n\r\n    </div>\r\n    \r\n</body>\r\n\r\n</html>' } }
[2019-12-08T23:34:07.606] [INFO] response - { method: 'POST',
  url: '/user/message/sent',
  body: 
   { u_id: '1001',
     u_name: '张三',
     u_role: '1',
     u_password: 'f19567018163d406f0e737d9e5b114f1',
     solt: 'd8cc5ce7-6e0f-4aab-bf17-647701781584' },
  costTime: 71,
  response: { status: 302,
     message: 'Found',
     header: 
      { location: '/user/message',
        'content-type': 'text/html; charset=utf-8',
        'content-length': '57' },
     body: 'Redirecting to <a href="/user/message">/user/message</a>.' } }
[2019-12-08T23:34:07.677] [INFO] response - { method: 'GET',
  url: '/user/message',
  body: {},
  costTime: 38,
  response: { status: 200,
     message: 'OK',
     header: 
      { 'content-type': 'text/html; charset=utf-8',
        'content-length': '2321' },
     body: '<!DOCTYPE html>\r\n<html lang="en">\r\n\r\n<head>\r\n    <meta charset="UTF-8">\r\n    <meta name="viewport" content="width=device-width, initial-scale=1.0">\r\n    <meta http-equiv="X-UA-Compatible" content="ie=edge">\r\n\r\n    <title>用户信息管理</title>\r\n</head>\r\n\r\n<body>\r\n    <div id="container">\r\n        <div class="title">用户信息管理</div>\r\n        <div class="table">\r\n            <table border="1px solid" style="text-align: center;">\r\n                <thead>\r\n                    <td>序号</td>\r\n                    <td>学号/工号</td>\r\n                    <td>用户姓名</td>\r\n                    <td>用户身份</td>\r\n                    <td>操作</td>\r\n                </thead>\r\n                <tbody>\r\n                    \r\n                    <tr>\r\n                        <td>1</td>\r\n                        <td>1001</td>\r\n                        <td>张三</td>\r\n                        <td>\r\n                            学生\r\n                            \r\n                        </td>\r\n                        <td><a href="/user/message/delect/1001">删除</td>\r\n                        <td><a href="/user/message/edit/1001">编辑</td>\r\n                    </tr>\r\n                    \r\n                </tbody>\r\n            </table>\r\n        </div>\r\n        <p></p>\r\n        <div class="adduser">\r\n            <div>添加用户</div>\r\n            <br>\r\n            <form action="/user/message/sent" method="POST">\r\n                学号或工号：<input type="text" name="u_id" placeholder="学号或工号" required>\r\n                <br></br>\r\n                用户名字：<input type="text" name="u_name" placeholder="用户姓名" required>\r\n                <br></br>\r\n                <label for="u_role">角色:</label>\r\n                <select name="u_role" required>\r\n                    <option value=""></option>\r\n                    <option value="1">学生</option>\r\n                    <option value="2">老师</option>\r\n                </select>\r\n                <br></br>\r\n                密码：<input type="password" name="u_password" placeholder="用户密码" required>\r\n                <br></br>\r\n                <button type="submit">提交</button> <button type="reset">重置</button>\r\n            </form>\r\n        </div>\r\n\r\n\r\n    </div>\r\n    \r\n</body>\r\n\r\n</html>' } }
[2019-12-08T23:34:33.760] [INFO] response - { method: 'POST',
  url: '/user/message/sent',
  body: 
   { u_id: '1002',
     u_name: '赵六',
     u_role: '2',
     u_password: 'd1d55b0963846e36f2bd800c9f1a580b',
     solt: '2bbd898a-c289-49c6-8488-8918c592fe5f' },
  costTime: 120,
  response: { status: 302,
     message: 'Found',
     header: 
      { location: '/user/message',
        'content-type': 'text/html; charset=utf-8',
        'content-length': '57' },
     body: 'Redirecting to <a href="/user/message">/user/message</a>.' } }
[2019-12-08T23:34:33.768] [INFO] response - { method: 'GET',
  url: '/user/message',
  body: {},
  costTime: 3,
  response: { status: 200,
     message: 'OK',
     header: 
      { 'content-type': 'text/html; charset=utf-8',
        'content-length': '2791' },
     body: '<!DOCTYPE html>\r\n<html lang="en">\r\n\r\n<head>\r\n    <meta charset="UTF-8">\r\n    <meta name="viewport" content="width=device-width, initial-scale=1.0">\r\n    <meta http-equiv="X-UA-Compatible" content="ie=edge">\r\n\r\n    <title>用户信息管理</title>\r\n</head>\r\n\r\n<body>\r\n    <div id="container">\r\n        <div class="title">用户信息管理</div>\r\n        <div class="table">\r\n            <table border="1px solid" style="text-align: center;">\r\n                <thead>\r\n                    <td>序号</td>\r\n                    <td>学号/工号</td>\r\n                    <td>用户姓名</td>\r\n                    <td>用户身份</td>\r\n                    <td>操作</td>\r\n                </thead>\r\n                <tbody>\r\n                    \r\n                    <tr>\r\n                        <td>1</td>\r\n                        <td>1001</td>\r\n                        <td>张三</td>\r\n                        <td>\r\n                            学生\r\n                            \r\n                        </td>\r\n                        <td><a href="/user/message/delect/1001">删除</td>\r\n                        <td><a href="/user/message/edit/1001">编辑</td>\r\n                    </tr>\r\n                    \r\n                    <tr>\r\n                        <td>2</td>\r\n                        <td>1002</td>\r\n                        <td>赵六</td>\r\n                        <td>\r\n                            老师\r\n                            \r\n                        </td>\r\n                        <td><a href="/user/message/delect/1002">删除</td>\r\n                        <td><a href="/user/message/edit/1002">编辑</td>\r\n                    </tr>\r\n                    \r\n                </tbody>\r\n            </table>\r\n        </div>\r\n        <p></p>\r\n        <div class="adduser">\r\n            <div>添加用户</div>\r\n            <br>\r\n            <form action="/user/message/sent" method="POST">\r\n                学号或工号：<input type="text" name="u_id" placeholder="学号或工号" required>\r\n                <br></br>\r\n                用户名字：<input type="text" name="u_name" placeholder="用户姓名" required>\r\n                <br></br>\r\n                <label for="u_role">角色:</label>\r\n                <select name="u_role" required>\r\n                    <option value=""></option>\r\n                    <option value="1">学生</option>\r\n                    <option value="2">老师</option>\r\n                </select>\r\n                <br></br>\r\n                密码：<input type="password" name="u_password" placeholder="用户密码" required>\r\n                <br></br>\r\n                <button type="submit">提交</button> <button type="reset">重置</button>\r\n            </form>\r\n        </div>\r\n\r\n\r\n    </div>\r\n    \r\n</body>\r\n\r\n</html>' } }
[2019-12-08T23:34:54.228] [INFO] response - { method: 'POST',
  url: '/user/message/sent',
  body: 
   { u_id: '1003',
     u_name: '王五',
     u_role: '1',
     u_password: 'a536be43747a63c1d222ddfbf1249e7e',
     solt: 'cc38ae8e-2c7f-4f3c-b5c0-e4fd0aca208b' },
  costTime: 83,
  response: { status: 302,
     message: 'Found',
     header: 
      { location: '/user/message',
        'content-type': 'text/html; charset=utf-8',
        'content-length': '57' },
     body: 'Redirecting to <a href="/user/message">/user/message</a>.' } }
[2019-12-08T23:34:54.309] [INFO] response - { method: 'GET',
  url: '/user/message',
  body: {},
  costTime: 33,
  response: { status: 200,
     message: 'OK',
     header: 
      { 'content-type': 'text/html; charset=utf-8',
        'content-length': '3261' },
     body: '<!DOCTYPE html>\r\n<html lang="en">\r\n\r\n<head>\r\n    <meta charset="UTF-8">\r\n    <meta name="viewport" content="width=device-width, initial-scale=1.0">\r\n    <meta http-equiv="X-UA-Compatible" content="ie=edge">\r\n\r\n    <title>用户信息管理</title>\r\n</head>\r\n\r\n<body>\r\n    <div id="container">\r\n        <div class="title">用户信息管理</div>\r\n        <div class="table">\r\n            <table border="1px solid" style="text-align: center;">\r\n                <thead>\r\n                    <td>序号</td>\r\n                    <td>学号/工号</td>\r\n                    <td>用户姓名</td>\r\n                    <td>用户身份</td>\r\n                    <td>操作</td>\r\n                </thead>\r\n                <tbody>\r\n                    \r\n                    <tr>\r\n                        <td>1</td>\r\n                        <td>1001</td>\r\n                        <td>张三</td>\r\n                        <td>\r\n                            学生\r\n                            \r\n                        </td>\r\n                        <td><a href="/user/message/delect/1001">删除</td>\r\n                        <td><a href="/user/message/edit/1001">编辑</td>\r\n                    </tr>\r\n                    \r\n                    <tr>\r\n                        <td>2</td>\r\n                        <td>1002</td>\r\n                        <td>赵六</td>\r\n                        <td>\r\n                            老师\r\n                            \r\n                        </td>\r\n                        <td><a href="/user/message/delect/1002">删除</td>\r\n                        <td><a href="/user/message/edit/1002">编辑</td>\r\n                    </tr>\r\n                    \r\n                    <tr>\r\n                        <td>3</td>\r\n                        <td>1003</td>\r\n                        <td>王五</td>\r\n                        <td>\r\n                            学生\r\n                            \r\n                        </td>\r\n                        <td><a href="/user/message/delect/1003">删除</td>\r\n                        <td><a href="/user/message/edit/1003">编辑</td>\r\n                    </tr>\r\n                    \r\n                </tbody>\r\n            </table>\r\n        </div>\r\n        <p></p>\r\n        <div class="adduser">\r\n            <div>添加用户</div>\r\n            <br>\r\n            <form action="/user/message/sent" method="POST">\r\n                学号或工号：<input type="text" name="u_id" placeholder="学号或工号" required>\r\n                <br></br>\r\n                用户名字：<input type="text" name="u_name" placeholder="用户姓名" required>\r\n                <br></br>\r\n                <label for="u_role">角色:</label>\r\n                <select name="u_role" required>\r\n                    <option value=""></option>\r\n                    <option value="1">学生</option>\r\n                    <option value="2">老师</option>\r\n                </select>\r\n                <br></br>\r\n                密码：<input type="password" name="u_password" placeholder="用户密码" required>\r\n                <br></br>\r\n                <button type="submit">提交</button> <button type="reset">重置</button>\r\n            </form>\r\n        </div>\r\n\r\n\r\n    </div>\r\n    \r\n</body>\r\n\r\n</html>' } }
