[2020-02-26T22:25:32.364] [INFO] response - { method: 'GET',
  url: '/',
  body: {},
  costTime: 63,
  response: { status: 200,
     message: 'OK',
     header: 
      { vary: 'Origin',
        'access-control-allow-origin': 'http://localhost:8080',
        'access-control-allow-credentials': 'true',
        'access-control-expose-headers': 'WWW-Authenticate,Server-Authorization',
        'content-type': 'text/html; charset=utf-8',
        'content-length': '1697' },
     body: '<!DOCTYPE html>\n<html>\n<head>\n    <link rel="stylesheet" href=\'/stylesheets/login.css\'>\n    <title>登陆</title>\n</head>\n<body>\n    <div class="header" id="head">\n      <div class="title">XXXX 系统登陆</div>\n    </div>\n          \n    <div class="wrap" id="wrap">\n        <div class="logGet">\n                <!-- 头部提示信息 -->\n                <div class="logD logDtip">\n                    <p class="p1">登录</p>\n                </div>\n                <form action="/users/checkLogin" method="POST">\n                  <!-- 输入框 -->\n                  <div class="lgD">\n                      <input type="text" name="u_id"\n                          placeholder="输入id" />\n                  </div>\n                  <div class="lgD">\n                      <input type="password" name="u_password"\n                          placeholder="输入用户密码" />\n                  </div>\n                  <div class="logC">\n                      <button type="submit">登 录</button>\n                  </div>\n                </form>\n            </div>\n      </div>\n      <div class="footer" id="foot">\n        <div class="copyright">\n          <p>Copyright © 2019 huaruan.com Inc. All Rights Reserved.</p>\n          <div class="img">\n              <i class="icon"></i><span>联系邮箱：123123@sise.com</span>\n          </div>\n          \n          <div class="img">\n              <i class="icon1"></i><span>联系地址：广州大学华软软件学院</span>\n          </div>\n            \n          <div class="img">\n            <i class="icon2"></i><span>联系电话：12345678</span>\n          </div>\n       \n       \n        </div>\n          \n      </div>\n</body>\n</html>' } }
[2020-02-26T22:25:32.537] [INFO] response - { method: 'GET',
  url: '/favicon.ico',
  body: {},
  costTime: 6,
  response: { status: 200,
     message: 'OK',
     header: 
      { vary: 'Origin',
        'access-control-allow-origin': 'http://localhost:8080',
        'access-control-allow-credentials': 'true',
        'access-control-expose-headers': 'WWW-Authenticate,Server-Authorization',
        'content-type': 'text/html; charset=utf-8',
        'content-length': '458' },
     body: '<!DOCTYPE html>\n<html lang="en">\n\n<head>\n    <meta charset="UTF-8">\n    <meta name="viewport" content="width=device-width, initial-scale=1.0">\n    <meta http-equiv="X-UA-Compatible" content="ie=edge">\n    <link rel="stylesheet" href="/stylesheets/error.css">\n    <title>错误信息</title>\n</head>\n\n<body>\n    <div class="content">\n        <h1>抱歉，找不到你的诗和远方了！</h1>\n        \n        <h2>404</h2>\n        \n    </div>\n</body>\n</html>' } }
[2020-02-26T22:25:37.611] [INFO] response - { method: 'POST',
  url: '/users/checkLogin',
  body: { u_id: '1001', u_password: '123456' },
  costTime: 563,
  response: { status: 200,
     message: 'OK',
     header: 
      { vary: 'Origin',
        'access-control-allow-origin': 'http://localhost:8080',
        'access-control-allow-credentials': 'true',
        'access-control-expose-headers': 'WWW-Authenticate,Server-Authorization',
        'content-type': 'text/html; charset=utf-8',
        'content-length': '1697' },
     body: '<!DOCTYPE html>\n<html>\n<head>\n    <link rel="stylesheet" href=\'/stylesheets/login.css\'>\n    <title>登陆</title>\n</head>\n<body>\n    <div class="header" id="head">\n      <div class="title">XXXX 系统登陆</div>\n    </div>\n          \n    <div class="wrap" id="wrap">\n        <div class="logGet">\n                <!-- 头部提示信息 -->\n                <div class="logD logDtip">\n                    <p class="p1">登录</p>\n                </div>\n                <form action="/users/checkLogin" method="POST">\n                  <!-- 输入框 -->\n                  <div class="lgD">\n                      <input type="text" name="u_id"\n                          placeholder="输入id" />\n                  </div>\n                  <div class="lgD">\n                      <input type="password" name="u_password"\n                          placeholder="输入用户密码" />\n                  </div>\n                  <div class="logC">\n                      <button type="submit">登 录</button>\n                  </div>\n                </form>\n            </div>\n      </div>\n      <div class="footer" id="foot">\n        <div class="copyright">\n          <p>Copyright © 2019 huaruan.com Inc. All Rights Reserved.</p>\n          <div class="img">\n              <i class="icon"></i><span>联系邮箱：123123@sise.com</span>\n          </div>\n          \n          <div class="img">\n              <i class="icon1"></i><span>联系地址：广州大学华软软件学院</span>\n          </div>\n            \n          <div class="img">\n            <i class="icon2"></i><span>联系电话：12345678</span>\n          </div>\n       \n       \n        </div>\n          \n      </div>\n</body>\n</html>' } }
[2020-02-26T22:25:37.765] [INFO] response - { method: 'GET',
  url: '/favicon.ico',
  body: {},
  costTime: 4,
  response: { status: 200,
     message: 'OK',
     header: 
      { vary: 'Origin',
        'access-control-allow-origin': 'http://localhost:8080',
        'access-control-allow-credentials': 'true',
        'access-control-expose-headers': 'WWW-Authenticate,Server-Authorization',
        'content-type': 'text/html; charset=utf-8',
        'content-length': '458' },
     body: '<!DOCTYPE html>\n<html lang="en">\n\n<head>\n    <meta charset="UTF-8">\n    <meta name="viewport" content="width=device-width, initial-scale=1.0">\n    <meta http-equiv="X-UA-Compatible" content="ie=edge">\n    <link rel="stylesheet" href="/stylesheets/error.css">\n    <title>错误信息</title>\n</head>\n\n<body>\n    <div class="content">\n        <h1>抱歉，找不到你的诗和远方了！</h1>\n        \n        <h2>404</h2>\n        \n    </div>\n</body>\n</html>' } }
[2020-02-26T22:25:41.215] [INFO] response - { method: 'POST',
  url: '/users/checkLogin',
  body: { u_id: '1001', u_password: '1234' },
  costTime: 140,
  response: { status: 302,
     message: 'Found',
     header: 
      { vary: 'Origin',
        'access-control-allow-origin': 'http://localhost:8080',
        'access-control-allow-credentials': 'true',
        'access-control-expose-headers': 'WWW-Authenticate,Server-Authorization',
        location: '/',
        'content-type': 'text/html; charset=utf-8',
        'content-length': '33' },
     body: 'Redirecting to <a href="/">/</a>.' } }
[2020-02-26T22:25:41.229] [INFO] response - { method: 'GET',
  url: '/',
  body: {},
  costTime: 2,
  response: { status: 200,
     message: 'OK',
     header: 
      { vary: 'Origin',
        'access-control-allow-origin': 'http://localhost:8080',
        'access-control-allow-credentials': 'true',
        'access-control-expose-headers': 'WWW-Authenticate,Server-Authorization',
        'content-type': 'text/html; charset=utf-8',
        'content-length': '220' },
     body: '<!DOCTYPE html>\n<html>\n  <head>\n    <link rel=\'stylesheet\' href=\'/stylesheets/style.css\' />\n  </head>\n  <body>\n    \n    <p><a href="/users/logout">注销</a></p>\n    <p>用户名：琪琪</p>\n    \n    \n  </body>\n</html>\n' } }
[2020-02-26T22:25:41.410] [INFO] response - { method: 'GET',
  url: '/favicon.ico',
  body: {},
  costTime: 45,
  response: { status: 200,
     message: 'OK',
     header: 
      { vary: 'Origin',
        'access-control-allow-origin': 'http://localhost:8080',
        'access-control-allow-credentials': 'true',
        'access-control-expose-headers': 'WWW-Authenticate,Server-Authorization',
        'content-type': 'text/html; charset=utf-8',
        'content-length': '458' },
     body: '<!DOCTYPE html>\n<html lang="en">\n\n<head>\n    <meta charset="UTF-8">\n    <meta name="viewport" content="width=device-width, initial-scale=1.0">\n    <meta http-equiv="X-UA-Compatible" content="ie=edge">\n    <link rel="stylesheet" href="/stylesheets/error.css">\n    <title>错误信息</title>\n</head>\n\n<body>\n    <div class="content">\n        <h1>抱歉，找不到你的诗和远方了！</h1>\n        \n        <h2>404</h2>\n        \n    </div>\n</body>\n</html>' } }
[2020-02-26T22:25:43.385] [INFO] response - { method: 'GET',
  url: '/users/logout',
  body: {},
  costTime: 3,
  response: { status: 200,
     message: 'OK',
     header: 
      { vary: 'Origin',
        'access-control-allow-origin': 'http://localhost:8080',
        'access-control-allow-credentials': 'true',
        'access-control-expose-headers': 'WWW-Authenticate,Server-Authorization',
        'content-type': 'text/html; charset=utf-8',
        'content-length': '1697' },
     body: '<!DOCTYPE html>\n<html>\n<head>\n    <link rel="stylesheet" href=\'/stylesheets/login.css\'>\n    <title>登陆</title>\n</head>\n<body>\n    <div class="header" id="head">\n      <div class="title">XXXX 系统登陆</div>\n    </div>\n          \n    <div class="wrap" id="wrap">\n        <div class="logGet">\n                <!-- 头部提示信息 -->\n                <div class="logD logDtip">\n                    <p class="p1">登录</p>\n                </div>\n                <form action="/users/checkLogin" method="POST">\n                  <!-- 输入框 -->\n                  <div class="lgD">\n                      <input type="text" name="u_id"\n                          placeholder="输入id" />\n                  </div>\n                  <div class="lgD">\n                      <input type="password" name="u_password"\n                          placeholder="输入用户密码" />\n                  </div>\n                  <div class="logC">\n                      <button type="submit">登 录</button>\n                  </div>\n                </form>\n            </div>\n      </div>\n      <div class="footer" id="foot">\n        <div class="copyright">\n          <p>Copyright © 2019 huaruan.com Inc. All Rights Reserved.</p>\n          <div class="img">\n              <i class="icon"></i><span>联系邮箱：123123@sise.com</span>\n          </div>\n          \n          <div class="img">\n              <i class="icon1"></i><span>联系地址：广州大学华软软件学院</span>\n          </div>\n            \n          <div class="img">\n            <i class="icon2"></i><span>联系电话：12345678</span>\n          </div>\n       \n       \n        </div>\n          \n      </div>\n</body>\n</html>' } }
[2020-02-26T22:25:43.593] [INFO] response - { method: 'GET',
  url: '/favicon.ico',
  body: {},
  costTime: 38,
  response: { status: 200,
     message: 'OK',
     header: 
      { vary: 'Origin',
        'access-control-allow-origin': 'http://localhost:8080',
        'access-control-allow-credentials': 'true',
        'access-control-expose-headers': 'WWW-Authenticate,Server-Authorization',
        'content-type': 'text/html; charset=utf-8',
        'content-length': '458' },
     body: '<!DOCTYPE html>\n<html lang="en">\n\n<head>\n    <meta charset="UTF-8">\n    <meta name="viewport" content="width=device-width, initial-scale=1.0">\n    <meta http-equiv="X-UA-Compatible" content="ie=edge">\n    <link rel="stylesheet" href="/stylesheets/error.css">\n    <title>错误信息</title>\n</head>\n\n<body>\n    <div class="content">\n        <h1>抱歉，找不到你的诗和远方了！</h1>\n        \n        <h2>404</h2>\n        \n    </div>\n</body>\n</html>' } }
[2020-02-26T22:25:47.900] [INFO] response - { method: 'POST',
  url: '/users/checkLogin',
  body: { u_id: '1002', u_password: '123' },
  costTime: 33,
  response: { status: 302,
     message: 'Found',
     header: 
      { vary: 'Origin',
        'access-control-allow-origin': 'http://localhost:8080',
        'access-control-allow-credentials': 'true',
        'access-control-expose-headers': 'WWW-Authenticate,Server-Authorization',
        location: '/',
        'content-type': 'text/html; charset=utf-8',
        'content-length': '33' },
     body: 'Redirecting to <a href="/">/</a>.' } }
[2020-02-26T22:25:47.965] [INFO] response - { method: 'GET',
  url: '/',
  body: {},
  costTime: 2,
  response: { status: 200,
     message: 'OK',
     header: 
      { vary: 'Origin',
        'access-control-allow-origin': 'http://localhost:8080',
        'access-control-allow-credentials': 'true',
        'access-control-expose-headers': 'WWW-Authenticate,Server-Authorization',
        'content-type': 'text/html; charset=utf-8',
        'content-length': '511' },
     body: '<!DOCTYPE html>\n<html>\n  <head>\n    <link rel=\'stylesheet\' href=\'/stylesheets/style.css\' />\n  </head>\n  <body>\n    \n    <p><a href="/users/logout">注销</a></p>\n    <p>用户名：李四</p>\n    \n    \n    <p><a href="/user/message">用户信息管理</a></p>\n    <p><a href="/class/classroom_message">教室信息管理</a></p>\n    <p><a href="/class/classroom_occupyMessage">教室占用情况</a></p>\n    <p><a href="/classtable/classtable_message">教室申请表信息管理</a></p>\n    \n  </body>\n</html>\n' } }
[2020-02-26T22:25:48.104] [INFO] response - { method: 'GET',
  url: '/favicon.ico',
  body: {},
  costTime: 71,
  response: { status: 200,
     message: 'OK',
     header: 
      { vary: 'Origin',
        'access-control-allow-origin': 'http://localhost:8080',
        'access-control-allow-credentials': 'true',
        'access-control-expose-headers': 'WWW-Authenticate,Server-Authorization',
        'content-type': 'text/html; charset=utf-8',
        'content-length': '458' },
     body: '<!DOCTYPE html>\n<html lang="en">\n\n<head>\n    <meta charset="UTF-8">\n    <meta name="viewport" content="width=device-width, initial-scale=1.0">\n    <meta http-equiv="X-UA-Compatible" content="ie=edge">\n    <link rel="stylesheet" href="/stylesheets/error.css">\n    <title>错误信息</title>\n</head>\n\n<body>\n    <div class="content">\n        <h1>抱歉，找不到你的诗和远方了！</h1>\n        \n        <h2>404</h2>\n        \n    </div>\n</body>\n</html>' } }
[2020-02-26T22:25:49.772] [INFO] response - { method: 'GET',
  url: '/user/message',
  body: {},
  costTime: 124,
  response: { status: 200,
     message: 'OK',
     header: 
      { vary: 'Origin',
        'access-control-allow-origin': 'http://localhost:8080',
        'access-control-allow-credentials': 'true',
        'access-control-expose-headers': 'WWW-Authenticate,Server-Authorization',
        'content-type': 'text/html; charset=utf-8',
        'content-length': '5341' },
     body: '<!DOCTYPE html>\r\n<html lang="en">\r\n\r\n<head>\r\n    <meta charset="UTF-8">\r\n    <meta name="viewport" content="width=device-width, initial-scale=1.0">\r\n    <meta http-equiv="X-UA-Compatible" content="ie=edge">\r\n\r\n    <title>用户信息管理</title>\r\n</head>\r\n\r\n<body>\r\n    <div id="container">\r\n        <div class="title">用户信息管理</div>\r\n        <div class="table">\r\n            <table border="1px solid" style="text-align: center;">\r\n                <thead>\r\n                    <td>序号</td>\r\n                    <td>学号/工号</td>\r\n                    <td>用户姓名</td>\r\n                    <td>用户身份</td>\r\n                    <td>用户性别</td>\r\n                    <td>用户生日</td>\r\n                    <td>地区</td>\r\n                    <td>操作</td>\r\n                </thead>\r\n                <tbody>\r\n                    \r\n                    <tr>\r\n                        <td>1</td>\r\n                        <td>1001</td>\r\n                        <td>琪琪</td>\r\n                        <td>\r\n                            学生\r\n                            \r\n                        </td>\r\n                        <td>\r\n                        </td>\r\n                        <td>2019-12-03</td>\r\n                        <td>广东惠州</td>\r\n                        <td><a href="/user/message/delect/1001">删除</td>\r\n                        <td><a href="/user/message/edit/1001">编辑</td>\r\n                    </tr>\r\n                    \r\n                    <tr>\r\n                        <td>2</td>\r\n                        <td>1002</td>\r\n                        <td>李四</td>\r\n                        <td>\r\n                            老师\r\n                            \r\n                        </td>\r\n                        <td>\r\n                            女\r\n                            \r\n                        </td>\r\n                        <td>1998-03-29</td>\r\n                        <td>广东广州</td>\r\n                        <td><a href="/user/message/delect/1002">删除</td>\r\n                        <td><a href="/user/message/edit/1002">编辑</td>\r\n                    </tr>\r\n                    \r\n                    <tr>\r\n                        <td>3</td>\r\n                        <td>1004</td>\r\n                        <td>子雄</td>\r\n                        <td>\r\n                            学生\r\n                            \r\n                        </td>\r\n                        <td>\r\n                            男\r\n                            \r\n                        </td>\r\n                        <td>2019-12-18</td>\r\n                        <td>广东茂名</td>\r\n                        <td><a href="/user/message/delect/1004">删除</td>\r\n                        <td><a href="/user/message/edit/1004">编辑</td>\r\n                    </tr>\r\n                    \r\n                    <tr>\r\n                        <td>4</td>\r\n                        <td>1003</td>\r\n                        <td>文科</td>\r\n                        <td>\r\n                            学生\r\n                            \r\n                        </td>\r\n                        <td>\r\n                            男\r\n                            \r\n                        </td>\r\n                        <td>2019-12-10</td>\r\n                        <td>广东惠州</td>\r\n                        <td><a href="/user/message/delect/1003">删除</td>\r\n                        <td><a href="/user/message/edit/1003">编辑</td>\r\n                    </tr>\r\n                    \r\n                    <tr>\r\n                        <td>5</td>\r\n                        <td>1005</td>\r\n                        <td>小七</td>\r\n                        <td>\r\n                            学生\r\n                            \r\n                        </td>\r\n                        <td>\r\n                            男\r\n                            \r\n                        </td>\r\n                        <td>2019-12-22</td>\r\n                        <td>广东广州</td>\r\n                        <td><a href="/user/message/delect/1005">删除</td>\r\n                        <td><a href="/user/message/edit/1005">编辑</td>\r\n                    </tr>\r\n                    \r\n                </tbody>\r\n            </table>\r\n        </div>\r\n        <p></p>\r\n        <div class="adduser">\r\n            <div>添加用户</div>\r\n            <br>\r\n            <form action="/user/message/sent" method="POST">\r\n                学号或工号：<input type="text" name="u_id" placeholder="学号或工号" required>\r\n                <br></br>\r\n                用户名字：<input type="text" name="u_name" placeholder="用户姓名" required>\r\n                <br></br>\r\n                <label for="u_role">角色:</label>\r\n                <select name="u_role" required>\r\n                    <option value=""></option>\r\n                    <option value="1">学生</option>\r\n                    <option value="2">老师</option>\r\n                </select>\r\n                <br></br>\r\n                密码：<input type="password" name="u_password" placeholder="用户密码" required>\r\n                <br></br>\r\n                <button type="submit">提交</button> <button type="reset">重置</button>\r\n            </form>\r\n        </div>\r\n\r\n\r\n    </div>\r\n    \r\n</body>\r\n\r\n</html>' } }
[2020-02-26T22:25:49.830] [INFO] response - { method: 'GET',
  url: '/favicon.ico',
  body: {},
  costTime: 8,
  response: { status: 200,
     message: 'OK',
     header: 
      { vary: 'Origin',
        'access-control-allow-origin': 'http://localhost:8080',
        'access-control-allow-credentials': 'true',
        'access-control-expose-headers': 'WWW-Authenticate,Server-Authorization',
        'content-type': 'text/html; charset=utf-8',
        'content-length': '458' },
     body: '<!DOCTYPE html>\n<html lang="en">\n\n<head>\n    <meta charset="UTF-8">\n    <meta name="viewport" content="width=device-width, initial-scale=1.0">\n    <meta http-equiv="X-UA-Compatible" content="ie=edge">\n    <link rel="stylesheet" href="/stylesheets/error.css">\n    <title>错误信息</title>\n</head>\n\n<body>\n    <div class="content">\n        <h1>抱歉，找不到你的诗和远方了！</h1>\n        \n        <h2>404</h2>\n        \n    </div>\n</body>\n</html>' } }
[2020-02-26T22:25:52.795] [INFO] response - { method: 'GET',
  url: '/favicon.ico',
  body: {},
  costTime: 47,
  response: { status: 200,
     message: 'OK',
     header: 
      { vary: 'Origin',
        'access-control-allow-origin': 'http://localhost:8080',
        'access-control-allow-credentials': 'true',
        'access-control-expose-headers': 'WWW-Authenticate,Server-Authorization',
        'content-type': 'text/html; charset=utf-8',
        'content-length': '458' },
     body: '<!DOCTYPE html>\n<html lang="en">\n\n<head>\n    <meta charset="UTF-8">\n    <meta name="viewport" content="width=device-width, initial-scale=1.0">\n    <meta http-equiv="X-UA-Compatible" content="ie=edge">\n    <link rel="stylesheet" href="/stylesheets/error.css">\n    <title>错误信息</title>\n</head>\n\n<body>\n    <div class="content">\n        <h1>抱歉，找不到你的诗和远方了！</h1>\n        \n        <h2>404</h2>\n        \n    </div>\n</body>\n</html>' } }
[2020-02-26T22:25:53.506] [INFO] response - { method: 'GET',
  url: '/class/classroom_message',
  body: {},
  costTime: 41,
  response: { status: 200,
     message: 'OK',
     header: 
      { vary: 'Origin',
        'access-control-allow-origin': 'http://localhost:8080',
        'access-control-allow-credentials': 'true',
        'access-control-expose-headers': 'WWW-Authenticate,Server-Authorization',
        'content-type': 'text/html; charset=utf-8',
        'content-length': '4785' },
     body: '<!DOCTYPE html>\r\n<html lang="en">\r\n\r\n<head>\r\n    <meta charset="UTF-8">\r\n    <meta name="viewport" content="width=device-width, initial-scale=1.0">\r\n    <meta http-equiv="X-UA-Compatible" content="ie=edge">\r\n\r\n    <title>教室信息管理</title>\r\n</head>\r\n\r\n<body>\r\n    <div id="container">\r\n        <div class="title">教室信息管理</div>\r\n        <div class="table">\r\n            <table border="1px solid" style="text-align: center;">\r\n                <thead>\r\n                    <td>教室ID</td>\r\n                    <td>教室名称</td>\r\n                    <td>容纳人数</td>\r\n                    <td>是否可用</td>\r\n                    <td>是否拥有多媒体</td>\r\n                    <td>教室地点</td>\r\n                    <td>操作</td>\r\n                </thead>\r\n                <tbody>\r\n                    \r\n                    <tr>\r\n                        <td>101</td>\r\n                        <td>U101</td>\r\n                        <td>60</td>\r\n                        <td>\r\n                            空闲\r\n                            \r\n                        </td>\r\n                         <td>\r\n                            无\r\n                            \r\n                        </td>\r\n                        <td>S2楼</td>\r\n                        <td><a href="/class/classroom_message/delect/101">删除</td>\r\n                        <td><a href="/class/class_edit/edit/101">编辑</td>\r\n                    </tr>\r\n                    \r\n                    <tr>\r\n                        <td>103</td>\r\n                        <td>U103</td>\r\n                        <td>60</td>\r\n                        <td>\r\n                            空闲\r\n                            \r\n                        </td>\r\n                         <td>\r\n                            有\r\n                            \r\n                        </td>\r\n                        <td>S2楼</td>\r\n                        <td><a href="/class/classroom_message/delect/103">删除</td>\r\n                        <td><a href="/class/class_edit/edit/103">编辑</td>\r\n                    </tr>\r\n                    \r\n                    <tr>\r\n                        <td>104</td>\r\n                        <td>U104</td>\r\n                        <td>50</td>\r\n                        <td>\r\n                        </td>\r\n                         <td>\r\n                            无\r\n                            \r\n                        </td>\r\n                        <td>S楼</td>\r\n                        <td><a href="/class/classroom_message/delect/104">删除</td>\r\n                        <td><a href="/class/class_edit/edit/104">编辑</td>\r\n                    </tr>\r\n                    \r\n                    <tr>\r\n                        <td>105</td>\r\n                        <td>U105</td>\r\n                        <td>60</td>\r\n                        <td>\r\n                        </td>\r\n                         <td>\r\n                        </td>\r\n                        <td>S楼</td>\r\n                        <td><a href="/class/classroom_message/delect/105">删除</td>\r\n                        <td><a href="/class/class_edit/edit/105">编辑</td>\r\n                    </tr>\r\n                    \r\n                </tbody>\r\n            </table>\r\n        </div>\r\n\r\n        <p></p>\r\n        <div class="adduser">\r\n            <div>添加教室</div>\r\n            <br>\r\n            <form action="/class/classroom_message/add" method="POST">\r\n                教室ID：<input type="text" name="c_id" placeholder="教室ID" required>\r\n                <br></br>\r\n                教室名称：<input type="text" name="c_name" placeholder="教室名称" required>\r\n                <br></br>\r\n                容纳人数：<input type="text" name="c_person" placeholder="容纳人数" required>\r\n                <br></br>\r\n                <label for="c_use">是否可用:</label>\r\n                <select name="c_use" required>\r\n                    <option value=""></option>\r\n                    <option value="0">被占用</option>\r\n                    <option value="1">空闲</option>\r\n                </select>\r\n                <br></br>\r\n                <label for="c_media">是否拥有多媒体:</label>\r\n                <select name="c_media" required>\r\n                <option value=""></option>\r\n                <option value="0">无</option>\r\n                <option value="1">有</option>\r\n                </select>\r\n                <br></br>\r\n                教室地点：<input type="text" name="c_position" placeholder="教室地点" required>\r\n                <br></br>\r\n                <button type="submit">提交</button> <button type="reset">重置</button>\r\n            </form>\r\n        </div>\r\n\r\n\r\n    </div>\r\n    \r\n</body>\r\n\r\n</html>' } }
[2020-02-26T22:25:53.598] [INFO] response - { method: 'GET',
  url: '/favicon.ico',
  body: {},
  costTime: 5,
  response: { status: 200,
     message: 'OK',
     header: 
      { vary: 'Origin',
        'access-control-allow-origin': 'http://localhost:8080',
        'access-control-allow-credentials': 'true',
        'access-control-expose-headers': 'WWW-Authenticate,Server-Authorization',
        'content-type': 'text/html; charset=utf-8',
        'content-length': '458' },
     body: '<!DOCTYPE html>\n<html lang="en">\n\n<head>\n    <meta charset="UTF-8">\n    <meta name="viewport" content="width=device-width, initial-scale=1.0">\n    <meta http-equiv="X-UA-Compatible" content="ie=edge">\n    <link rel="stylesheet" href="/stylesheets/error.css">\n    <title>错误信息</title>\n</head>\n\n<body>\n    <div class="content">\n        <h1>抱歉，找不到你的诗和远方了！</h1>\n        \n        <h2>404</h2>\n        \n    </div>\n</body>\n</html>' } }
[2020-02-26T22:25:57.655] [INFO] response - { method: 'GET',
  url: '/class/class_edit/edit/101',
  body: {},
  costTime: 140,
  response: { status: 200,
     message: 'OK',
     header: 
      { vary: 'Origin',
        'access-control-allow-origin': 'http://localhost:8080',
        'access-control-allow-credentials': 'true',
        'access-control-expose-headers': 'WWW-Authenticate,Server-Authorization',
        'content-type': 'text/html; charset=utf-8',
        'content-length': '1027' },
     body: '<!DOCTYPE html>\r\n<html lang="en">\r\n\r\n<head>\r\n    <meta charset="UTF-8">\r\n    <meta name="viewport" content="width=device-width, initial-scale=1.0">\r\n    <meta http-equiv="X-UA-Compatible" content="ie=edge">\r\n    <title>教室编辑信息</title>\r\n</head>\r\n\r\n<body>\r\n    <div>\r\n        教室ID:101\r\n        教室名称:U101\r\n        容纳人数：60\r\n        教室地点：S2楼\r\n        <br></br>\r\n        <div>编辑教室信息</div>\r\n        <br>\r\n        <form action="/class/class_edit/doedit/101" method="POST">\r\n            当前状态:\r\n                     \r\n                     空闲\r\n                         \r\n            <br></br>\r\n            <label for="c_use">修改状态:</label>\r\n            <select name="c_use">\r\n                <option value="0">被占用</option>\r\n                <option value="1">空闲</option>\r\n            </select>\r\n            <br></br>\r\n            <button type="submit">提交</button> <button type="reset">重置</button>\r\n        </form>\r\n    </div>\r\n</body>\r\n\r\n</html>' } }
[2020-02-26T22:25:57.714] [INFO] response - { method: 'GET',
  url: '/favicon.ico',
  body: {},
  costTime: 5,
  response: { status: 200,
     message: 'OK',
     header: 
      { vary: 'Origin',
        'access-control-allow-origin': 'http://localhost:8080',
        'access-control-allow-credentials': 'true',
        'access-control-expose-headers': 'WWW-Authenticate,Server-Authorization',
        'content-type': 'text/html; charset=utf-8',
        'content-length': '458' },
     body: '<!DOCTYPE html>\n<html lang="en">\n\n<head>\n    <meta charset="UTF-8">\n    <meta name="viewport" content="width=device-width, initial-scale=1.0">\n    <meta http-equiv="X-UA-Compatible" content="ie=edge">\n    <link rel="stylesheet" href="/stylesheets/error.css">\n    <title>错误信息</title>\n</head>\n\n<body>\n    <div class="content">\n        <h1>抱歉，找不到你的诗和远方了！</h1>\n        \n        <h2>404</h2>\n        \n    </div>\n</body>\n</html>' } }
[2020-02-26T22:25:59.361] [INFO] response - { method: 'GET',
  url: '/favicon.ico',
  body: {},
  costTime: 50,
  response: { status: 200,
     message: 'OK',
     header: 
      { vary: 'Origin',
        'access-control-allow-origin': 'http://localhost:8080',
        'access-control-allow-credentials': 'true',
        'access-control-expose-headers': 'WWW-Authenticate,Server-Authorization',
        'content-type': 'text/html; charset=utf-8',
        'content-length': '458' },
     body: '<!DOCTYPE html>\n<html lang="en">\n\n<head>\n    <meta charset="UTF-8">\n    <meta name="viewport" content="width=device-width, initial-scale=1.0">\n    <meta http-equiv="X-UA-Compatible" content="ie=edge">\n    <link rel="stylesheet" href="/stylesheets/error.css">\n    <title>错误信息</title>\n</head>\n\n<body>\n    <div class="content">\n        <h1>抱歉，找不到你的诗和远方了！</h1>\n        \n        <h2>404</h2>\n        \n    </div>\n</body>\n</html>' } }
[2020-02-26T22:26:00.133] [INFO] response - { method: 'GET',
  url: '/favicon.ico',
  body: {},
  costTime: 76,
  response: { status: 200,
     message: 'OK',
     header: 
      { vary: 'Origin',
        'access-control-allow-origin': 'http://localhost:8080',
        'access-control-allow-credentials': 'true',
        'access-control-expose-headers': 'WWW-Authenticate,Server-Authorization',
        'content-type': 'text/html; charset=utf-8',
        'content-length': '458' },
     body: '<!DOCTYPE html>\n<html lang="en">\n\n<head>\n    <meta charset="UTF-8">\n    <meta name="viewport" content="width=device-width, initial-scale=1.0">\n    <meta http-equiv="X-UA-Compatible" content="ie=edge">\n    <link rel="stylesheet" href="/stylesheets/error.css">\n    <title>错误信息</title>\n</head>\n\n<body>\n    <div class="content">\n        <h1>抱歉，找不到你的诗和远方了！</h1>\n        \n        <h2>404</h2>\n        \n    </div>\n</body>\n</html>' } }
[2020-02-26T22:26:01.075] [INFO] response - { method: 'GET',
  url: '/class/classroom_occupyMessage',
  body: {},
  costTime: 172,
  response: { status: 200,
     message: 'OK',
     header: 
      { vary: 'Origin',
        'access-control-allow-origin': 'http://localhost:8080',
        'access-control-allow-credentials': 'true',
        'access-control-expose-headers': 'WWW-Authenticate,Server-Authorization',
        'content-type': 'text/html; charset=utf-8',
        'content-length': '3317' },
     body: '<!DOCTYPE html>\r\n<html lang="en">\r\n\r\n<head>\r\n    <meta charset="UTF-8">\r\n    <meta name="viewport" content="width=device-width, initial-scale=1.0">\r\n    <meta http-equiv="X-UA-Compatible" content="ie=edge">\r\n\r\n    <title>教室占用情况</title>\r\n</head>\r\n\r\n<body>\r\n\r\n    <input type="date">\r\n\r\n    <div id="container">\r\n        <div class="title">教室占用情况</div>\r\n        <div class="table">\r\n            <table border="1px solid" style="text-align: center;">\r\n                <thead>\r\n                    <td>占用表ID</td>\r\n                    <td>教室名称</td>\r\n                    <td>容纳人数</td>\r\n                    <td>是否拥有多媒体</td>\r\n                    <td>教室占用开始时间</td>\r\n                    <td>教室占用结束时间</td>\r\n                    <td>操作</td>\r\n                </thead>\r\n                <tbody>\r\n                    \r\n                    <tr>\r\n                        <td>52</td>\r\n                        <td>U103</td>\r\n                        <td>60</td>\r\n                        <td>1</td>\r\n                        <td>2019-12-22 11:00:00</td>\r\n                        <td>2019-12-22 11:50:00</td>\r\n                        <td><a href="/class/classroom_occupyMessage/delect/52">删除</td>\r\n                    </tr>\r\n                    \r\n                    <tr>\r\n                        <td>56</td>\r\n                        <td>U101</td>\r\n                        <td>60</td>\r\n                        <td>0</td>\r\n                        <td>2019-12-23 00:00:00</td>\r\n                        <td>2019-12-23 00:26:00</td>\r\n                        <td><a href="/class/classroom_occupyMessage/delect/56">删除</td>\r\n                    </tr>\r\n                    \r\n                </tbody>\r\n            </table>\r\n        </div>\r\n\r\n        <!-- <p></p>\r\n        <div class="adduser">\r\n            <div>添加教室</div>\r\n            <br>\r\n            <form action="/class/classroom_message/add" method="POST">\r\n                教室ID：<input type="text" name="c_id" placeholder="教室ID" required>\r\n                <br></br>\r\n                教室名称：<input type="text" name="c_name" placeholder="教室名称" required>\r\n                <br></br>\r\n                容纳人数：<input type="text" name="c_person" placeholder="容纳人数" required>\r\n                <br></br>\r\n                <label for="c_use">是否可用:</label>\r\n                <select name="c_use" required>\r\n                    <option value=""></option>\r\n                    <option value="0">被占用</option>\r\n                    <option value="1">空闲</option>\r\n                </select>\r\n                <br></br>\r\n                <label for="c_media">是否拥有多媒体:</label>\r\n                <select name="c_media" required>\r\n                <option value=""></option>\r\n                <option value="0">无</option>\r\n                <option value="1">有</option>\r\n                </select>\r\n                <br></br>\r\n                教室地点：<input type="text" name="c_position" placeholder="教室地点" required>\r\n                <br></br>\r\n                <button type="submit">提交</button> <button type="reset">重置</button>\r\n            </form>\r\n        </div> -->\r\n\r\n\r\n    </div>\r\n    \r\n    \r\n</body>\r\n\r\n</html>' } }
[2020-02-26T22:26:01.172] [INFO] response - { method: 'GET',
  url: '/favicon.ico',
  body: {},
  costTime: 3,
  response: { status: 200,
     message: 'OK',
     header: 
      { vary: 'Origin',
        'access-control-allow-origin': 'http://localhost:8080',
        'access-control-allow-credentials': 'true',
        'access-control-expose-headers': 'WWW-Authenticate,Server-Authorization',
        'content-type': 'text/html; charset=utf-8',
        'content-length': '458' },
     body: '<!DOCTYPE html>\n<html lang="en">\n\n<head>\n    <meta charset="UTF-8">\n    <meta name="viewport" content="width=device-width, initial-scale=1.0">\n    <meta http-equiv="X-UA-Compatible" content="ie=edge">\n    <link rel="stylesheet" href="/stylesheets/error.css">\n    <title>错误信息</title>\n</head>\n\n<body>\n    <div class="content">\n        <h1>抱歉，找不到你的诗和远方了！</h1>\n        \n        <h2>404</h2>\n        \n    </div>\n</body>\n</html>' } }
[2020-02-26T22:26:03.541] [INFO] response - { method: 'GET',
  url: '/favicon.ico',
  body: {},
  costTime: 88,
  response: { status: 200,
     message: 'OK',
     header: 
      { vary: 'Origin',
        'access-control-allow-origin': 'http://localhost:8080',
        'access-control-allow-credentials': 'true',
        'access-control-expose-headers': 'WWW-Authenticate,Server-Authorization',
        'content-type': 'text/html; charset=utf-8',
        'content-length': '458' },
     body: '<!DOCTYPE html>\n<html lang="en">\n\n<head>\n    <meta charset="UTF-8">\n    <meta name="viewport" content="width=device-width, initial-scale=1.0">\n    <meta http-equiv="X-UA-Compatible" content="ie=edge">\n    <link rel="stylesheet" href="/stylesheets/error.css">\n    <title>错误信息</title>\n</head>\n\n<body>\n    <div class="content">\n        <h1>抱歉，找不到你的诗和远方了！</h1>\n        \n        <h2>404</h2>\n        \n    </div>\n</body>\n</html>' } }
[2020-02-26T22:26:04.547] [INFO] response - { method: 'GET',
  url: '/classtable/classtable_message',
  body: {},
  costTime: 410,
  response: { status: 200,
     message: 'OK',
     header: 
      { vary: 'Origin',
        'access-control-allow-origin': 'http://localhost:8080',
        'access-control-allow-credentials': 'true',
        'access-control-expose-headers': 'WWW-Authenticate,Server-Authorization',
        'content-type': 'text/html; charset=utf-8',
        'content-length': '6102' },
     body: '<!DOCTYPE html>\r\n<html lang="en">\r\n\r\n<head>\r\n    <meta charset="UTF-8">\r\n    <meta name="viewport" content="width=device-width, initial-scale=1.0">\r\n    <meta http-equiv="X-UA-Compatible" content="ie=edge">\r\n\r\n    <title>教室申请表信息管理</title>\r\n</head>\r\n\r\n<body>\r\n    <div id="container">\r\n                <br></br>\r\n                <a href="/class/classroom_message">查看教室使用情况</a>\r\n                <a href="/class/classroom_occupyMessage">查看教室占用情况</a>\r\n                <br></br>\r\n        <div class="title">教室申请表信息管理</div>\r\n        <div class="table">\r\n            <table border="1px solid" style="text-align: center;">\r\n                <thead>\r\n                    <td>申请表ID</td>\r\n                    <td>申请人姓名</td>\r\n                    <td>申请人学号</td>\r\n                    <td>手机号码</td>\r\n                    <td>参加人数</td>\r\n                    <td>是否需要多媒体</td>\r\n                    <td>使用教室原因</td>\r\n                    <td>申请教室时间</td>\r\n                    <td>使用教室开始时间</td>\r\n                    <td>使用教室结束时间</td>\r\n                    <td>审核结果</td>\r\n                    <td>分配的教室名称</td>\r\n                    <td>审批人姓名</td>\r\n                    <td>操作</td>\r\n                </thead>\r\n                <tbody>\r\n                    \r\n                    <tr>\r\n                        <td>2</td>\r\n                        <td>文科</td>\r\n                        <td>1003</td>\r\n                        <td>15920323543</td>\r\n                        <td>60</td>\r\n                        <td>\r\n                            需要\r\n                            \r\n                            </td>\r\n                        <td>社团活动</td>\r\n                        <td>2019-12-22 08:00:00</td>\r\n                        <td>2019-12-22 11:00:00</td>\r\n                        <td>2019-12-22 11:30:00</td>\r\n                        <td></td>\r\n                        <td></td>\r\n                        <td></td>\r\n                        <td><a href=\'/classtable/class_assign/2\'>审批教室</td>\r\n                        <td><a href=\'/classtable/class_assign_cancel/2\'>取消审批</td>\r\n                        <td><a href="/classtable/delect/2">删除</td>\r\n                    </tr>\r\n                    \r\n                    <tr>\r\n                        <td>5</td>\r\n                        <td>子雄</td>\r\n                        <td>1004</td>\r\n                        <td>123456</td>\r\n                        <td>50</td>\r\n                        <td>\r\n                            需要\r\n                            \r\n                            </td>\r\n                        <td>开会需要</td>\r\n                        <td>2019-12-22 10:00:00</td>\r\n                        <td>2019-12-22 11:00:00</td>\r\n                        <td>2019-12-22 12:00:00</td>\r\n                        <td></td>\r\n                        <td></td>\r\n                        <td></td>\r\n                        <td><a href=\'/classtable/class_assign/5\'>审批教室</td>\r\n                        <td><a href=\'/classtable/class_assign_cancel/5\'>取消审批</td>\r\n                        <td><a href="/classtable/delect/5">删除</td>\r\n                    </tr>\r\n                    \r\n                    <tr>\r\n                        <td>12</td>\r\n                        <td>琪琪</td>\r\n                        <td>1001</td>\r\n                        <td>159</td>\r\n                        <td>50</td>\r\n                        <td>\r\n                            不需要\r\n                            \r\n                            </td>\r\n                        <td>开会需要</td>\r\n                        <td>2019-12-22 11:00:00</td>\r\n                        <td>2019-12-23 00:00:00</td>\r\n                        <td>2019-12-23 00:26:00</td>\r\n                        <td>申请成功</td>\r\n                        <td>U101</td>\r\n                        <td>李四</td>\r\n                        <td><a href=\'/classtable/class_assign/12\'>审批教室</td>\r\n                        <td><a href=\'/classtable/class_assign_cancel/12\'>取消审批</td>\r\n                        <td><a href="/classtable/delect/12">删除</td>\r\n                    </tr>\r\n                    \r\n                </tbody>\r\n            </table>\r\n        </div>\r\n\r\n        <p></p>\r\n        <div class="adduser">\r\n            <div>添加教室申请表</div>\r\n            <br>\r\n            <form action="/classtable/classtable_message/add" method="POST">\r\n                申请人姓名：<input type="text" name="t_name" placeholder="申请人姓名" required>\r\n                <br></br>\r\n                手机号码：<input type="text" name="t_contact" placeholder="手机号码" required>\r\n                <br></br>\r\n                参加人数：<input type="text" name="t_joinPeople" placeholder="参加人数" required>\r\n                <br></br>\r\n                使用教室原因：<input type="text" name="t_useReason" placeholder="使用教室原因" required>\r\n                <br></br>\r\n                申请教室时间：<input type="text" name="t_time" placeholder="申请教室时间" required>\r\n                <br></br>\r\n                使用教室开始时间：<input type="text" name="t_useTime" placeholder="使用教室开始时间" required>\r\n                <br></br>\r\n                使用教室结束时间：<input type="text" name="t_endTime" placeholder="使用教室结束时间" required>\r\n                <br></br>\r\n                <label for="t_media">是否需要多媒体:</label>\r\n                <select name="t_media" required>\r\n                <option value=""></option>\r\n                <option value="0">不需要</option>\r\n                <option value="1">需要</option>\r\n                </select>\r\n                <br></br>\r\n                <button type="submit">提交</button> <button type="reset">重置</button>\r\n            </form>\r\n        </div>\r\n\r\n\r\n    </div>\r\n    \r\n</body>\r\n\r\n</html>' } }
[2020-02-26T22:26:04.648] [INFO] response - { method: 'GET',
  url: '/favicon.ico',
  body: {},
  costTime: 5,
  response: { status: 200,
     message: 'OK',
     header: 
      { vary: 'Origin',
        'access-control-allow-origin': 'http://localhost:8080',
        'access-control-allow-credentials': 'true',
        'access-control-expose-headers': 'WWW-Authenticate,Server-Authorization',
        'content-type': 'text/html; charset=utf-8',
        'content-length': '458' },
     body: '<!DOCTYPE html>\n<html lang="en">\n\n<head>\n    <meta charset="UTF-8">\n    <meta name="viewport" content="width=device-width, initial-scale=1.0">\n    <meta http-equiv="X-UA-Compatible" content="ie=edge">\n    <link rel="stylesheet" href="/stylesheets/error.css">\n    <title>错误信息</title>\n</head>\n\n<body>\n    <div class="content">\n        <h1>抱歉，找不到你的诗和远方了！</h1>\n        \n        <h2>404</h2>\n        \n    </div>\n</body>\n</html>' } }
[2020-02-26T22:27:01.676] [INFO] response - { method: 'GET',
  url: '/api/users/userinfo',
  body: {},
  costTime: 3,
  response: { status: 401,
     message: 'Unauthorized',
     header: 
      { vary: 'Origin',
        'access-control-allow-origin': 'http://localhost:8080',
        'access-control-allow-credentials': 'true',
        'access-control-expose-headers': 'WWW-Authenticate,Server-Authorization',
        'content-type': 'text/plain; charset=utf-8',
        'content-length': '12' },
     body: 'Unauthorized' } }
[2020-02-26T22:27:14.640] [INFO] response - { method: 'POST',
  url: '/api/users/postlogin',
  body: { user_id: '1001', password: '1234' },
  costTime: 11,
  response: { status: 200,
     message: 'OK',
     header: 
      { vary: 'Origin',
        'access-control-allow-origin': 'http://localhost:8080',
        'access-control-allow-credentials': 'true',
        'access-control-expose-headers': 'WWW-Authenticate,Server-Authorization',
        'content-type': 'application/json; charset=utf-8' },
     body: { code: 1, data: [Object] } } }
[2020-02-26T22:27:14.660] [INFO] response - { method: 'GET',
  url: '/api/users/userinfo',
  body: {},
  costTime: 9,
  response: { status: 200,
     message: 'OK',
     header: 
      { vary: 'Origin',
        'access-control-allow-origin': 'http://localhost:8080',
        'access-control-allow-credentials': 'true',
        'access-control-expose-headers': 'WWW-Authenticate,Server-Authorization',
        'content-type': 'application/json; charset=utf-8' },
     body: { data: [Object] } } }
[2020-02-26T22:27:18.575] [INFO] response - { method: 'GET',
  url: '/api/users/userinfo',
  body: {},
  costTime: 13,
  response: { status: 200,
     message: 'OK',
     header: 
      { vary: 'Origin',
        'access-control-allow-origin': 'http://localhost:8080',
        'access-control-allow-credentials': 'true',
        'access-control-expose-headers': 'WWW-Authenticate,Server-Authorization',
        'content-type': 'application/json; charset=utf-8' },
     body: { data: [Object] } } }
[2020-02-26T22:27:18.623] [INFO] response - { method: 'GET',
  url: '/api/tables/tableinfo?0=1001',
  body: {},
  costTime: 20,
  response: { status: 200,
     message: 'OK',
     header: 
      { vary: 'Origin',
        'access-control-allow-origin': 'http://localhost:8080',
        'access-control-allow-credentials': 'true',
        'access-control-expose-headers': 'WWW-Authenticate,Server-Authorization',
        'content-type': 'application/json; charset=utf-8' },
     body: { code: -1, data: '' } } }
[2020-02-26T22:27:19.719] [INFO] response - { method: 'GET',
  url: '/api/users/userinfo',
  body: {},
  costTime: 7,
  response: { status: 200,
     message: 'OK',
     header: 
      { vary: 'Origin',
        'access-control-allow-origin': 'http://localhost:8080',
        'access-control-allow-credentials': 'true',
        'access-control-expose-headers': 'WWW-Authenticate,Server-Authorization',
        'content-type': 'application/json; charset=utf-8' },
     body: { data: [Object] } } }
[2020-02-26T22:27:20.599] [INFO] response - { method: 'GET',
  url: '/api/users/userinfo',
  body: {},
  costTime: 5,
  response: { status: 200,
     message: 'OK',
     header: 
      { vary: 'Origin',
        'access-control-allow-origin': 'http://localhost:8080',
        'access-control-allow-credentials': 'true',
        'access-control-expose-headers': 'WWW-Authenticate,Server-Authorization',
        'content-type': 'application/json; charset=utf-8' },
     body: { data: [Object] } } }
[2020-02-26T22:27:20.629] [INFO] response - { method: 'GET',
  url: '/api/tables/tableinfo?0=1001',
  body: {},
  costTime: 17,
  response: { status: 200,
     message: 'OK',
     header: 
      { vary: 'Origin',
        'access-control-allow-origin': 'http://localhost:8080',
        'access-control-allow-credentials': 'true',
        'access-control-expose-headers': 'WWW-Authenticate,Server-Authorization',
        'content-type': 'application/json; charset=utf-8' },
     body: { code: -1, data: '' } } }
[2020-02-26T22:27:21.764] [INFO] response - { method: 'GET',
  url: '/api/users/userinfo',
  body: {},
  costTime: 8,
  response: { status: 200,
     message: 'OK',
     header: 
      { vary: 'Origin',
        'access-control-allow-origin': 'http://localhost:8080',
        'access-control-allow-credentials': 'true',
        'access-control-expose-headers': 'WWW-Authenticate,Server-Authorization',
        'content-type': 'application/json; charset=utf-8' },
     body: { data: [Object] } } }
[2020-02-26T22:27:22.973] [INFO] response - { method: 'GET',
  url: '/api/users/userinfo',
  body: {},
  costTime: 8,
  response: { status: 200,
     message: 'OK',
     header: 
      { vary: 'Origin',
        'access-control-allow-origin': 'http://localhost:8080',
        'access-control-allow-credentials': 'true',
        'access-control-expose-headers': 'WWW-Authenticate,Server-Authorization',
        'content-type': 'application/json; charset=utf-8' },
     body: { data: [Object] } } }
[2020-02-26T22:27:24.840] [INFO] response - { method: 'GET',
  url: '/api/users/userinfo',
  body: {},
  costTime: 11,
  response: { status: 200,
     message: 'OK',
     header: 
      { vary: 'Origin',
        'access-control-allow-origin': 'http://localhost:8080',
        'access-control-allow-credentials': 'true',
        'access-control-expose-headers': 'WWW-Authenticate,Server-Authorization',
        'content-type': 'application/json; charset=utf-8' },
     body: { data: [Object] } } }
[2020-02-26T22:27:25.862] [INFO] response - { method: 'GET',
  url: '/api/users/userinfo',
  body: {},
  costTime: 6,
  response: { status: 200,
     message: 'OK',
     header: 
      { vary: 'Origin',
        'access-control-allow-origin': 'http://localhost:8080',
        'access-control-allow-credentials': 'true',
        'access-control-expose-headers': 'WWW-Authenticate,Server-Authorization',
        'content-type': 'application/json; charset=utf-8' },
     body: { data: [Object] } } }
[2020-02-26T22:27:27.719] [INFO] response - { method: 'GET',
  url: '/api/users/userinfo',
  body: {},
  costTime: 8,
  response: { status: 200,
     message: 'OK',
     header: 
      { vary: 'Origin',
        'access-control-allow-origin': 'http://localhost:8080',
        'access-control-allow-credentials': 'true',
        'access-control-expose-headers': 'WWW-Authenticate,Server-Authorization',
        'content-type': 'application/json; charset=utf-8' },
     body: { data: [Object] } } }
[2020-02-26T22:27:32.322] [INFO] response - { method: 'PUT',
  url: '/api/users/putpassword',
  body: { user_id: '1001', old_password: '1234', new_password: '123' },
  costTime: 24,
  response: { status: 200,
     message: 'OK',
     header: 
      { vary: 'Origin',
        'access-control-allow-origin': 'http://localhost:8080',
        'access-control-allow-credentials': 'true',
        'access-control-expose-headers': 'WWW-Authenticate,Server-Authorization',
        'content-type': 'application/json; charset=utf-8' },
     body: { code: 1, data: [Object] } } }
[2020-02-26T22:27:42.807] [INFO] response - { method: 'POST',
  url: '/api/users/postlogin',
  body: { user_id: '1001', password: '1234' },
  costTime: 8,
  response: { status: 200,
     message: 'OK',
     header: 
      { vary: 'Origin',
        'access-control-allow-origin': 'http://localhost:8080',
        'access-control-allow-credentials': 'true',
        'access-control-expose-headers': 'WWW-Authenticate,Server-Authorization',
        'content-type': 'application/json; charset=utf-8' },
     body: { code: 0, data: [Object] } } }
[2020-02-26T22:27:44.983] [INFO] response - { method: 'POST',
  url: '/api/users/postlogin',
  body: { user_id: '1001', password: '123' },
  costTime: 3,
  response: { status: 200,
     message: 'OK',
     header: 
      { vary: 'Origin',
        'access-control-allow-origin': 'http://localhost:8080',
        'access-control-allow-credentials': 'true',
        'access-control-expose-headers': 'WWW-Authenticate,Server-Authorization',
        'content-type': 'application/json; charset=utf-8' },
     body: { code: 1, data: [Object] } } }
[2020-02-26T22:27:45.303] [INFO] response - { method: 'GET',
  url: '/api/users/userinfo',
  body: {},
  costTime: 8,
  response: { status: 200,
     message: 'OK',
     header: 
      { vary: 'Origin',
        'access-control-allow-origin': 'http://localhost:8080',
        'access-control-allow-credentials': 'true',
        'access-control-expose-headers': 'WWW-Authenticate,Server-Authorization',
        'content-type': 'application/json; charset=utf-8' },
     body: { data: [Object] } } }
[2020-02-26T22:27:47.196] [INFO] response - { method: 'GET',
  url: '/api/users/userinfo',
  body: {},
  costTime: 9,
  response: { status: 200,
     message: 'OK',
     header: 
      { vary: 'Origin',
        'access-control-allow-origin': 'http://localhost:8080',
        'access-control-allow-credentials': 'true',
        'access-control-expose-headers': 'WWW-Authenticate,Server-Authorization',
        'content-type': 'application/json; charset=utf-8' },
     body: { data: [Object] } } }
[2020-02-26T22:27:47.226] [INFO] response - { method: 'GET',
  url: '/api/tables/tableinfo?0=1001',
  body: {},
  costTime: 17,
  response: { status: 200,
     message: 'OK',
     header: 
      { vary: 'Origin',
        'access-control-allow-origin': 'http://localhost:8080',
        'access-control-allow-credentials': 'true',
        'access-control-expose-headers': 'WWW-Authenticate,Server-Authorization',
        'content-type': 'application/json; charset=utf-8' },
     body: { code: -1, data: '' } } }
[2020-02-26T22:27:48.033] [INFO] response - { method: 'GET',
  url: '/api/users/userinfo',
  body: {},
  costTime: 8,
  response: { status: 200,
     message: 'OK',
     header: 
      { vary: 'Origin',
        'access-control-allow-origin': 'http://localhost:8080',
        'access-control-allow-credentials': 'true',
        'access-control-expose-headers': 'WWW-Authenticate,Server-Authorization',
        'content-type': 'application/json; charset=utf-8' },
     body: { data: [Object] } } }
[2020-02-26T22:27:48.559] [INFO] response - { method: 'GET',
  url: '/api/users/userinfo',
  body: {},
  costTime: 7,
  response: { status: 200,
     message: 'OK',
     header: 
      { vary: 'Origin',
        'access-control-allow-origin': 'http://localhost:8080',
        'access-control-allow-credentials': 'true',
        'access-control-expose-headers': 'WWW-Authenticate,Server-Authorization',
        'content-type': 'application/json; charset=utf-8' },
     body: { data: [Object] } } }
[2020-02-26T22:27:53.571] [INFO] response - { method: 'POST',
  url: '/api/users/postlogin',
  body: { user_id: '1002', password: '1234' },
  costTime: 3,
  response: { status: 200,
     message: 'OK',
     header: 
      { vary: 'Origin',
        'access-control-allow-origin': 'http://localhost:8080',
        'access-control-allow-credentials': 'true',
        'access-control-expose-headers': 'WWW-Authenticate,Server-Authorization',
        'content-type': 'application/json; charset=utf-8' },
     body: { code: 0, data: [Object] } } }
[2020-02-26T22:27:55.473] [INFO] response - { method: 'POST',
  url: '/api/users/postlogin',
  body: { user_id: '1002', password: '123' },
  costTime: 4,
  response: { status: 200,
     message: 'OK',
     header: 
      { vary: 'Origin',
        'access-control-allow-origin': 'http://localhost:8080',
        'access-control-allow-credentials': 'true',
        'access-control-expose-headers': 'WWW-Authenticate,Server-Authorization',
        'content-type': 'application/json; charset=utf-8' },
     body: { code: 2, data: [Object] } } }
[2020-02-26T22:27:57.456] [INFO] response - { method: 'POST',
  url: '/api/users/postlogin',
  body: { user_id: '1002', password: '123' },
  costTime: 4,
  response: { status: 200,
     message: 'OK',
     header: 
      { vary: 'Origin',
        'access-control-allow-origin': 'http://localhost:8080',
        'access-control-allow-credentials': 'true',
        'access-control-expose-headers': 'WWW-Authenticate,Server-Authorization',
        'content-type': 'application/json; charset=utf-8' },
     body: { code: 2, data: [Object] } } }
[2020-02-26T22:28:11.673] [INFO] response - { method: 'POST',
  url: '/api/users/postlogin',
  body: { user_id: '1002', password: '123' },
  costTime: 9,
  response: { status: 200,
     message: 'OK',
     header: 
      { vary: 'Origin',
        'access-control-allow-origin': 'http://localhost:8080',
        'access-control-allow-credentials': 'true',
        'access-control-expose-headers': 'WWW-Authenticate,Server-Authorization',
        'content-type': 'application/json; charset=utf-8' },
     body: { code: 2, data: [Object] } } }
[2020-02-26T22:28:11.696] [INFO] response - { method: 'GET',
  url: '/api/users/userinfo',
  body: {},
  costTime: 11,
  response: { status: 200,
     message: 'OK',
     header: 
      { vary: 'Origin',
        'access-control-allow-origin': 'http://localhost:8080',
        'access-control-allow-credentials': 'true',
        'access-control-expose-headers': 'WWW-Authenticate,Server-Authorization',
        'content-type': 'application/json; charset=utf-8' },
     body: { data: [Object] } } }
[2020-02-26T22:28:12.108] [INFO] response - { method: 'GET',
  url: '/api/tables/alltableinfo',
  body: {},
  costTime: 13,
  response: { status: 200,
     message: 'OK',
     header: 
      { vary: 'Origin',
        'access-control-allow-origin': 'http://localhost:8080',
        'access-control-allow-credentials': 'true',
        'access-control-expose-headers': 'WWW-Authenticate,Server-Authorization',
        'content-type': 'application/json; charset=utf-8' },
     body: { code: 1, data: [Array] } } }
[2020-02-26T22:28:14.776] [INFO] response - { method: 'GET',
  url: '/api/users/userinfo',
  body: {},
  costTime: 9,
  response: { status: 200,
     message: 'OK',
     header: 
      { vary: 'Origin',
        'access-control-allow-origin': 'http://localhost:8080',
        'access-control-allow-credentials': 'true',
        'access-control-expose-headers': 'WWW-Authenticate,Server-Authorization',
        'content-type': 'application/json; charset=utf-8' },
     body: { data: [Object] } } }
[2020-02-26T22:28:14.837] [INFO] response - { method: 'GET',
  url: '/api/tables/onetableinfo/5',
  body: {},
  costTime: 19,
  response: { status: 200,
     message: 'OK',
     header: 
      { vary: 'Origin',
        'access-control-allow-origin': 'http://localhost:8080',
        'access-control-allow-credentials': 'true',
        'access-control-expose-headers': 'WWW-Authenticate,Server-Authorization',
        'content-type': 'application/json; charset=utf-8' },
     body: { code: 1, data: [Object] } } }
[2020-02-26T22:28:17.207] [INFO] response - { method: 'GET',
  url: '/api/users/userinfo',
  body: {},
  costTime: 7,
  response: { status: 200,
     message: 'OK',
     header: 
      { vary: 'Origin',
        'access-control-allow-origin': 'http://localhost:8080',
        'access-control-allow-credentials': 'true',
        'access-control-expose-headers': 'WWW-Authenticate,Server-Authorization',
        'content-type': 'application/json; charset=utf-8' },
     body: { data: [Object] } } }
[2020-02-26T22:28:17.570] [INFO] response - { method: 'GET',
  url: '/api/tables/alltableinfo',
  body: {},
  costTime: 12,
  response: { status: 200,
     message: 'OK',
     header: 
      { vary: 'Origin',
        'access-control-allow-origin': 'http://localhost:8080',
        'access-control-allow-credentials': 'true',
        'access-control-expose-headers': 'WWW-Authenticate,Server-Authorization',
        'content-type': 'application/json; charset=utf-8' },
     body: { code: 1, data: [Array] } } }
[2020-02-26T22:28:23.104] [INFO] response - { method: 'GET',
  url: '/api/users/userinfo',
  body: {},
  costTime: 8,
  response: { status: 200,
     message: 'OK',
     header: 
      { vary: 'Origin',
        'access-control-allow-origin': 'http://localhost:8080',
        'access-control-allow-credentials': 'true',
        'access-control-expose-headers': 'WWW-Authenticate,Server-Authorization',
        'content-type': 'application/json; charset=utf-8' },
     body: { data: [Object] } } }
[2020-02-26T22:28:23.477] [INFO] response - { method: 'GET',
  url: '/api/classrooms/getclassroominfo',
  body: {},
  costTime: 11,
  response: { status: 200,
     message: 'OK',
     header: 
      { vary: 'Origin',
        'access-control-allow-origin': 'http://localhost:8080',
        'access-control-allow-credentials': 'true',
        'access-control-expose-headers': 'WWW-Authenticate,Server-Authorization',
        'content-type': 'application/json; charset=utf-8' },
     body: { code: 1, data: [Array] } } }
[2020-02-26T22:28:41.611] [INFO] response - { method: 'GET',
  url: '/api/users/userinfo',
  body: {},
  costTime: 12,
  response: { status: 200,
     message: 'OK',
     header: 
      { vary: 'Origin',
        'access-control-allow-origin': 'http://localhost:8080',
        'access-control-allow-credentials': 'true',
        'access-control-expose-headers': 'WWW-Authenticate,Server-Authorization',
        'content-type': 'application/json; charset=utf-8' },
     body: { data: [Object] } } }
[2020-02-26T22:28:42.302] [INFO] response - { method: 'GET',
  url: '/api/users/userinfo',
  body: {},
  costTime: 7,
  response: { status: 200,
     message: 'OK',
     header: 
      { vary: 'Origin',
        'access-control-allow-origin': 'http://localhost:8080',
        'access-control-allow-credentials': 'true',
        'access-control-expose-headers': 'WWW-Authenticate,Server-Authorization',
        'content-type': 'application/json; charset=utf-8' },
     body: { data: [Object] } } }
[2020-02-26T22:28:42.375] [INFO] response - { method: 'GET',
  url: '/api/classrooms/getclassroomtimeinfo',
  body: {},
  costTime: 17,
  response: { status: 200,
     message: 'OK',
     header: 
      { vary: 'Origin',
        'access-control-allow-origin': 'http://localhost:8080',
        'access-control-allow-credentials': 'true',
        'access-control-expose-headers': 'WWW-Authenticate,Server-Authorization',
        'content-type': 'application/json; charset=utf-8' },
     body: { code: 1, data: [Array] } } }
[2020-02-26T22:28:45.276] [INFO] response - { method: 'GET',
  url: '/api/users/userinfo',
  body: {},
  costTime: 9,
  response: { status: 200,
     message: 'OK',
     header: 
      { vary: 'Origin',
        'access-control-allow-origin': 'http://localhost:8080',
        'access-control-allow-credentials': 'true',
        'access-control-expose-headers': 'WWW-Authenticate,Server-Authorization',
        'content-type': 'application/json; charset=utf-8' },
     body: { data: [Object] } } }
[2020-02-26T22:28:45.643] [INFO] response - { method: 'GET',
  url: '/api/users/getallinfo',
  body: {},
  costTime: 9,
  response: { status: 200,
     message: 'OK',
     header: 
      { vary: 'Origin',
        'access-control-allow-origin': 'http://localhost:8080',
        'access-control-allow-credentials': 'true',
        'access-control-expose-headers': 'WWW-Authenticate,Server-Authorization',
        'content-type': 'application/json; charset=utf-8' },
     body: { code: 1, data: [Array] } } }
[2020-02-26T22:28:49.272] [INFO] response - { method: 'GET',
  url: '/api/users/userinfo',
  body: {},
  costTime: 9,
  response: { status: 200,
     message: 'OK',
     header: 
      { vary: 'Origin',
        'access-control-allow-origin': 'http://localhost:8080',
        'access-control-allow-credentials': 'true',
        'access-control-expose-headers': 'WWW-Authenticate,Server-Authorization',
        'content-type': 'application/json; charset=utf-8' },
     body: { data: [Object] } } }
[2020-02-26T22:28:50.723] [INFO] response - { method: 'GET',
  url: '/api/users/userinfo',
  body: {},
  costTime: 7,
  response: { status: 200,
     message: 'OK',
     header: 
      { vary: 'Origin',
        'access-control-allow-origin': 'http://localhost:8080',
        'access-control-allow-credentials': 'true',
        'access-control-expose-headers': 'WWW-Authenticate,Server-Authorization',
        'content-type': 'application/json; charset=utf-8' },
     body: { data: [Object] } } }
[2020-02-26T22:28:51.718] [INFO] response - { method: 'GET',
  url: '/api/users/userinfo',
  body: {},
  costTime: 6,
  response: { status: 200,
     message: 'OK',
     header: 
      { vary: 'Origin',
        'access-control-allow-origin': 'http://localhost:8080',
        'access-control-allow-credentials': 'true',
        'access-control-expose-headers': 'WWW-Authenticate,Server-Authorization',
        'content-type': 'application/json; charset=utf-8' },
     body: { data: [Object] } } }
[2020-02-26T22:28:51.792] [INFO] response - { method: 'GET',
  url: '/api/tables/alltableinfo',
  body: {},
  costTime: 16,
  response: { status: 200,
     message: 'OK',
     header: 
      { vary: 'Origin',
        'access-control-allow-origin': 'http://localhost:8080',
        'access-control-allow-credentials': 'true',
        'access-control-expose-headers': 'WWW-Authenticate,Server-Authorization',
        'content-type': 'application/json; charset=utf-8' },
     body: { code: 1, data: [Array] } } }
[2020-02-26T22:28:52.773] [INFO] response - { method: 'GET',
  url: '/api/users/userinfo',
  body: {},
  costTime: 8,
  response: { status: 200,
     message: 'OK',
     header: 
      { vary: 'Origin',
        'access-control-allow-origin': 'http://localhost:8080',
        'access-control-allow-credentials': 'true',
        'access-control-expose-headers': 'WWW-Authenticate,Server-Authorization',
        'content-type': 'application/json; charset=utf-8' },
     body: { data: [Object] } } }
[2020-02-26T22:28:53.136] [INFO] response - { method: 'GET',
  url: '/api/classrooms/getclassroominfo',
  body: {},
  costTime: 11,
  response: { status: 200,
     message: 'OK',
     header: 
      { vary: 'Origin',
        'access-control-allow-origin': 'http://localhost:8080',
        'access-control-allow-credentials': 'true',
        'access-control-expose-headers': 'WWW-Authenticate,Server-Authorization',
        'content-type': 'application/json; charset=utf-8' },
     body: { code: 1, data: [Array] } } }
[2020-02-26T22:28:53.957] [INFO] response - { method: 'GET',
  url: '/api/users/userinfo',
  body: {},
  costTime: 12,
  response: { status: 200,
     message: 'OK',
     header: 
      { vary: 'Origin',
        'access-control-allow-origin': 'http://localhost:8080',
        'access-control-allow-credentials': 'true',
        'access-control-expose-headers': 'WWW-Authenticate,Server-Authorization',
        'content-type': 'application/json; charset=utf-8' },
     body: { data: [Object] } } }
[2020-02-26T22:28:54.017] [INFO] response - { method: 'GET',
  url: '/api/classrooms/getclassroomtimeinfo',
  body: {},
  costTime: 20,
  response: { status: 200,
     message: 'OK',
     header: 
      { vary: 'Origin',
        'access-control-allow-origin': 'http://localhost:8080',
        'access-control-allow-credentials': 'true',
        'access-control-expose-headers': 'WWW-Authenticate,Server-Authorization',
        'content-type': 'application/json; charset=utf-8' },
     body: { code: 1, data: [Array] } } }
[2020-02-26T22:28:54.677] [INFO] response - { method: 'GET',
  url: '/api/users/userinfo',
  body: {},
  costTime: 8,
  response: { status: 200,
     message: 'OK',
     header: 
      { vary: 'Origin',
        'access-control-allow-origin': 'http://localhost:8080',
        'access-control-allow-credentials': 'true',
        'access-control-expose-headers': 'WWW-Authenticate,Server-Authorization',
        'content-type': 'application/json; charset=utf-8' },
     body: { data: [Object] } } }
[2020-02-26T22:28:55.683] [INFO] response - { method: 'GET',
  url: '/api/users/userinfo',
  body: {},
  costTime: 8,
  response: { status: 200,
     message: 'OK',
     header: 
      { vary: 'Origin',
        'access-control-allow-origin': 'http://localhost:8080',
        'access-control-allow-credentials': 'true',
        'access-control-expose-headers': 'WWW-Authenticate,Server-Authorization',
        'content-type': 'application/json; charset=utf-8' },
     body: { data: [Object] } } }
[2020-02-26T22:28:55.743] [INFO] response - { method: 'GET',
  url: '/api/users/getallinfo',
  body: {},
  costTime: 16,
  response: { status: 200,
     message: 'OK',
     header: 
      { vary: 'Origin',
        'access-control-allow-origin': 'http://localhost:8080',
        'access-control-allow-credentials': 'true',
        'access-control-expose-headers': 'WWW-Authenticate,Server-Authorization',
        'content-type': 'application/json; charset=utf-8' },
     body: { code: 1, data: [Array] } } }
[2020-02-26T22:28:56.180] [INFO] response - { method: 'GET',
  url: '/api/users/userinfo',
  body: {},
  costTime: 19,
  response: { status: 200,
     message: 'OK',
     header: 
      { vary: 'Origin',
        'access-control-allow-origin': 'http://localhost:8080',
        'access-control-allow-credentials': 'true',
        'access-control-expose-headers': 'WWW-Authenticate,Server-Authorization',
        'content-type': 'application/json; charset=utf-8' },
     body: { data: [Object] } } }
[2020-02-26T22:28:56.538] [INFO] response - { method: 'GET',
  url: '/api/classrooms/getclassroominfo',
  body: {},
  costTime: 13,
  response: { status: 200,
     message: 'OK',
     header: 
      { vary: 'Origin',
        'access-control-allow-origin': 'http://localhost:8080',
        'access-control-allow-credentials': 'true',
        'access-control-expose-headers': 'WWW-Authenticate,Server-Authorization',
        'content-type': 'application/json; charset=utf-8' },
     body: { code: 1, data: [Array] } } }
[2020-02-26T22:28:57.040] [INFO] response - { method: 'GET',
  url: '/api/users/userinfo',
  body: {},
  costTime: 10,
  response: { status: 200,
     message: 'OK',
     header: 
      { vary: 'Origin',
        'access-control-allow-origin': 'http://localhost:8080',
        'access-control-allow-credentials': 'true',
        'access-control-expose-headers': 'WWW-Authenticate,Server-Authorization',
        'content-type': 'application/json; charset=utf-8' },
     body: { data: [Object] } } }
[2020-02-26T22:28:57.100] [INFO] response - { method: 'GET',
  url: '/api/classrooms/getclassroomtimeinfo',
  body: {},
  costTime: 15,
  response: { status: 200,
     message: 'OK',
     header: 
      { vary: 'Origin',
        'access-control-allow-origin': 'http://localhost:8080',
        'access-control-allow-credentials': 'true',
        'access-control-expose-headers': 'WWW-Authenticate,Server-Authorization',
        'content-type': 'application/json; charset=utf-8' },
     body: { code: 1, data: [Array] } } }
