[2019-12-13T14:47:02.480] [INFO] response - { method: 'GET',
  url: '/favicon.ico',
  body: {},
  costTime: 2,
  response: { status: 200,
     message: 'OK',
     header: 
      { vary: 'Origin',
        'access-control-allow-origin': 'http://localhost:8080',
        'access-control-allow-credentials': 'true',
        'access-control-expose-headers': 'WWW-Authenticate,Server-Authorization',
        'content-type': 'text/html; charset=utf-8',
        'content-length': '331' },
     body: '<h1>抱歉，找不到你的诗和远方了！</h1>\n<h2>404</h2>\n<pre>NotFoundError: Not Found\n    at Object.throw (D:\\360极速浏览器下载\\koaLogin_sequelize\\node_modules\\koa\\lib\\context.js:97:11)\n    at module.exports (D:\\360极速浏览器下载\\koaLogin_sequelize\\middlewares\\error.js:5:22)\n    at &lt;anonymous&gt;</pre>\n\n' } }
[2019-12-13T14:47:53.628] [INFO] response - { method: 'GET',
  url: '/',
  body: {},
  costTime: 2,
  response: { status: 200,
     message: 'OK',
     header: 
      { vary: 'Origin',
        'access-control-allow-origin': 'http://localhost:8080',
        'access-control-allow-credentials': 'true',
        'access-control-expose-headers': 'WWW-Authenticate,Server-Authorization',
        'content-type': 'text/html; charset=utf-8',
        'content-length': '511' },
     body: '<!DOCTYPE html>\n<html>\n  <head>\n    <link rel=\'stylesheet\' href=\'/stylesheets/style.css\' />\n  </head>\n  <body>\n    \n    <p><a href="/users/logout">注销</a></p>\n    <p>用户名：李四</p>\n    \n    \n    <p><a href="/user/message">用户信息管理</a></p>\n    <p><a href="/class/classroom_message">教室信息管理</a></p>\n    <p><a href="/class/classroom_occupyMessage">教室占用情况</a></p>\n    <p><a href="/classtable/classtable_message">教室申请表信息管理</a></p>\n    \n  </body>\n</html>\n' } }
[2019-12-13T14:47:53.905] [INFO] response - { method: 'GET',
  url: '/favicon.ico',
  body: {},
  costTime: 3,
  response: { status: 200,
     message: 'OK',
     header: 
      { vary: 'Origin',
        'access-control-allow-origin': 'http://localhost:8080',
        'access-control-allow-credentials': 'true',
        'access-control-expose-headers': 'WWW-Authenticate,Server-Authorization',
        'content-type': 'text/html; charset=utf-8',
        'content-length': '331' },
     body: '<h1>抱歉，找不到你的诗和远方了！</h1>\n<h2>404</h2>\n<pre>NotFoundError: Not Found\n    at Object.throw (D:\\360极速浏览器下载\\koaLogin_sequelize\\node_modules\\koa\\lib\\context.js:97:11)\n    at module.exports (D:\\360极速浏览器下载\\koaLogin_sequelize\\middlewares\\error.js:5:22)\n    at &lt;anonymous&gt;</pre>\n\n' } }
[2019-12-13T14:47:54.977] [INFO] response - { method: 'GET',
  url: '/user/message',
  body: {},
  costTime: 59,
  response: { status: 200,
     message: 'OK',
     header: 
      { vary: 'Origin',
        'access-control-allow-origin': 'http://localhost:8080',
        'access-control-allow-credentials': 'true',
        'access-control-expose-headers': 'WWW-Authenticate,Server-Authorization',
        'content-type': 'text/html; charset=utf-8',
        'content-length': '4032' },
     body: '<!DOCTYPE html>\r\n<html lang="en">\r\n\r\n<head>\r\n    <meta charset="UTF-8">\r\n    <meta name="viewport" content="width=device-width, initial-scale=1.0">\r\n    <meta http-equiv="X-UA-Compatible" content="ie=edge">\r\n\r\n    <title>用户信息管理</title>\r\n</head>\r\n\r\n<body>\r\n    <div id="container">\r\n        <div class="title">用户信息管理</div>\r\n        <div class="table">\r\n            <table border="1px solid" style="text-align: center;">\r\n                <thead>\r\n                    <td>序号</td>\r\n                    <td>学号/工号</td>\r\n                    <td>用户姓名</td>\r\n                    <td>用户身份</td>\r\n                    <td>用户性别</td>\r\n                    <td>用户生日</td>\r\n                    <td>地区</td>\r\n                    <td>操作</td>\r\n                </thead>\r\n                <tbody>\r\n                    \r\n                    <tr>\r\n                        <td>1</td>\r\n                        <td>1002</td>\r\n                        <td>李四</td>\r\n                        <td>\r\n                            老师\r\n                            \r\n                        </td>\r\n                        <td>\r\n                            女\r\n                            \r\n                        </td>\r\n                        <td>1998-03-29</td>\r\n                        <td>广东广州</td>\r\n                        <td><a href="/user/message/delect/1002">删除</td>\r\n                        <td><a href="/user/message/edit/1002">编辑</td>\r\n                    </tr>\r\n                    \r\n                    <tr>\r\n                        <td>2</td>\r\n                        <td>1001</td>\r\n                        <td>张三</td>\r\n                        <td>\r\n                            学生\r\n                            \r\n                        </td>\r\n                        <td>\r\n                            男\r\n                            \r\n                        </td>\r\n                        <td>1999-03-29</td>\r\n                        <td>广东惠州</td>\r\n                        <td><a href="/user/message/delect/1001">删除</td>\r\n                        <td><a href="/user/message/edit/1001">编辑</td>\r\n                    </tr>\r\n                    \r\n                    <tr>\r\n                        <td>3</td>\r\n                        <td>1003</td>\r\n                        <td>赵六</td>\r\n                        <td>\r\n                            学生\r\n                            \r\n                        </td>\r\n                        <td>\r\n                            男\r\n                            \r\n                        </td>\r\n                        <td>1997-09-09</td>\r\n                        <td>广东茂名</td>\r\n                        <td><a href="/user/message/delect/1003">删除</td>\r\n                        <td><a href="/user/message/edit/1003">编辑</td>\r\n                    </tr>\r\n                    \r\n                </tbody>\r\n            </table>\r\n        </div>\r\n        <p></p>\r\n        <div class="adduser">\r\n            <div>添加用户</div>\r\n            <br>\r\n            <form action="/user/message/sent" method="POST">\r\n                学号或工号：<input type="text" name="u_id" placeholder="学号或工号" required>\r\n                <br></br>\r\n                用户名字：<input type="text" name="u_name" placeholder="用户姓名" required>\r\n                <br></br>\r\n                <label for="u_role">角色:</label>\r\n                <select name="u_role" required>\r\n                    <option value=""></option>\r\n                    <option value="1">学生</option>\r\n                    <option value="2">老师</option>\r\n                </select>\r\n                <br></br>\r\n                密码：<input type="password" name="u_password" placeholder="用户密码" required>\r\n                <br></br>\r\n                <button type="submit">提交</button> <button type="reset">重置</button>\r\n            </form>\r\n        </div>\r\n\r\n\r\n    </div>\r\n    \r\n</body>\r\n\r\n</html>' } }
[2019-12-13T14:47:55.071] [INFO] response - { method: 'GET',
  url: '/favicon.ico',
  body: {},
  costTime: 3,
  response: { status: 200,
     message: 'OK',
     header: 
      { vary: 'Origin',
        'access-control-allow-origin': 'http://localhost:8080',
        'access-control-allow-credentials': 'true',
        'access-control-expose-headers': 'WWW-Authenticate,Server-Authorization',
        'content-type': 'text/html; charset=utf-8',
        'content-length': '331' },
     body: '<h1>抱歉，找不到你的诗和远方了！</h1>\n<h2>404</h2>\n<pre>NotFoundError: Not Found\n    at Object.throw (D:\\360极速浏览器下载\\koaLogin_sequelize\\node_modules\\koa\\lib\\context.js:97:11)\n    at module.exports (D:\\360极速浏览器下载\\koaLogin_sequelize\\middlewares\\error.js:5:22)\n    at &lt;anonymous&gt;</pre>\n\n' } }
[2019-12-13T14:56:42.405] [INFO] response - { method: 'GET',
  url: '/api/users/postlogin',
  body: {},
  costTime: 2,
  response: { status: 401,
     message: 'Unauthorized',
     header: 
      { vary: 'Origin',
        'access-control-allow-origin': 'http://localhost:8080',
        'access-control-allow-credentials': 'true',
        'access-control-expose-headers': 'WWW-Authenticate,Server-Authorization',
        'content-type': 'text/plain; charset=utf-8',
        'content-length': '12' },
     body: 'Unauthorized' } }
[2019-12-13T14:56:45.916] [INFO] response - { method: 'GET',
  url: '/api/users/postlogin',
  body: {},
  costTime: 1,
  response: { status: 401,
     message: 'Unauthorized',
     header: 
      { vary: 'Origin',
        'access-control-allow-origin': 'http://localhost:8080',
        'access-control-allow-credentials': 'true',
        'access-control-expose-headers': 'WWW-Authenticate,Server-Authorization',
        'content-type': 'text/plain; charset=utf-8',
        'content-length': '12' },
     body: 'Unauthorized' } }
[2019-12-13T14:56:48.467] [INFO] response - { method: 'GET',
  url: '/api/users/userinfo',
  body: {},
  costTime: 234,
  response: { status: 200,
     message: 'OK',
     header: 
      { vary: 'Origin',
        'access-control-allow-origin': 'http://localhost:8080',
        'access-control-allow-credentials': 'true',
        'access-control-expose-headers': 'WWW-Authenticate,Server-Authorization',
        'content-type': 'application/json; charset=utf-8' },
     body: { data: [Object] } } }
[2019-12-13T14:56:54.111] [INFO] response - { method: 'POST',
  url: '/api/users/postlogin',
  body: { user_id: '1001', password: '123456' },
  costTime: 184,
  response: { status: 200,
     message: 'OK',
     header: 
      { vary: 'Origin',
        'access-control-allow-origin': 'http://localhost:8080',
        'access-control-allow-credentials': 'true',
        'access-control-expose-headers': 'WWW-Authenticate,Server-Authorization',
        'content-type': 'application/json; charset=utf-8' },
     body: { code: 1, data: [Object] } } }
[2019-12-13T14:56:54.684] [INFO] response - { method: 'GET',
  url: '/api/users/userinfo',
  body: {},
  costTime: 262,
  response: { status: 200,
     message: 'OK',
     header: 
      { vary: 'Origin',
        'access-control-allow-origin': 'http://localhost:8080',
        'access-control-allow-credentials': 'true',
        'access-control-expose-headers': 'WWW-Authenticate,Server-Authorization',
        'content-type': 'application/json; charset=utf-8' },
     body: { data: [Object] } } }
[2019-12-13T14:57:29.510] [INFO] response - { method: 'POST',
  url: '/api/users/postlogin',
  body: { user_id: '1001', password: '123456' },
  costTime: 8,
  response: { status: 200,
     message: 'OK',
     header: 
      { vary: 'Origin',
        'access-control-allow-origin': 'http://localhost:8080',
        'access-control-allow-credentials': 'true',
        'access-control-expose-headers': 'WWW-Authenticate,Server-Authorization',
        'content-type': 'application/json; charset=utf-8' },
     body: { code: 1, data: [Object] } } }
[2019-12-13T14:57:29.764] [INFO] response - { method: 'GET',
  url: '/api/users/userinfo',
  body: {},
  costTime: 9,
  response: { status: 200,
     message: 'OK',
     header: 
      { vary: 'Origin',
        'access-control-allow-origin': 'http://localhost:8080',
        'access-control-allow-credentials': 'true',
        'access-control-expose-headers': 'WWW-Authenticate,Server-Authorization',
        'content-type': 'application/json; charset=utf-8' },
     body: { data: [Object] } } }
[2019-12-13T14:57:44.271] [INFO] response - { method: 'POST',
  url: '/api/users/postlogin',
  body: { user_id: '1002', password: '123456' },
  costTime: 8,
  response: { status: 200,
     message: 'OK',
     header: 
      { vary: 'Origin',
        'access-control-allow-origin': 'http://localhost:8080',
        'access-control-allow-credentials': 'true',
        'access-control-expose-headers': 'WWW-Authenticate,Server-Authorization',
        'content-type': 'application/json; charset=utf-8' },
     body: { code: 1, data: [Object] } } }
[2019-12-13T14:57:44.524] [INFO] response - { method: 'GET',
  url: '/api/users/userinfo',
  body: {},
  costTime: 8,
  response: { status: 200,
     message: 'OK',
     header: 
      { vary: 'Origin',
        'access-control-allow-origin': 'http://localhost:8080',
        'access-control-allow-credentials': 'true',
        'access-control-expose-headers': 'WWW-Authenticate,Server-Authorization',
        'content-type': 'application/json; charset=utf-8' },
     body: { data: [Object] } } }
[2019-12-13T14:58:49.818] [INFO] response - { method: 'POST',
  url: '/api/users/postlogin',
  body: { user_id: '1001', password: '123456' },
  costTime: 9,
  response: { status: 200,
     message: 'OK',
     header: 
      { vary: 'Origin',
        'access-control-allow-origin': 'http://localhost:8080',
        'access-control-allow-credentials': 'true',
        'access-control-expose-headers': 'WWW-Authenticate,Server-Authorization',
        'content-type': 'application/json; charset=utf-8' },
     body: { code: 1, data: [Object] } } }
[2019-12-13T14:58:49.838] [INFO] response - { method: 'GET',
  url: '/api/users/userinfo',
  body: {},
  costTime: 9,
  response: { status: 200,
     message: 'OK',
     header: 
      { vary: 'Origin',
        'access-control-allow-origin': 'http://localhost:8080',
        'access-control-allow-credentials': 'true',
        'access-control-expose-headers': 'WWW-Authenticate,Server-Authorization',
        'content-type': 'application/json; charset=utf-8' },
     body: { data: [Object] } } }
[2019-12-13T14:58:51.344] [INFO] response - { method: 'GET',
  url: '/api/users/userinfo',
  body: {},
  costTime: 9,
  response: { status: 200,
     message: 'OK',
     header: 
      { vary: 'Origin',
        'access-control-allow-origin': 'http://localhost:8080',
        'access-control-allow-credentials': 'true',
        'access-control-expose-headers': 'WWW-Authenticate,Server-Authorization',
        'content-type': 'application/json; charset=utf-8' },
     body: { data: [Object] } } }
[2019-12-13T15:01:38.533] [INFO] response - { method: 'GET',
  url: '/api/users/userinfo',
  body: {},
  costTime: 25,
  response: { status: 200,
     message: 'OK',
     header: 
      { vary: 'Origin',
        'access-control-allow-origin': 'http://localhost:8080',
        'access-control-allow-credentials': 'true',
        'access-control-expose-headers': 'WWW-Authenticate,Server-Authorization',
        'content-type': 'application/json; charset=utf-8' },
     body: { data: [Object] } } }
[2019-12-13T15:01:39.271] [INFO] response - { method: 'GET',
  url: '/api/users/userinfo',
  body: {},
  costTime: 14,
  response: { status: 200,
     message: 'OK',
     header: 
      { vary: 'Origin',
        'access-control-allow-origin': 'http://localhost:8080',
        'access-control-allow-credentials': 'true',
        'access-control-expose-headers': 'WWW-Authenticate,Server-Authorization',
        'content-type': 'application/json; charset=utf-8' },
     body: { data: [Object] } } }
[2019-12-13T15:01:45.432] [INFO] response - { method: 'GET',
  url: '/api/users/userinfo',
  body: {},
  costTime: 8,
  response: { status: 200,
     message: 'OK',
     header: 
      { vary: 'Origin',
        'access-control-allow-origin': 'http://localhost:8080',
        'access-control-allow-credentials': 'true',
        'access-control-expose-headers': 'WWW-Authenticate,Server-Authorization',
        'content-type': 'application/json; charset=utf-8' },
     body: { data: [Object] } } }
[2019-12-13T15:01:46.230] [INFO] response - { method: 'GET',
  url: '/api/users/userinfo',
  body: {},
  costTime: 9,
  response: { status: 200,
     message: 'OK',
     header: 
      { vary: 'Origin',
        'access-control-allow-origin': 'http://localhost:8080',
        'access-control-allow-credentials': 'true',
        'access-control-expose-headers': 'WWW-Authenticate,Server-Authorization',
        'content-type': 'application/json; charset=utf-8' },
     body: { data: [Object] } } }
[2019-12-13T15:01:47.031] [INFO] response - { method: 'GET',
  url: '/api/users/userinfo',
  body: {},
  costTime: 10,
  response: { status: 200,
     message: 'OK',
     header: 
      { vary: 'Origin',
        'access-control-allow-origin': 'http://localhost:8080',
        'access-control-allow-credentials': 'true',
        'access-control-expose-headers': 'WWW-Authenticate,Server-Authorization',
        'content-type': 'application/json; charset=utf-8' },
     body: { data: [Object] } } }
[2019-12-13T15:01:47.634] [INFO] response - { method: 'GET',
  url: '/api/users/userinfo',
  body: {},
  costTime: 10,
  response: { status: 200,
     message: 'OK',
     header: 
      { vary: 'Origin',
        'access-control-allow-origin': 'http://localhost:8080',
        'access-control-allow-credentials': 'true',
        'access-control-expose-headers': 'WWW-Authenticate,Server-Authorization',
        'content-type': 'application/json; charset=utf-8' },
     body: { data: [Object] } } }
[2019-12-13T15:01:48.113] [INFO] response - { method: 'GET',
  url: '/api/users/userinfo',
  body: {},
  costTime: 10,
  response: { status: 200,
     message: 'OK',
     header: 
      { vary: 'Origin',
        'access-control-allow-origin': 'http://localhost:8080',
        'access-control-allow-credentials': 'true',
        'access-control-expose-headers': 'WWW-Authenticate,Server-Authorization',
        'content-type': 'application/json; charset=utf-8' },
     body: { data: [Object] } } }
[2019-12-13T15:01:49.047] [INFO] response - { method: 'GET',
  url: '/api/users/userinfo',
  body: {},
  costTime: 9,
  response: { status: 200,
     message: 'OK',
     header: 
      { vary: 'Origin',
        'access-control-allow-origin': 'http://localhost:8080',
        'access-control-allow-credentials': 'true',
        'access-control-expose-headers': 'WWW-Authenticate,Server-Authorization',
        'content-type': 'application/json; charset=utf-8' },
     body: { data: [Object] } } }
[2019-12-13T15:08:35.575] [INFO] response - { method: 'GET',
  url: '/api/users/userinfo',
  body: {},
  costTime: 14,
  response: { status: 200,
     message: 'OK',
     header: 
      { vary: 'Origin',
        'access-control-allow-origin': 'http://localhost:8080',
        'access-control-allow-credentials': 'true',
        'access-control-expose-headers': 'WWW-Authenticate,Server-Authorization',
        'content-type': 'application/json; charset=utf-8' },
     body: { data: [Object] } } }
[2019-12-13T15:10:00.886] [INFO] response - { method: 'GET',
  url: '/api/users/userinfo',
  body: {},
  costTime: 12,
  response: { status: 200,
     message: 'OK',
     header: 
      { vary: 'Origin',
        'access-control-allow-origin': 'http://localhost:8080',
        'access-control-allow-credentials': 'true',
        'access-control-expose-headers': 'WWW-Authenticate,Server-Authorization',
        'content-type': 'application/json; charset=utf-8' },
     body: { data: [Object] } } }
[2019-12-13T15:10:02.215] [INFO] response - { method: 'GET',
  url: '/api/users/userinfo',
  body: {},
  costTime: 7,
  response: { status: 200,
     message: 'OK',
     header: 
      { vary: 'Origin',
        'access-control-allow-origin': 'http://localhost:8080',
        'access-control-allow-credentials': 'true',
        'access-control-expose-headers': 'WWW-Authenticate,Server-Authorization',
        'content-type': 'application/json; charset=utf-8' },
     body: { data: [Object] } } }
[2019-12-13T15:22:13.377] [INFO] response - { method: 'GET',
  url: '/api/users/userinfo',
  body: {},
  costTime: 14,
  response: { status: 200,
     message: 'OK',
     header: 
      { vary: 'Origin',
        'access-control-allow-origin': 'http://localhost:8080',
        'access-control-allow-credentials': 'true',
        'access-control-expose-headers': 'WWW-Authenticate,Server-Authorization',
        'content-type': 'application/json; charset=utf-8' },
     body: { data: [Object] } } }
[2019-12-13T15:22:13.737] [INFO] response - { method: 'GET',
  url: '/api/users/userinfo',
  body: {},
  costTime: 6,
  response: { status: 200,
     message: 'OK',
     header: 
      { vary: 'Origin',
        'access-control-allow-origin': 'http://localhost:8080',
        'access-control-allow-credentials': 'true',
        'access-control-expose-headers': 'WWW-Authenticate,Server-Authorization',
        'content-type': 'application/json; charset=utf-8' },
     body: { data: [Object] } } }
[2019-12-13T15:22:14.581] [INFO] response - { method: 'GET',
  url: '/api/users/userinfo',
  body: {},
  costTime: 9,
  response: { status: 200,
     message: 'OK',
     header: 
      { vary: 'Origin',
        'access-control-allow-origin': 'http://localhost:8080',
        'access-control-allow-credentials': 'true',
        'access-control-expose-headers': 'WWW-Authenticate,Server-Authorization',
        'content-type': 'application/json; charset=utf-8' },
     body: { data: [Object] } } }
[2019-12-13T15:22:15.262] [INFO] response - { method: 'GET',
  url: '/api/users/userinfo',
  body: {},
  costTime: 11,
  response: { status: 200,
     message: 'OK',
     header: 
      { vary: 'Origin',
        'access-control-allow-origin': 'http://localhost:8080',
        'access-control-allow-credentials': 'true',
        'access-control-expose-headers': 'WWW-Authenticate,Server-Authorization',
        'content-type': 'application/json; charset=utf-8' },
     body: { data: [Object] } } }
[2019-12-13T15:22:16.694] [INFO] response - { method: 'GET',
  url: '/api/users/userinfo',
  body: {},
  costTime: 9,
  response: { status: 200,
     message: 'OK',
     header: 
      { vary: 'Origin',
        'access-control-allow-origin': 'http://localhost:8080',
        'access-control-allow-credentials': 'true',
        'access-control-expose-headers': 'WWW-Authenticate,Server-Authorization',
        'content-type': 'application/json; charset=utf-8' },
     body: { data: [Object] } } }
[2019-12-13T15:22:18.342] [INFO] response - { method: 'GET',
  url: '/api/users/userinfo',
  body: {},
  costTime: 9,
  response: { status: 200,
     message: 'OK',
     header: 
      { vary: 'Origin',
        'access-control-allow-origin': 'http://localhost:8080',
        'access-control-allow-credentials': 'true',
        'access-control-expose-headers': 'WWW-Authenticate,Server-Authorization',
        'content-type': 'application/json; charset=utf-8' },
     body: { data: [Object] } } }
[2019-12-13T15:22:24.123] [INFO] response - { method: 'GET',
  url: '/api/users/userinfo',
  body: {},
  costTime: 8,
  response: { status: 200,
     message: 'OK',
     header: 
      { vary: 'Origin',
        'access-control-allow-origin': 'http://localhost:8080',
        'access-control-allow-credentials': 'true',
        'access-control-expose-headers': 'WWW-Authenticate,Server-Authorization',
        'content-type': 'application/json; charset=utf-8' },
     body: { data: [Object] } } }
[2019-12-13T15:22:24.621] [INFO] response - { method: 'GET',
  url: '/api/users/userinfo',
  body: {},
  costTime: 8,
  response: { status: 200,
     message: 'OK',
     header: 
      { vary: 'Origin',
        'access-control-allow-origin': 'http://localhost:8080',
        'access-control-allow-credentials': 'true',
        'access-control-expose-headers': 'WWW-Authenticate,Server-Authorization',
        'content-type': 'application/json; charset=utf-8' },
     body: { data: [Object] } } }
[2019-12-13T15:22:27.466] [INFO] response - { method: 'GET',
  url: '/api/users/userinfo',
  body: {},
  costTime: 8,
  response: { status: 200,
     message: 'OK',
     header: 
      { vary: 'Origin',
        'access-control-allow-origin': 'http://localhost:8080',
        'access-control-allow-credentials': 'true',
        'access-control-expose-headers': 'WWW-Authenticate,Server-Authorization',
        'content-type': 'application/json; charset=utf-8' },
     body: { data: [Object] } } }
[2019-12-13T15:22:28.106] [INFO] response - { method: 'GET',
  url: '/api/users/userinfo',
  body: {},
  costTime: 7,
  response: { status: 200,
     message: 'OK',
     header: 
      { vary: 'Origin',
        'access-control-allow-origin': 'http://localhost:8080',
        'access-control-allow-credentials': 'true',
        'access-control-expose-headers': 'WWW-Authenticate,Server-Authorization',
        'content-type': 'application/json; charset=utf-8' },
     body: { data: [Object] } } }
[2019-12-13T15:27:08.497] [INFO] response - { method: 'GET',
  url: '/api/users/userinfo',
  body: {},
  costTime: 25,
  response: { status: 200,
     message: 'OK',
     header: 
      { vary: 'Origin',
        'access-control-allow-origin': 'http://localhost:8080',
        'access-control-allow-credentials': 'true',
        'access-control-expose-headers': 'WWW-Authenticate,Server-Authorization',
        'content-type': 'application/json; charset=utf-8' },
     body: { data: [Object] } } }
[2019-12-13T15:31:23.131] [INFO] response - { method: 'GET',
  url: '/api/users/userinfo',
  body: {},
  costTime: 14,
  response: { status: 200,
     message: 'OK',
     header: 
      { vary: 'Origin',
        'access-control-allow-origin': 'http://localhost:8080',
        'access-control-allow-credentials': 'true',
        'access-control-expose-headers': 'WWW-Authenticate,Server-Authorization',
        'content-type': 'application/json; charset=utf-8' },
     body: { data: [Object] } } }
[2019-12-13T15:31:24.923] [INFO] response - { method: 'GET',
  url: '/api/users/userinfo',
  body: {},
  costTime: 15,
  response: { status: 200,
     message: 'OK',
     header: 
      { vary: 'Origin',
        'access-control-allow-origin': 'http://localhost:8080',
        'access-control-allow-credentials': 'true',
        'access-control-expose-headers': 'WWW-Authenticate,Server-Authorization',
        'content-type': 'application/json; charset=utf-8' },
     body: { data: [Object] } } }
[2019-12-13T15:31:27.909] [INFO] response - { method: 'GET',
  url: '/api/users/userinfo',
  body: {},
  costTime: 14,
  response: { status: 200,
     message: 'OK',
     header: 
      { vary: 'Origin',
        'access-control-allow-origin': 'http://localhost:8080',
        'access-control-allow-credentials': 'true',
        'access-control-expose-headers': 'WWW-Authenticate,Server-Authorization',
        'content-type': 'application/json; charset=utf-8' },
     body: { data: [Object] } } }
[2019-12-13T15:50:55.018] [INFO] response - { method: 'GET',
  url: '/api/users/userinfo',
  body: {},
  costTime: 123,
  response: { status: 200,
     message: 'OK',
     header: 
      { vary: 'Origin',
        'access-control-allow-origin': 'http://localhost:8080',
        'access-control-allow-credentials': 'true',
        'access-control-expose-headers': 'WWW-Authenticate,Server-Authorization',
        'content-type': 'application/json; charset=utf-8' },
     body: { data: [Object] } } }
[2019-12-13T15:50:57.983] [INFO] response - { method: 'GET',
  url: '/api/users/userinfo',
  body: {},
  costTime: 248,
  response: { status: 200,
     message: 'OK',
     header: 
      { vary: 'Origin',
        'access-control-allow-origin': 'http://localhost:8080',
        'access-control-allow-credentials': 'true',
        'access-control-expose-headers': 'WWW-Authenticate,Server-Authorization',
        'content-type': 'application/json; charset=utf-8' },
     body: { data: [Object] } } }
[2019-12-13T15:50:59.148] [INFO] response - { method: 'GET',
  url: '/api/users/userinfo',
  body: {},
  costTime: 437,
  response: { status: 200,
     message: 'OK',
     header: 
      { vary: 'Origin',
        'access-control-allow-origin': 'http://localhost:8080',
        'access-control-allow-credentials': 'true',
        'access-control-expose-headers': 'WWW-Authenticate,Server-Authorization',
        'content-type': 'application/json; charset=utf-8' },
     body: { data: [Object] } } }
[2019-12-13T16:24:47.481] [INFO] response - { method: 'GET',
  url: '/api/users/userinfo',
  body: {},
  costTime: 14,
  response: { status: 401,
     message: 'Unauthorized',
     header: 
      { vary: 'Origin',
        'access-control-allow-origin': 'http://localhost:8080',
        'access-control-allow-credentials': 'true',
        'access-control-expose-headers': 'WWW-Authenticate,Server-Authorization',
        'content-type': 'text/plain; charset=utf-8',
        'content-length': '12' },
     body: 'Unauthorized' } }
[2019-12-13T16:24:53.604] [INFO] response - { method: 'POST',
  url: '/api/users/postlogin',
  body: { user_id: '1001', password: '123456' },
  costTime: 103,
  response: { status: 200,
     message: 'OK',
     header: 
      { vary: 'Origin',
        'access-control-allow-origin': 'http://localhost:8080',
        'access-control-allow-credentials': 'true',
        'access-control-expose-headers': 'WWW-Authenticate,Server-Authorization',
        'content-type': 'application/json; charset=utf-8' },
     body: { code: 1, data: [Object] } } }
[2019-12-13T16:24:54.282] [INFO] response - { method: 'GET',
  url: '/api/users/userinfo',
  body: {},
  costTime: 360,
  response: { status: 200,
     message: 'OK',
     header: 
      { vary: 'Origin',
        'access-control-allow-origin': 'http://localhost:8080',
        'access-control-allow-credentials': 'true',
        'access-control-expose-headers': 'WWW-Authenticate,Server-Authorization',
        'content-type': 'application/json; charset=utf-8' },
     body: { data: [Object] } } }
[2019-12-13T16:24:57.715] [INFO] response - { method: 'GET',
  url: '/api/users/userinfo',
  body: {},
  costTime: 533,
  response: { status: 200,
     message: 'OK',
     header: 
      { vary: 'Origin',
        'access-control-allow-origin': 'http://localhost:8080',
        'access-control-allow-credentials': 'true',
        'access-control-expose-headers': 'WWW-Authenticate,Server-Authorization',
        'content-type': 'application/json; charset=utf-8' },
     body: { data: [Object] } } }
[2019-12-13T16:24:59.619] [INFO] response - { method: 'GET',
  url: '/api/users/userinfo',
  body: {},
  costTime: 492,
  response: { status: 200,
     message: 'OK',
     header: 
      { vary: 'Origin',
        'access-control-allow-origin': 'http://localhost:8080',
        'access-control-allow-credentials': 'true',
        'access-control-expose-headers': 'WWW-Authenticate,Server-Authorization',
        'content-type': 'application/json; charset=utf-8' },
     body: { data: [Object] } } }
[2019-12-13T16:25:00.515] [INFO] response - { method: 'GET',
  url: '/api/users/userinfo',
  body: {},
  costTime: 441,
  response: { status: 200,
     message: 'OK',
     header: 
      { vary: 'Origin',
        'access-control-allow-origin': 'http://localhost:8080',
        'access-control-allow-credentials': 'true',
        'access-control-expose-headers': 'WWW-Authenticate,Server-Authorization',
        'content-type': 'application/json; charset=utf-8' },
     body: { data: [Object] } } }
[2019-12-13T16:25:03.580] [INFO] response - { method: 'GET',
  url: '/api/users/userinfo',
  body: {},
  costTime: 723,
  response: { status: 200,
     message: 'OK',
     header: 
      { vary: 'Origin',
        'access-control-allow-origin': 'http://localhost:8080',
        'access-control-allow-credentials': 'true',
        'access-control-expose-headers': 'WWW-Authenticate,Server-Authorization',
        'content-type': 'application/json; charset=utf-8' },
     body: { data: [Object] } } }
[2019-12-13T16:25:05.413] [INFO] response - { method: 'GET',
  url: '/api/users/userinfo',
  body: {},
  costTime: 527,
  response: { status: 200,
     message: 'OK',
     header: 
      { vary: 'Origin',
        'access-control-allow-origin': 'http://localhost:8080',
        'access-control-allow-credentials': 'true',
        'access-control-expose-headers': 'WWW-Authenticate,Server-Authorization',
        'content-type': 'application/json; charset=utf-8' },
     body: { data: [Object] } } }
[2019-12-13T16:27:07.623] [INFO] response - { method: 'GET',
  url: '/api/users/userinfo',
  body: {},
  costTime: 538,
  response: { status: 200,
     message: 'OK',
     header: 
      { vary: 'Origin',
        'access-control-allow-origin': 'http://localhost:8080',
        'access-control-allow-credentials': 'true',
        'access-control-expose-headers': 'WWW-Authenticate,Server-Authorization',
        'content-type': 'application/json; charset=utf-8' },
     body: { data: [Object] } } }
[2019-12-13T19:45:41.507] [INFO] response - { method: 'GET',
  url: '/api/users/postlogin',
  body: {},
  costTime: 4,
  response: { status: 401,
     message: 'Unauthorized',
     header: 
      { vary: 'Origin',
        'access-control-allow-origin': 'http://localhost:8080',
        'access-control-allow-credentials': 'true',
        'access-control-expose-headers': 'WWW-Authenticate,Server-Authorization',
        'content-type': 'text/plain; charset=utf-8',
        'content-length': '12' },
     body: 'Unauthorized' } }
[2019-12-13T19:45:45.233] [INFO] response - { method: 'GET',
  url: '/api/users/userinfo',
  body: {},
  costTime: 4,
  response: { status: 401,
     message: 'Unauthorized',
     header: 
      { vary: 'Origin',
        'access-control-allow-origin': 'http://localhost:8080',
        'access-control-allow-credentials': 'true',
        'access-control-expose-headers': 'WWW-Authenticate,Server-Authorization',
        'content-type': 'text/plain; charset=utf-8',
        'content-length': '12' },
     body: 'Unauthorized' } }
[2019-12-13T19:45:50.978] [INFO] response - { method: 'POST',
  url: '/api/users/postlogin',
  body: { user_id: '1001', password: '123456' },
  costTime: 258,
  response: { status: 200,
     message: 'OK',
     header: 
      { vary: 'Origin',
        'access-control-allow-origin': 'http://localhost:8080',
        'access-control-allow-credentials': 'true',
        'access-control-expose-headers': 'WWW-Authenticate,Server-Authorization',
        'content-type': 'application/json; charset=utf-8' },
     body: { code: 1, data: [Object] } } }
[2019-12-13T19:45:51.630] [INFO] response - { method: 'GET',
  url: '/api/users/userinfo',
  body: {},
  costTime: 339,
  response: { status: 200,
     message: 'OK',
     header: 
      { vary: 'Origin',
        'access-control-allow-origin': 'http://localhost:8080',
        'access-control-allow-credentials': 'true',
        'access-control-expose-headers': 'WWW-Authenticate,Server-Authorization',
        'content-type': 'application/json; charset=utf-8' },
     body: { data: [Object] } } }
[2019-12-13T19:45:53.864] [INFO] response - { method: 'GET',
  url: '/api/users/userinfo',
  body: {},
  costTime: 480,
  response: { status: 200,
     message: 'OK',
     header: 
      { vary: 'Origin',
        'access-control-allow-origin': 'http://localhost:8080',
        'access-control-allow-credentials': 'true',
        'access-control-expose-headers': 'WWW-Authenticate,Server-Authorization',
        'content-type': 'application/json; charset=utf-8' },
     body: { data: [Object] } } }
[2019-12-13T19:45:55.993] [INFO] response - { method: 'GET',
  url: '/api/users/userinfo',
  body: {},
  costTime: 660,
  response: { status: 200,
     message: 'OK',
     header: 
      { vary: 'Origin',
        'access-control-allow-origin': 'http://localhost:8080',
        'access-control-allow-credentials': 'true',
        'access-control-expose-headers': 'WWW-Authenticate,Server-Authorization',
        'content-type': 'application/json; charset=utf-8' },
     body: { data: [Object] } } }
[2019-12-13T19:46:19.523] [INFO] response - { method: 'GET',
  url: '/api/users/userinfo',
  body: {},
  costTime: 399,
  response: { status: 200,
     message: 'OK',
     header: 
      { vary: 'Origin',
        'access-control-allow-origin': 'http://localhost:8080',
        'access-control-allow-credentials': 'true',
        'access-control-expose-headers': 'WWW-Authenticate,Server-Authorization',
        'content-type': 'application/json; charset=utf-8' },
     body: { data: [Object] } } }
[2019-12-13T19:46:22.945] [INFO] response - { method: 'GET',
  url: '/api/users/userinfo',
  body: {},
  costTime: 725,
  response: { status: 200,
     message: 'OK',
     header: 
      { vary: 'Origin',
        'access-control-allow-origin': 'http://localhost:8080',
        'access-control-allow-credentials': 'true',
        'access-control-expose-headers': 'WWW-Authenticate,Server-Authorization',
        'content-type': 'application/json; charset=utf-8' },
     body: { data: [Object] } } }
[2019-12-13T19:47:07.004] [INFO] response - { method: 'GET',
  url: '/api/users/userinfo',
  body: {},
  costTime: 13,
  response: { status: 200,
     message: 'OK',
     header: 
      { vary: 'Origin',
        'access-control-allow-origin': 'http://localhost:8080',
        'access-control-allow-credentials': 'true',
        'access-control-expose-headers': 'WWW-Authenticate,Server-Authorization',
        'content-type': 'application/json; charset=utf-8' },
     body: { data: [Object] } } }
[2019-12-13T19:47:57.883] [INFO] response - { method: 'GET',
  url: '/api/users/userinfo',
  body: {},
  costTime: 12,
  response: { status: 200,
     message: 'OK',
     header: 
      { vary: 'Origin',
        'access-control-allow-origin': 'http://localhost:8080',
        'access-control-allow-credentials': 'true',
        'access-control-expose-headers': 'WWW-Authenticate,Server-Authorization',
        'content-type': 'application/json; charset=utf-8' },
     body: { data: [Object] } } }
[2019-12-13T19:48:47.640] [INFO] response - { method: 'GET',
  url: '/api/users/userinfo',
  body: {},
  costTime: 13,
  response: { status: 200,
     message: 'OK',
     header: 
      { vary: 'Origin',
        'access-control-allow-origin': 'http://localhost:8080',
        'access-control-allow-credentials': 'true',
        'access-control-expose-headers': 'WWW-Authenticate,Server-Authorization',
        'content-type': 'application/json; charset=utf-8' },
     body: { data: [Object] } } }
[2019-12-13T19:49:29.680] [INFO] response - { method: 'GET',
  url: '/api/users/userinfo',
  body: {},
  costTime: 13,
  response: { status: 200,
     message: 'OK',
     header: 
      { vary: 'Origin',
        'access-control-allow-origin': 'http://localhost:8080',
        'access-control-allow-credentials': 'true',
        'access-control-expose-headers': 'WWW-Authenticate,Server-Authorization',
        'content-type': 'application/json; charset=utf-8' },
     body: { data: [Object] } } }
[2019-12-13T19:52:07.707] [INFO] response - { method: 'GET',
  url: '/api/users/userinfo',
  body: {},
  costTime: 330,
  response: { status: 200,
     message: 'OK',
     header: 
      { vary: 'Origin',
        'access-control-allow-origin': 'http://localhost:8080',
        'access-control-allow-credentials': 'true',
        'access-control-expose-headers': 'WWW-Authenticate,Server-Authorization',
        'content-type': 'application/json; charset=utf-8' },
     body: { data: [Object] } } }
[2019-12-13T19:53:45.445] [INFO] response - { method: 'GET',
  url: '/api/users/userinfo',
  body: {},
  costTime: 134,
  response: { status: 200,
     message: 'OK',
     header: 
      { vary: 'Origin',
        'access-control-allow-origin': 'http://localhost:8080',
        'access-control-allow-credentials': 'true',
        'access-control-expose-headers': 'WWW-Authenticate,Server-Authorization',
        'content-type': 'application/json; charset=utf-8' },
     body: { data: [Object] } } }
[2019-12-13T19:53:50.260] [INFO] response - { method: 'GET',
  url: '/api/users/userinfo',
  body: {},
  costTime: 1157,
  response: { status: 200,
     message: 'OK',
     header: 
      { vary: 'Origin',
        'access-control-allow-origin': 'http://localhost:8080',
        'access-control-allow-credentials': 'true',
        'access-control-expose-headers': 'WWW-Authenticate,Server-Authorization',
        'content-type': 'application/json; charset=utf-8' },
     body: { data: [Object] } } }
[2019-12-13T19:55:24.867] [INFO] response - { method: 'GET',
  url: '/api/users/userinfo',
  body: {},
  costTime: 1026,
  response: { status: 200,
     message: 'OK',
     header: 
      { vary: 'Origin',
        'access-control-allow-origin': 'http://localhost:8080',
        'access-control-allow-credentials': 'true',
        'access-control-expose-headers': 'WWW-Authenticate,Server-Authorization',
        'content-type': 'application/json; charset=utf-8' },
     body: { data: [Object] } } }
[2019-12-13T19:56:48.463] [INFO] response - { method: 'GET',
  url: '/api/users/userinfo',
  body: {},
  costTime: 1070,
  response: { status: 200,
     message: 'OK',
     header: 
      { vary: 'Origin',
        'access-control-allow-origin': 'http://localhost:8080',
        'access-control-allow-credentials': 'true',
        'access-control-expose-headers': 'WWW-Authenticate,Server-Authorization',
        'content-type': 'application/json; charset=utf-8' },
     body: { data: [Object] } } }
[2019-12-13T19:58:23.418] [INFO] response - { method: 'GET',
  url: '/api/users/userinfo',
  body: {},
  costTime: 1182,
  response: { status: 200,
     message: 'OK',
     header: 
      { vary: 'Origin',
        'access-control-allow-origin': 'http://localhost:8080',
        'access-control-allow-credentials': 'true',
        'access-control-expose-headers': 'WWW-Authenticate,Server-Authorization',
        'content-type': 'application/json; charset=utf-8' },
     body: { data: [Object] } } }
[2019-12-13T19:59:05.327] [INFO] response - { method: 'GET',
  url: '/api/users/userinfo',
  body: {},
  costTime: 119,
  response: { status: 200,
     message: 'OK',
     header: 
      { vary: 'Origin',
        'access-control-allow-origin': 'http://localhost:8080',
        'access-control-allow-credentials': 'true',
        'access-control-expose-headers': 'WWW-Authenticate,Server-Authorization',
        'content-type': 'application/json; charset=utf-8' },
     body: { data: [Object] } } }
[2019-12-13T19:59:52.613] [INFO] response - { method: 'GET',
  url: '/api/users/userinfo',
  body: {},
  costTime: 1021,
  response: { status: 200,
     message: 'OK',
     header: 
      { vary: 'Origin',
        'access-control-allow-origin': 'http://localhost:8080',
        'access-control-allow-credentials': 'true',
        'access-control-expose-headers': 'WWW-Authenticate,Server-Authorization',
        'content-type': 'application/json; charset=utf-8' },
     body: { data: [Object] } } }
[2019-12-13T20:00:36.981] [INFO] response - { method: 'GET',
  url: '/api/users/userinfo',
  body: {},
  costTime: 1724,
  response: { status: 200,
     message: 'OK',
     header: 
      { vary: 'Origin',
        'access-control-allow-origin': 'http://localhost:8080',
        'access-control-allow-credentials': 'true',
        'access-control-expose-headers': 'WWW-Authenticate,Server-Authorization',
        'content-type': 'application/json; charset=utf-8' },
     body: { data: [Object] } } }
[2019-12-13T20:00:50.441] [INFO] response - { method: 'GET',
  url: '/api/users/userinfo',
  body: {},
  costTime: 13,
  response: { status: 200,
     message: 'OK',
     header: 
      { vary: 'Origin',
        'access-control-allow-origin': 'http://localhost:8080',
        'access-control-allow-credentials': 'true',
        'access-control-expose-headers': 'WWW-Authenticate,Server-Authorization',
        'content-type': 'application/json; charset=utf-8' },
     body: { data: [Object] } } }
[2019-12-13T20:02:35.487] [INFO] response - { method: 'GET',
  url: '/api/users/userinfo',
  body: {},
  costTime: 12,
  response: { status: 200,
     message: 'OK',
     header: 
      { vary: 'Origin',
        'access-control-allow-origin': 'http://localhost:8080',
        'access-control-allow-credentials': 'true',
        'access-control-expose-headers': 'WWW-Authenticate,Server-Authorization',
        'content-type': 'application/json; charset=utf-8' },
     body: { data: [Object] } } }
[2019-12-13T20:08:20.757] [INFO] response - { method: 'GET',
  url: '/api/users/userinfo',
  body: {},
  costTime: 859,
  response: { status: 200,
     message: 'OK',
     header: 
      { vary: 'Origin',
        'access-control-allow-origin': 'http://localhost:8080',
        'access-control-allow-credentials': 'true',
        'access-control-expose-headers': 'WWW-Authenticate,Server-Authorization',
        'content-type': 'application/json; charset=utf-8' },
     body: { data: [Object] } } }
[2019-12-13T20:08:44.943] [INFO] response - { method: 'GET',
  url: '/api/users/userinfo',
  body: {},
  costTime: 793,
  response: { status: 200,
     message: 'OK',
     header: 
      { vary: 'Origin',
        'access-control-allow-origin': 'http://localhost:8080',
        'access-control-allow-credentials': 'true',
        'access-control-expose-headers': 'WWW-Authenticate,Server-Authorization',
        'content-type': 'application/json; charset=utf-8' },
     body: { data: [Object] } } }
[2019-12-13T20:10:31.696] [INFO] response - { method: 'GET',
  url: '/api/users/userinfo',
  body: {},
  costTime: 115,
  response: { status: 200,
     message: 'OK',
     header: 
      { vary: 'Origin',
        'access-control-allow-origin': 'http://localhost:8080',
        'access-control-allow-credentials': 'true',
        'access-control-expose-headers': 'WWW-Authenticate,Server-Authorization',
        'content-type': 'application/json; charset=utf-8' },
     body: { data: [Object] } } }
[2019-12-13T20:11:16.959] [INFO] response - { method: 'GET',
  url: '/api/users/userinfo',
  body: {},
  costTime: 652,
  response: { status: 200,
     message: 'OK',
     header: 
      { vary: 'Origin',
        'access-control-allow-origin': 'http://localhost:8080',
        'access-control-allow-credentials': 'true',
        'access-control-expose-headers': 'WWW-Authenticate,Server-Authorization',
        'content-type': 'application/json; charset=utf-8' },
     body: { data: [Object] } } }
[2019-12-13T20:12:30.279] [INFO] response - { method: 'GET',
  url: '/api/users/userinfo',
  body: {},
  costTime: 1083,
  response: { status: 200,
     message: 'OK',
     header: 
      { vary: 'Origin',
        'access-control-allow-origin': 'http://localhost:8080',
        'access-control-allow-credentials': 'true',
        'access-control-expose-headers': 'WWW-Authenticate,Server-Authorization',
        'content-type': 'application/json; charset=utf-8' },
     body: { data: [Object] } } }
[2019-12-13T20:13:06.589] [INFO] response - { method: 'GET',
  url: '/api/users/userinfo',
  body: {},
  costTime: 456,
  response: { status: 200,
     message: 'OK',
     header: 
      { vary: 'Origin',
        'access-control-allow-origin': 'http://localhost:8080',
        'access-control-allow-credentials': 'true',
        'access-control-expose-headers': 'WWW-Authenticate,Server-Authorization',
        'content-type': 'application/json; charset=utf-8' },
     body: { data: [Object] } } }
[2019-12-13T20:13:30.744] [INFO] response - { method: 'GET',
  url: '/api/users/userinfo',
  body: {},
  costTime: 555,
  response: { status: 200,
     message: 'OK',
     header: 
      { vary: 'Origin',
        'access-control-allow-origin': 'http://localhost:8080',
        'access-control-allow-credentials': 'true',
        'access-control-expose-headers': 'WWW-Authenticate,Server-Authorization',
        'content-type': 'application/json; charset=utf-8' },
     body: { data: [Object] } } }
[2019-12-13T20:14:22.606] [INFO] response - { method: 'GET',
  url: '/api/users/postlogin',
  body: {},
  costTime: 1,
  response: { status: 401,
     message: 'Unauthorized',
     header: 
      { vary: 'Origin',
        'access-control-allow-origin': 'http://localhost:8080',
        'access-control-allow-credentials': 'true',
        'access-control-expose-headers': 'WWW-Authenticate,Server-Authorization',
        'content-type': 'text/plain; charset=utf-8',
        'content-length': '12' },
     body: 'Unauthorized' } }
[2019-12-13T20:14:28.695] [INFO] response - { method: 'GET',
  url: '/api/users/putpassword',
  body: {},
  costTime: 1,
  response: { status: 401,
     message: 'Unauthorized',
     header: 
      { vary: 'Origin',
        'access-control-allow-origin': 'http://localhost:8080',
        'access-control-allow-credentials': 'true',
        'access-control-expose-headers': 'WWW-Authenticate,Server-Authorization',
        'content-type': 'text/plain; charset=utf-8',
        'content-length': '12' },
     body: 'Unauthorized' } }
[2019-12-13T20:14:31.546] [INFO] response - { method: 'GET',
  url: '/api/users/putpassword',
  body: {},
  costTime: 1,
  response: { status: 401,
     message: 'Unauthorized',
     header: 
      { vary: 'Origin',
        'access-control-allow-origin': 'http://localhost:8080',
        'access-control-allow-credentials': 'true',
        'access-control-expose-headers': 'WWW-Authenticate,Server-Authorization',
        'content-type': 'text/plain; charset=utf-8',
        'content-length': '12' },
     body: 'Unauthorized' } }
[2019-12-13T20:14:35.258] [INFO] response - { method: 'GET',
  url: '/api/users/putpassword',
  body: {},
  costTime: 0,
  response: { status: 401,
     message: 'Unauthorized',
     header: 
      { vary: 'Origin',
        'access-control-allow-origin': 'http://localhost:8080',
        'access-control-allow-credentials': 'true',
        'access-control-expose-headers': 'WWW-Authenticate,Server-Authorization',
        'content-type': 'text/plain; charset=utf-8',
        'content-length': '12' },
     body: 'Unauthorized' } }
[2019-12-13T20:14:37.565] [INFO] response - { method: 'GET',
  url: '/api/users/putpassword',
  body: {},
  costTime: 1,
  response: { status: 401,
     message: 'Unauthorized',
     header: 
      { vary: 'Origin',
        'access-control-allow-origin': 'http://localhost:8080',
        'access-control-allow-credentials': 'true',
        'access-control-expose-headers': 'WWW-Authenticate,Server-Authorization',
        'content-type': 'text/plain; charset=utf-8',
        'content-length': '12' },
     body: 'Unauthorized' } }
[2019-12-13T20:15:24.395] [INFO] response - { method: 'GET',
  url: '/api/users/putpassword',
  body: {},
  costTime: 4,
  response: { status: 401,
     message: 'Unauthorized',
     header: 
      { vary: 'Origin',
        'access-control-allow-origin': 'http://localhost:8080',
        'access-control-allow-credentials': 'true',
        'access-control-expose-headers': 'WWW-Authenticate,Server-Authorization',
        'content-type': 'text/plain; charset=utf-8',
        'content-length': '12' },
     body: 'Unauthorized' } }
[2019-12-13T20:15:39.938] [INFO] response - { method: 'GET',
  url: '/api/users/putpassword',
  body: {},
  costTime: 4,
  response: { status: 401,
     message: 'Unauthorized',
     header: 
      { vary: 'Origin',
        'access-control-allow-origin': 'http://localhost:8080',
        'access-control-allow-credentials': 'true',
        'access-control-expose-headers': 'WWW-Authenticate,Server-Authorization',
        'content-type': 'text/plain; charset=utf-8',
        'content-length': '12' },
     body: 'Unauthorized' } }
[2019-12-13T20:16:15.799] [INFO] response - { method: 'GET',
  url: '/api/users/putpassword',
  body: {},
  costTime: 4,
  response: { status: 401,
     message: 'Unauthorized',
     header: 
      { vary: 'Origin',
        'access-control-allow-origin': 'http://localhost:8080',
        'access-control-allow-credentials': 'true',
        'access-control-expose-headers': 'WWW-Authenticate,Server-Authorization',
        'content-type': 'text/plain; charset=utf-8',
        'content-length': '12' },
     body: 'Unauthorized' } }
[2019-12-13T20:16:24.253] [INFO] response - { method: 'GET',
  url: '/api/users/userinfo',
  body: {},
  costTime: 292,
  response: { status: 200,
     message: 'OK',
     header: 
      { vary: 'Origin',
        'access-control-allow-origin': 'http://localhost:8080',
        'access-control-allow-credentials': 'true',
        'access-control-expose-headers': 'WWW-Authenticate,Server-Authorization',
        'content-type': 'application/json; charset=utf-8' },
     body: { data: [Object] } } }
[2019-12-13T20:16:26.196] [INFO] response - { method: 'GET',
  url: '/api/users/userinfo',
  body: {},
  costTime: 193,
  response: { status: 200,
     message: 'OK',
     header: 
      { vary: 'Origin',
        'access-control-allow-origin': 'http://localhost:8080',
        'access-control-allow-credentials': 'true',
        'access-control-expose-headers': 'WWW-Authenticate,Server-Authorization',
        'content-type': 'application/json; charset=utf-8' },
     body: { data: [Object] } } }
[2019-12-13T20:16:28.855] [INFO] response - { method: 'GET',
  url: '/api/users/userinfo',
  body: {},
  costTime: 91,
  response: { status: 200,
     message: 'OK',
     header: 
      { vary: 'Origin',
        'access-control-allow-origin': 'http://localhost:8080',
        'access-control-allow-credentials': 'true',
        'access-control-expose-headers': 'WWW-Authenticate,Server-Authorization',
        'content-type': 'application/json; charset=utf-8' },
     body: { data: [Object] } } }
[2019-12-13T20:25:36.868] [INFO] response - { method: 'GET',
  url: '/api/users/putpassword',
  body: {},
  costTime: 0,
  response: { status: 401,
     message: 'Unauthorized',
     header: 
      { vary: 'Origin',
        'access-control-allow-origin': 'http://localhost:8080',
        'access-control-allow-credentials': 'true',
        'access-control-expose-headers': 'WWW-Authenticate,Server-Authorization',
        'content-type': 'text/plain; charset=utf-8',
        'content-length': '12' },
     body: 'Unauthorized' } }
[2019-12-13T20:25:50.192] [INFO] response - { method: 'PUT',
  url: '/api/users/putpassword',
  body: {},
  costTime: 0,
  response: { status: 401,
     message: 'Unauthorized',
     header: 
      { vary: 'Origin',
        'access-control-allow-origin': 'http://localhost:8080',
        'access-control-allow-credentials': 'true',
        'access-control-expose-headers': 'WWW-Authenticate,Server-Authorization',
        'content-type': 'text/plain; charset=utf-8',
        'content-length': '12' },
     body: 'Unauthorized' } }
[2019-12-13T23:09:55.222] [INFO] response - { method: 'GET',
  url: '/api/users/userinfo',
  body: {},
  costTime: 9,
  response: { status: 401,
     message: 'Unauthorized',
     header: 
      { vary: 'Origin',
        'access-control-allow-origin': 'http://localhost:8080',
        'access-control-allow-credentials': 'true',
        'access-control-expose-headers': 'WWW-Authenticate,Server-Authorization',
        'content-type': 'text/plain; charset=utf-8',
        'content-length': '12' },
     body: 'Unauthorized' } }
[2019-12-13T23:10:04.566] [INFO] response - { method: 'POST',
  url: '/api/users/postlogin',
  body: { user_id: '1001', password: '123456' },
  costTime: 508,
  response: { status: 200,
     message: 'OK',
     header: 
      { vary: 'Origin',
        'access-control-allow-origin': 'http://localhost:8080',
        'access-control-allow-credentials': 'true',
        'access-control-expose-headers': 'WWW-Authenticate,Server-Authorization',
        'content-type': 'application/json; charset=utf-8' },
     body: { code: 1, data: [Object] } } }
[2019-12-13T23:10:04.721] [INFO] response - { method: 'GET',
  url: '/api/users/userinfo',
  body: {},
  costTime: 99,
  response: { status: 200,
     message: 'OK',
     header: 
      { vary: 'Origin',
        'access-control-allow-origin': 'http://localhost:8080',
        'access-control-allow-credentials': 'true',
        'access-control-expose-headers': 'WWW-Authenticate,Server-Authorization',
        'content-type': 'application/json; charset=utf-8' },
     body: { data: [Object] } } }
[2019-12-13T23:10:07.487] [INFO] response - { method: 'GET',
  url: '/api/users/userinfo',
  body: {},
  costTime: 68,
  response: { status: 200,
     message: 'OK',
     header: 
      { vary: 'Origin',
        'access-control-allow-origin': 'http://localhost:8080',
        'access-control-allow-credentials': 'true',
        'access-control-expose-headers': 'WWW-Authenticate,Server-Authorization',
        'content-type': 'application/json; charset=utf-8' },
     body: { data: [Object] } } }
[2019-12-13T23:10:08.878] [INFO] response - { method: 'GET',
  url: '/api/users/userinfo',
  body: {},
  costTime: 36,
  response: { status: 200,
     message: 'OK',
     header: 
      { vary: 'Origin',
        'access-control-allow-origin': 'http://localhost:8080',
        'access-control-allow-credentials': 'true',
        'access-control-expose-headers': 'WWW-Authenticate,Server-Authorization',
        'content-type': 'application/json; charset=utf-8' },
     body: { data: [Object] } } }
[2019-12-13T23:10:09.777] [INFO] response - { method: 'GET',
  url: '/api/users/userinfo',
  body: {},
  costTime: 142,
  response: { status: 200,
     message: 'OK',
     header: 
      { vary: 'Origin',
        'access-control-allow-origin': 'http://localhost:8080',
        'access-control-allow-credentials': 'true',
        'access-control-expose-headers': 'WWW-Authenticate,Server-Authorization',
        'content-type': 'application/json; charset=utf-8' },
     body: { data: [Object] } } }
[2019-12-13T23:10:12.413] [INFO] response - { method: 'GET',
  url: '/api/users/userinfo',
  body: {},
  costTime: 135,
  response: { status: 200,
     message: 'OK',
     header: 
      { vary: 'Origin',
        'access-control-allow-origin': 'http://localhost:8080',
        'access-control-allow-credentials': 'true',
        'access-control-expose-headers': 'WWW-Authenticate,Server-Authorization',
        'content-type': 'application/json; charset=utf-8' },
     body: { data: [Object] } } }
[2019-12-13T23:13:29.952] [INFO] response - { method: 'GET',
  url: '/api/users/userinfo',
  body: {},
  costTime: 177,
  response: { status: 200,
     message: 'OK',
     header: 
      { vary: 'Origin',
        'access-control-allow-origin': 'http://localhost:8080',
        'access-control-allow-credentials': 'true',
        'access-control-expose-headers': 'WWW-Authenticate,Server-Authorization',
        'content-type': 'application/json; charset=utf-8' },
     body: { data: [Object] } } }
[2019-12-13T23:20:34.868] [INFO] response - { method: 'GET',
  url: '/api/users/userinfo',
  body: {},
  costTime: 143,
  response: { status: 200,
     message: 'OK',
     header: 
      { vary: 'Origin',
        'access-control-allow-origin': 'http://localhost:8080',
        'access-control-allow-credentials': 'true',
        'access-control-expose-headers': 'WWW-Authenticate,Server-Authorization',
        'content-type': 'application/json; charset=utf-8' },
     body: { data: [Object] } } }
[2019-12-13T23:25:26.876] [INFO] response - { method: 'GET',
  url: '/api/users/userinfo',
  body: {},
  costTime: 114,
  response: { status: 200,
     message: 'OK',
     header: 
      { vary: 'Origin',
        'access-control-allow-origin': 'http://localhost:8080',
        'access-control-allow-credentials': 'true',
        'access-control-expose-headers': 'WWW-Authenticate,Server-Authorization',
        'content-type': 'application/json; charset=utf-8' },
     body: { data: [Object] } } }
[2019-12-13T23:31:15.251] [INFO] response - { method: 'GET',
  url: '/api/users/userinfo',
  body: {},
  costTime: 159,
  response: { status: 200,
     message: 'OK',
     header: 
      { vary: 'Origin',
        'access-control-allow-origin': 'http://localhost:8080',
        'access-control-allow-credentials': 'true',
        'access-control-expose-headers': 'WWW-Authenticate,Server-Authorization',
        'content-type': 'application/json; charset=utf-8' },
     body: { data: [Object] } } }
[2019-12-13T23:33:28.174] [INFO] response - { method: 'GET',
  url: '/api/users/userinfo',
  body: {},
  costTime: 18,
  response: { status: 200,
     message: 'OK',
     header: 
      { vary: 'Origin',
        'access-control-allow-origin': 'http://localhost:8080',
        'access-control-allow-credentials': 'true',
        'access-control-expose-headers': 'WWW-Authenticate,Server-Authorization',
        'content-type': 'application/json; charset=utf-8' },
     body: { data: [Object] } } }
