[2019-12-09T18:07:59.514] [INFO] response - { method: 'GET',
  url: '/favicon.ico',
  body: {},
  costTime: 26,
  response: { status: 200,
     message: 'OK',
     header: 
      { 'content-type': 'text/html; charset=utf-8',
        'content-length': '321' },
     body: '<h1>抱歉，找不到你的诗和远方了！</h1>\n<h2>404</h2>\n<pre>NotFoundError: Not Found\n    at Object.throw (D:\\前端课设\\后端\\koaLogin_sequelize\\node_modules\\koa\\lib\\context.js:97:11)\n    at module.exports (D:\\前端课设\\后端\\koaLogin_sequelize\\middlewares\\error.js:5:22)\n    at &lt;anonymous&gt;</pre>\n\n' } }
[2019-12-09T18:08:00.120] [INFO] response - { method: 'GET',
  url: '/favicon.ico',
  body: {},
  costTime: 15,
  response: { status: 200,
     message: 'OK',
     header: 
      { 'content-type': 'text/html; charset=utf-8',
        'content-length': '321' },
     body: '<h1>抱歉，找不到你的诗和远方了！</h1>\n<h2>404</h2>\n<pre>NotFoundError: Not Found\n    at Object.throw (D:\\前端课设\\后端\\koaLogin_sequelize\\node_modules\\koa\\lib\\context.js:97:11)\n    at module.exports (D:\\前端课设\\后端\\koaLogin_sequelize\\middlewares\\error.js:5:22)\n    at &lt;anonymous&gt;</pre>\n\n' } }
[2019-12-09T18:08:00.764] [INFO] response - { method: 'GET',
  url: '/class/classroom_message',
  body: {},
  costTime: 15,
  response: { status: 200,
     message: 'OK',
     header: 
      { 'content-type': 'text/html; charset=utf-8',
        'content-length': '4339' },
     body: '<!DOCTYPE html>\r\n<html lang="en">\r\n\r\n<head>\r\n    <meta charset="UTF-8">\r\n    <meta name="viewport" content="width=device-width, initial-scale=1.0">\r\n    <meta http-equiv="X-UA-Compatible" content="ie=edge">\r\n\r\n    <title>教室信息管理</title>\r\n</head>\r\n\r\n<body>\r\n    <div id="container">\r\n        <div class="title">教室信息管理</div>\r\n        <div class="table">\r\n            <table border="1px solid" style="text-align: center;">\r\n                <thead>\r\n                    <td>教室ID</td>\r\n                    <td>教室名称</td>\r\n                    <td>容纳人数</td>\r\n                    <td>是否可用</td>\r\n                    <td>是否拥有多媒体</td>\r\n                    <td>教室地点</td>\r\n                    <td>操作</td>\r\n                </thead>\r\n                <tbody>\r\n                    \r\n                    <tr>\r\n                        <td>101</td>\r\n                        <td>U101</td>\r\n                        <td>60</td>\r\n                        <td>\r\n                            被占用\r\n                            \r\n                        </td>\r\n                         <td>\r\n                            无\r\n                            \r\n                        </td>\r\n                        <td>S2楼</td>\r\n                        <td><a href="/class/classroom_message/delect/101">删除</td>\r\n                        <td><a href="/class/class_edit/edit/101">编辑</td>\r\n                    </tr>\r\n                    \r\n                    <tr>\r\n                        <td>102</td>\r\n                        <td>U102</td>\r\n                        <td>60</td>\r\n                        <td>\r\n                            空闲\r\n                            \r\n                        </td>\r\n                         <td>\r\n                            无\r\n                            \r\n                        </td>\r\n                        <td>S2楼</td>\r\n                        <td><a href="/class/classroom_message/delect/102">删除</td>\r\n                        <td><a href="/class/class_edit/edit/102">编辑</td>\r\n                    </tr>\r\n                    \r\n                    <tr>\r\n                        <td>103</td>\r\n                        <td>U103</td>\r\n                        <td>50</td>\r\n                        <td>\r\n                            空闲\r\n                            \r\n                        </td>\r\n                         <td>\r\n                            有\r\n                            \r\n                        </td>\r\n                        <td>S2楼</td>\r\n                        <td><a href="/class/classroom_message/delect/103">删除</td>\r\n                        <td><a href="/class/class_edit/edit/103">编辑</td>\r\n                    </tr>\r\n                    \r\n                </tbody>\r\n            </table>\r\n        </div>\r\n\r\n        <p></p>\r\n        <div class="adduser">\r\n            <div>添加教室</div>\r\n            <br>\r\n            <form action="/class/classroom_message/add" method="POST">\r\n                教室ID：<input type="text" name="c_id" placeholder="教室ID" required>\r\n                <br></br>\r\n                教室名称：<input type="text" name="c_name" placeholder="教室名称" required>\r\n                <br></br>\r\n                容纳人数：<input type="text" name="c_person" placeholder="容纳人数" required>\r\n                <br></br>\r\n                <label for="c_use">是否可用:</label>\r\n                <select name="c_use" required>\r\n                    <option value=""></option>\r\n                    <option value="0">被占用</option>\r\n                    <option value="1">空闲</option>\r\n                </select>\r\n                <br></br>\r\n                <label for="c_media">是否拥有多媒体:</label>\r\n                <select name="c_media" required>\r\n                <option value=""></option>\r\n                <option value="0">无</option>\r\n                <option value="1">有</option>\r\n                </select>\r\n                <br></br>\r\n                教室地点：<input type="text" name="c_position" placeholder="教室地点" required>\r\n                <br></br>\r\n                <button type="submit">提交</button> <button type="reset">重置</button>\r\n            </form>\r\n        </div>\r\n\r\n\r\n    </div>\r\n    \r\n</body>\r\n\r\n</html>' } }
[2019-12-09T18:08:00.839] [INFO] response - { method: 'GET',
  url: '/favicon.ico',
  body: {},
  costTime: 25,
  response: { status: 200,
     message: 'OK',
     header: 
      { 'content-type': 'text/html; charset=utf-8',
        'content-length': '321' },
     body: '<h1>抱歉，找不到你的诗和远方了！</h1>\n<h2>404</h2>\n<pre>NotFoundError: Not Found\n    at Object.throw (D:\\前端课设\\后端\\koaLogin_sequelize\\node_modules\\koa\\lib\\context.js:97:11)\n    at module.exports (D:\\前端课设\\后端\\koaLogin_sequelize\\middlewares\\error.js:5:22)\n    at &lt;anonymous&gt;</pre>\n\n' } }
[2019-12-09T18:08:01.759] [INFO] response - { method: 'GET',
  url: '/favicon.ico',
  body: {},
  costTime: 16,
  response: { status: 200,
     message: 'OK',
     header: 
      { 'content-type': 'text/html; charset=utf-8',
        'content-length': '321' },
     body: '<h1>抱歉，找不到你的诗和远方了！</h1>\n<h2>404</h2>\n<pre>NotFoundError: Not Found\n    at Object.throw (D:\\前端课设\\后端\\koaLogin_sequelize\\node_modules\\koa\\lib\\context.js:97:11)\n    at module.exports (D:\\前端课设\\后端\\koaLogin_sequelize\\middlewares\\error.js:5:22)\n    at &lt;anonymous&gt;</pre>\n\n' } }
[2019-12-09T18:08:02.822] [INFO] response - { method: 'GET',
  url: '/class/classroom_occupyMessage',
  body: {},
  costTime: 234,
  response: { status: 200,
     message: 'OK',
     header: 
      { 'content-type': 'text/html; charset=utf-8',
        'content-length': '2469' },
     body: '<!DOCTYPE html>\r\n<html lang="en">\r\n\r\n<head>\r\n    <meta charset="UTF-8">\r\n    <meta name="viewport" content="width=device-width, initial-scale=1.0">\r\n    <meta http-equiv="X-UA-Compatible" content="ie=edge">\r\n\r\n    <title>教室占用情况</title>\r\n</head>\r\n\r\n<body>\r\n\r\n    <input type="date">\r\n\r\n    <div id="container">\r\n        <div class="title">教室占用情况</div>\r\n        <div class="table">\r\n            <table border="1px solid" style="text-align: center;">\r\n                <thead>\r\n                    <td>占用表ID</td>\r\n                    <td>教室名称</td>\r\n                    <td>容纳人数</td>\r\n                    <td>是否拥有多媒体</td>\r\n                    <td>教室占用开始时间</td>\r\n                    <td>教室占用结束时间</td>\r\n                    <td>操作</td>\r\n                </thead>\r\n                <tbody>\r\n                    \r\n                </tbody>\r\n            </table>\r\n        </div>\r\n\r\n        <!-- <p></p>\r\n        <div class="adduser">\r\n            <div>添加教室</div>\r\n            <br>\r\n            <form action="/class/classroom_message/add" method="POST">\r\n                教室ID：<input type="text" name="c_id" placeholder="教室ID" required>\r\n                <br></br>\r\n                教室名称：<input type="text" name="c_name" placeholder="教室名称" required>\r\n                <br></br>\r\n                容纳人数：<input type="text" name="c_person" placeholder="容纳人数" required>\r\n                <br></br>\r\n                <label for="c_use">是否可用:</label>\r\n                <select name="c_use" required>\r\n                    <option value=""></option>\r\n                    <option value="0">被占用</option>\r\n                    <option value="1">空闲</option>\r\n                </select>\r\n                <br></br>\r\n                <label for="c_media">是否拥有多媒体:</label>\r\n                <select name="c_media" required>\r\n                <option value=""></option>\r\n                <option value="0">无</option>\r\n                <option value="1">有</option>\r\n                </select>\r\n                <br></br>\r\n                教室地点：<input type="text" name="c_position" placeholder="教室地点" required>\r\n                <br></br>\r\n                <button type="submit">提交</button> <button type="reset">重置</button>\r\n            </form>\r\n        </div> -->\r\n\r\n\r\n    </div>\r\n    \r\n    \r\n</body>\r\n\r\n</html>' } }
[2019-12-09T18:08:02.983] [INFO] response - { method: 'GET',
  url: '/favicon.ico',
  body: {},
  costTime: 48,
  response: { status: 200,
     message: 'OK',
     header: 
      { 'content-type': 'text/html; charset=utf-8',
        'content-length': '321' },
     body: '<h1>抱歉，找不到你的诗和远方了！</h1>\n<h2>404</h2>\n<pre>NotFoundError: Not Found\n    at Object.throw (D:\\前端课设\\后端\\koaLogin_sequelize\\node_modules\\koa\\lib\\context.js:97:11)\n    at module.exports (D:\\前端课设\\后端\\koaLogin_sequelize\\middlewares\\error.js:5:22)\n    at &lt;anonymous&gt;</pre>\n\n' } }
[2019-12-09T18:08:03.548] [INFO] response - { method: 'GET',
  url: '/favicon.ico',
  body: {},
  costTime: 23,
  response: { status: 200,
     message: 'OK',
     header: 
      { 'content-type': 'text/html; charset=utf-8',
        'content-length': '321' },
     body: '<h1>抱歉，找不到你的诗和远方了！</h1>\n<h2>404</h2>\n<pre>NotFoundError: Not Found\n    at Object.throw (D:\\前端课设\\后端\\koaLogin_sequelize\\node_modules\\koa\\lib\\context.js:97:11)\n    at module.exports (D:\\前端课设\\后端\\koaLogin_sequelize\\middlewares\\error.js:5:22)\n    at &lt;anonymous&gt;</pre>\n\n' } }
[2019-12-09T18:08:04.314] [INFO] response - { method: 'GET',
  url: '/classtable/classtable_message',
  body: {},
  costTime: 159,
  response: { status: 200,
     message: 'OK',
     header: 
      { 'content-type': 'text/html; charset=utf-8',
        'content-length': '5000' },
     body: '<!DOCTYPE html>\r\n<html lang="en">\r\n\r\n<head>\r\n    <meta charset="UTF-8">\r\n    <meta name="viewport" content="width=device-width, initial-scale=1.0">\r\n    <meta http-equiv="X-UA-Compatible" content="ie=edge">\r\n\r\n    <title>教室申请表信息管理</title>\r\n</head>\r\n\r\n<body>\r\n    <div id="container">\r\n                <br></br>\r\n                <a href="/class/classroom_message">查看教室使用情况</a>\r\n                <a href="/class/classroom_occupyMessage">查看教室占用情况</a>\r\n                <br></br>\r\n        <div class="title">教室申请表信息管理</div>\r\n        <div class="table">\r\n            <table border="1px solid" style="text-align: center;">\r\n                <thead>\r\n                    <td>申请表ID</td>\r\n                    <td>申请人姓名</td>\r\n                    <td>手机号码</td>\r\n                    <td>参加人数</td>\r\n                    <td>是否需要多媒体</td>\r\n                    <td>使用教室原因</td>\r\n                    <td>申请教室时间</td>\r\n                    <td>使用教室开始时间</td>\r\n                    <td>使用教室结束时间</td>\r\n                    <td>审核结果</td>\r\n                    <td>分配的教室名称</td>\r\n                    <td>审批人姓名</td>\r\n                    <td>操作</td>\r\n                </thead>\r\n                <tbody>\r\n                    \r\n                    <tr>\r\n                        <td>11</td>\r\n                        <td>张三</td>\r\n                        <td>123456</td>\r\n                        <td>45</td>\r\n                        <td>\r\n                            不需要\r\n                            \r\n                            </td>\r\n                        <td>开会需要</td>\r\n                        <td>2019-12-02 16:00:00</td>\r\n                        <td>2019-12-03 19:00:00</td>\r\n                        <td>2019-12-03 20:00:00</td>\r\n                        <td></td>\r\n                        <td></td>\r\n                        <td></td>\r\n                        <td><a href=\'/classtable/class_assign/11\'>审批教室</td>\r\n                        <td><a href=\'/classtable/class_assign_cancel/11\'>取消审批</td>\r\n                        <td><a href="/classtable/delect/11">删除</td>\r\n                    </tr>\r\n                    \r\n                    <tr>\r\n                        <td>12</td>\r\n                        <td>张三</td>\r\n                        <td>123456</td>\r\n                        <td>45</td>\r\n                        <td>\r\n                            不需要\r\n                            \r\n                            </td>\r\n                        <td>开会需要</td>\r\n                        <td>2019-12-02 16:00:00</td>\r\n                        <td>2019-12-03 19:00:00</td>\r\n                        <td>2019-12-03 20:00:00</td>\r\n                        <td></td>\r\n                        <td></td>\r\n                        <td></td>\r\n                        <td><a href=\'/classtable/class_assign/12\'>审批教室</td>\r\n                        <td><a href=\'/classtable/class_assign_cancel/12\'>取消审批</td>\r\n                        <td><a href="/classtable/delect/12">删除</td>\r\n                    </tr>\r\n                    \r\n                </tbody>\r\n            </table>\r\n        </div>\r\n\r\n        <p></p>\r\n        <div class="adduser">\r\n            <div>添加教室申请表</div>\r\n            <br>\r\n            <form action="/classtable/classtable_message/add" method="POST">\r\n                申请人姓名：<input type="text" name="t_name" placeholder="申请人姓名" required>\r\n                <br></br>\r\n                手机号码：<input type="text" name="t_contact" placeholder="手机号码" required>\r\n                <br></br>\r\n                参加人数：<input type="text" name="t_joinPeople" placeholder="参加人数" required>\r\n                <br></br>\r\n                使用教室原因：<input type="text" name="t_useReason" placeholder="使用教室原因" required>\r\n                <br></br>\r\n                申请教室时间：<input type="text" name="t_time" placeholder="申请教室时间" required>\r\n                <br></br>\r\n                使用教室开始时间：<input type="text" name="t_useTime" placeholder="使用教室开始时间" required>\r\n                <br></br>\r\n                使用教室结束时间：<input type="text" name="t_endTime" placeholder="使用教室结束时间" required>\r\n                <br></br>\r\n                <label for="t_media">是否需要多媒体:</label>\r\n                <select name="t_media" required>\r\n                <option value=""></option>\r\n                <option value="0">不需要</option>\r\n                <option value="1">需要</option>\r\n                </select>\r\n                <br></br>\r\n                <button type="submit">提交</button> <button type="reset">重置</button>\r\n            </form>\r\n        </div>\r\n\r\n\r\n    </div>\r\n    \r\n</body>\r\n\r\n</html>' } }
[2019-12-09T18:08:04.516] [INFO] response - { method: 'GET',
  url: '/favicon.ico',
  body: {},
  costTime: 27,
  response: { status: 200,
     message: 'OK',
     header: 
      { 'content-type': 'text/html; charset=utf-8',
        'content-length': '321' },
     body: '<h1>抱歉，找不到你的诗和远方了！</h1>\n<h2>404</h2>\n<pre>NotFoundError: Not Found\n    at Object.throw (D:\\前端课设\\后端\\koaLogin_sequelize\\node_modules\\koa\\lib\\context.js:97:11)\n    at module.exports (D:\\前端课设\\后端\\koaLogin_sequelize\\middlewares\\error.js:5:22)\n    at &lt;anonymous&gt;</pre>\n\n' } }
[2019-12-09T18:08:06.711] [INFO] response - { method: 'GET',
  url: '/favicon.ico',
  body: {},
  costTime: 18,
  response: { status: 200,
     message: 'OK',
     header: 
      { 'content-type': 'text/html; charset=utf-8',
        'content-length': '321' },
     body: '<h1>抱歉，找不到你的诗和远方了！</h1>\n<h2>404</h2>\n<pre>NotFoundError: Not Found\n    at Object.throw (D:\\前端课设\\后端\\koaLogin_sequelize\\node_modules\\koa\\lib\\context.js:97:11)\n    at module.exports (D:\\前端课设\\后端\\koaLogin_sequelize\\middlewares\\error.js:5:22)\n    at &lt;anonymous&gt;</pre>\n\n' } }
[2019-12-09T18:08:06.874] [INFO] response - { method: 'GET',
  url: '/favicon.ico',
  body: {},
  costTime: 20,
  response: { status: 200,
     message: 'OK',
     header: 
      { 'content-type': 'text/html; charset=utf-8',
        'content-length': '321' },
     body: '<h1>抱歉，找不到你的诗和远方了！</h1>\n<h2>404</h2>\n<pre>NotFoundError: Not Found\n    at Object.throw (D:\\前端课设\\后端\\koaLogin_sequelize\\node_modules\\koa\\lib\\context.js:97:11)\n    at module.exports (D:\\前端课设\\后端\\koaLogin_sequelize\\middlewares\\error.js:5:22)\n    at &lt;anonymous&gt;</pre>\n\n' } }
[2019-12-09T18:29:35.387] [INFO] response - { method: 'GET',
  url: '/',
  body: {},
  costTime: 13,
  response: { status: 200,
     message: 'OK',
     header: 
      { 'content-type': 'text/html; charset=utf-8',
        'content-length': '511' },
     body: '<!DOCTYPE html>\n<html>\n  <head>\n    <link rel=\'stylesheet\' href=\'/stylesheets/style.css\' />\n  </head>\n  <body>\n    \n    <p><a href="/users/logout">注销</a></p>\n    <p>用户名：赵六</p>\n    \n    \n    <p><a href="/user/message">用户信息管理</a></p>\n    <p><a href="/class/classroom_message">教室信息管理</a></p>\n    <p><a href="/class/classroom_occupyMessage">教室占用情况</a></p>\n    <p><a href="/classtable/classtable_message">教室申请表信息管理</a></p>\n    \n  </body>\n</html>\n' } }
[2019-12-09T18:29:36.262] [INFO] response - { method: 'GET',
  url: '/favicon.ico',
  body: {},
  costTime: 6,
  response: { status: 200,
     message: 'OK',
     header: 
      { 'content-type': 'text/html; charset=utf-8',
        'content-length': '321' },
     body: '<h1>抱歉，找不到你的诗和远方了！</h1>\n<h2>404</h2>\n<pre>NotFoundError: Not Found\n    at Object.throw (D:\\前端课设\\后端\\koaLogin_sequelize\\node_modules\\koa\\lib\\context.js:97:11)\n    at module.exports (D:\\前端课设\\后端\\koaLogin_sequelize\\middlewares\\error.js:5:22)\n    at &lt;anonymous&gt;</pre>\n\n' } }
[2019-12-09T18:29:41.098] [INFO] response - { method: 'GET',
  url: '/users/userInfo',
  body: {},
  costTime: 4,
  response: { status: 302,
     message: 'Found',
     header: 
      { location: '/users/login',
        'content-type': 'text/html; charset=utf-8',
        'content-length': '55' },
     body: 'Redirecting to <a href="/users/login">/users/login</a>.' } }
[2019-12-09T18:29:41.109] [INFO] response - { method: 'GET',
  url: '/users/login',
  body: {},
  costTime: 5,
  response: { status: 200,
     message: 'OK',
     header: 
      { 'content-type': 'text/html; charset=utf-8',
        'content-length': '1697' },
     body: '<!DOCTYPE html>\n<html>\n<head>\n    <link rel="stylesheet" href=\'/stylesheets/login.css\'>\n    <title>登陆</title>\n</head>\n<body>\n    <div class="header" id="head">\n      <div class="title">XXXX 系统登陆</div>\n    </div>\n          \n    <div class="wrap" id="wrap">\n        <div class="logGet">\n                <!-- 头部提示信息 -->\n                <div class="logD logDtip">\n                    <p class="p1">登录</p>\n                </div>\n                <form action="/users/checkLogin" method="POST">\n                  <!-- 输入框 -->\n                  <div class="lgD">\n                      <input type="text" name="u_id"\n                          placeholder="输入id" />\n                  </div>\n                  <div class="lgD">\n                      <input type="password" name="u_password"\n                          placeholder="输入用户密码" />\n                  </div>\n                  <div class="logC">\n                      <button type="submit">登 录</button>\n                  </div>\n                </form>\n            </div>\n      </div>\n      <div class="footer" id="foot">\n        <div class="copyright">\n          <p>Copyright © 2019 huaruan.com Inc. All Rights Reserved.</p>\n          <div class="img">\n              <i class="icon"></i><span>联系邮箱：123123@sise.com</span>\n          </div>\n          \n          <div class="img">\n              <i class="icon1"></i><span>联系地址：广州大学华软软件学院</span>\n          </div>\n            \n          <div class="img">\n            <i class="icon2"></i><span>联系电话：12345678</span>\n          </div>\n       \n       \n        </div>\n          \n      </div>\n</body>\n</html>' } }
[2019-12-09T18:29:41.165] [INFO] response - { method: 'GET',
  url: '/favicon.ico',
  body: {},
  costTime: 5,
  response: { status: 200,
     message: 'OK',
     header: 
      { 'content-type': 'text/html; charset=utf-8',
        'content-length': '321' },
     body: '<h1>抱歉，找不到你的诗和远方了！</h1>\n<h2>404</h2>\n<pre>NotFoundError: Not Found\n    at Object.throw (D:\\前端课设\\后端\\koaLogin_sequelize\\node_modules\\koa\\lib\\context.js:97:11)\n    at module.exports (D:\\前端课设\\后端\\koaLogin_sequelize\\middlewares\\error.js:5:22)\n    at &lt;anonymous&gt;</pre>\n\n' } }
[2019-12-09T18:45:16.236] [INFO] response - { method: 'GET',
  url: '/',
  body: {},
  costTime: 18,
  response: { status: 200,
     message: 'OK',
     header: 
      { 'content-type': 'text/html; charset=utf-8',
        'content-length': '511' },
     body: '<!DOCTYPE html>\n<html>\n  <head>\n    <link rel=\'stylesheet\' href=\'/stylesheets/style.css\' />\n  </head>\n  <body>\n    \n    <p><a href="/users/logout">注销</a></p>\n    <p>用户名：赵六</p>\n    \n    \n    <p><a href="/user/message">用户信息管理</a></p>\n    <p><a href="/class/classroom_message">教室信息管理</a></p>\n    <p><a href="/class/classroom_occupyMessage">教室占用情况</a></p>\n    <p><a href="/classtable/classtable_message">教室申请表信息管理</a></p>\n    \n  </body>\n</html>\n' } }
[2019-12-09T18:45:16.369] [INFO] response - { method: 'GET',
  url: '/favicon.ico',
  body: {},
  costTime: 7,
  response: { status: 200,
     message: 'OK',
     header: 
      { 'content-type': 'text/html; charset=utf-8',
        'content-length': '321' },
     body: '<h1>抱歉，找不到你的诗和远方了！</h1>\n<h2>404</h2>\n<pre>NotFoundError: Not Found\n    at Object.throw (D:\\前端课设\\后端\\koaLogin_sequelize\\node_modules\\koa\\lib\\context.js:97:11)\n    at module.exports (D:\\前端课设\\后端\\koaLogin_sequelize\\middlewares\\error.js:5:22)\n    at &lt;anonymous&gt;</pre>\n\n' } }
[2019-12-09T18:45:18.010] [INFO] response - { method: 'GET',
  url: '/users/logout',
  body: {},
  costTime: 3,
  response: { status: 200,
     message: 'OK',
     header: 
      { 'content-type': 'text/html; charset=utf-8',
        'content-length': '1697' },
     body: '<!DOCTYPE html>\n<html>\n<head>\n    <link rel="stylesheet" href=\'/stylesheets/login.css\'>\n    <title>登陆</title>\n</head>\n<body>\n    <div class="header" id="head">\n      <div class="title">XXXX 系统登陆</div>\n    </div>\n          \n    <div class="wrap" id="wrap">\n        <div class="logGet">\n                <!-- 头部提示信息 -->\n                <div class="logD logDtip">\n                    <p class="p1">登录</p>\n                </div>\n                <form action="/users/checkLogin" method="POST">\n                  <!-- 输入框 -->\n                  <div class="lgD">\n                      <input type="text" name="u_id"\n                          placeholder="输入id" />\n                  </div>\n                  <div class="lgD">\n                      <input type="password" name="u_password"\n                          placeholder="输入用户密码" />\n                  </div>\n                  <div class="logC">\n                      <button type="submit">登 录</button>\n                  </div>\n                </form>\n            </div>\n      </div>\n      <div class="footer" id="foot">\n        <div class="copyright">\n          <p>Copyright © 2019 huaruan.com Inc. All Rights Reserved.</p>\n          <div class="img">\n              <i class="icon"></i><span>联系邮箱：123123@sise.com</span>\n          </div>\n          \n          <div class="img">\n              <i class="icon1"></i><span>联系地址：广州大学华软软件学院</span>\n          </div>\n            \n          <div class="img">\n            <i class="icon2"></i><span>联系电话：12345678</span>\n          </div>\n       \n       \n        </div>\n          \n      </div>\n</body>\n</html>' } }
[2019-12-09T18:45:18.140] [INFO] response - { method: 'GET',
  url: '/favicon.ico',
  body: {},
  costTime: 4,
  response: { status: 200,
     message: 'OK',
     header: 
      { 'content-type': 'text/html; charset=utf-8',
        'content-length': '321' },
     body: '<h1>抱歉，找不到你的诗和远方了！</h1>\n<h2>404</h2>\n<pre>NotFoundError: Not Found\n    at Object.throw (D:\\前端课设\\后端\\koaLogin_sequelize\\node_modules\\koa\\lib\\context.js:97:11)\n    at module.exports (D:\\前端课设\\后端\\koaLogin_sequelize\\middlewares\\error.js:5:22)\n    at &lt;anonymous&gt;</pre>\n\n' } }
[2019-12-09T18:45:23.018] [INFO] response - { method: 'POST',
  url: '/users/checkLogin',
  body: { u_id: '1001', u_password: '123456' },
  costTime: 137,
  response: { status: 302,
     message: 'Found',
     header: 
      { location: '/',
        'content-type': 'text/html; charset=utf-8',
        'content-length': '33' },
     body: 'Redirecting to <a href="/">/</a>.' } }
[2019-12-09T18:45:23.058] [INFO] response - { method: 'GET',
  url: '/',
  body: {},
  costTime: 3,
  response: { status: 200,
     message: 'OK',
     header: 
      { 'content-type': 'text/html; charset=utf-8',
        'content-length': '220' },
     body: '<!DOCTYPE html>\n<html>\n  <head>\n    <link rel=\'stylesheet\' href=\'/stylesheets/style.css\' />\n  </head>\n  <body>\n    \n    <p><a href="/users/logout">注销</a></p>\n    <p>用户名：张三</p>\n    \n    \n  </body>\n</html>\n' } }
[2019-12-09T18:45:23.138] [INFO] response - { method: 'GET',
  url: '/favicon.ico',
  body: {},
  costTime: 6,
  response: { status: 200,
     message: 'OK',
     header: 
      { 'content-type': 'text/html; charset=utf-8',
        'content-length': '321' },
     body: '<h1>抱歉，找不到你的诗和远方了！</h1>\n<h2>404</h2>\n<pre>NotFoundError: Not Found\n    at Object.throw (D:\\前端课设\\后端\\koaLogin_sequelize\\node_modules\\koa\\lib\\context.js:97:11)\n    at module.exports (D:\\前端课设\\后端\\koaLogin_sequelize\\middlewares\\error.js:5:22)\n    at &lt;anonymous&gt;</pre>\n\n' } }
[2019-12-09T18:45:24.141] [INFO] response - { method: 'GET',
  url: '/users/logout',
  body: {},
  costTime: 4,
  response: { status: 200,
     message: 'OK',
     header: 
      { 'content-type': 'text/html; charset=utf-8',
        'content-length': '1697' },
     body: '<!DOCTYPE html>\n<html>\n<head>\n    <link rel="stylesheet" href=\'/stylesheets/login.css\'>\n    <title>登陆</title>\n</head>\n<body>\n    <div class="header" id="head">\n      <div class="title">XXXX 系统登陆</div>\n    </div>\n          \n    <div class="wrap" id="wrap">\n        <div class="logGet">\n                <!-- 头部提示信息 -->\n                <div class="logD logDtip">\n                    <p class="p1">登录</p>\n                </div>\n                <form action="/users/checkLogin" method="POST">\n                  <!-- 输入框 -->\n                  <div class="lgD">\n                      <input type="text" name="u_id"\n                          placeholder="输入id" />\n                  </div>\n                  <div class="lgD">\n                      <input type="password" name="u_password"\n                          placeholder="输入用户密码" />\n                  </div>\n                  <div class="logC">\n                      <button type="submit">登 录</button>\n                  </div>\n                </form>\n            </div>\n      </div>\n      <div class="footer" id="foot">\n        <div class="copyright">\n          <p>Copyright © 2019 huaruan.com Inc. All Rights Reserved.</p>\n          <div class="img">\n              <i class="icon"></i><span>联系邮箱：123123@sise.com</span>\n          </div>\n          \n          <div class="img">\n              <i class="icon1"></i><span>联系地址：广州大学华软软件学院</span>\n          </div>\n            \n          <div class="img">\n            <i class="icon2"></i><span>联系电话：12345678</span>\n          </div>\n       \n       \n        </div>\n          \n      </div>\n</body>\n</html>' } }
[2019-12-09T18:45:24.385] [INFO] response - { method: 'GET',
  url: '/favicon.ico',
  body: {},
  costTime: 127,
  response: { status: 200,
     message: 'OK',
     header: 
      { 'content-type': 'text/html; charset=utf-8',
        'content-length': '321' },
     body: '<h1>抱歉，找不到你的诗和远方了！</h1>\n<h2>404</h2>\n<pre>NotFoundError: Not Found\n    at Object.throw (D:\\前端课设\\后端\\koaLogin_sequelize\\node_modules\\koa\\lib\\context.js:97:11)\n    at module.exports (D:\\前端课设\\后端\\koaLogin_sequelize\\middlewares\\error.js:5:22)\n    at &lt;anonymous&gt;</pre>\n\n' } }
[2019-12-09T18:45:29.789] [INFO] response - { method: 'POST',
  url: '/users/checkLogin',
  body: { u_id: '1002', u_password: '123456' },
  costTime: 29,
  response: { status: 302,
     message: 'Found',
     header: 
      { location: '/',
        'content-type': 'text/html; charset=utf-8',
        'content-length': '33' },
     body: 'Redirecting to <a href="/">/</a>.' } }
[2019-12-09T18:45:29.821] [INFO] response - { method: 'GET',
  url: '/',
  body: {},
  costTime: 2,
  response: { status: 200,
     message: 'OK',
     header: 
      { 'content-type': 'text/html; charset=utf-8',
        'content-length': '511' },
     body: '<!DOCTYPE html>\n<html>\n  <head>\n    <link rel=\'stylesheet\' href=\'/stylesheets/style.css\' />\n  </head>\n  <body>\n    \n    <p><a href="/users/logout">注销</a></p>\n    <p>用户名：赵六</p>\n    \n    \n    <p><a href="/user/message">用户信息管理</a></p>\n    <p><a href="/class/classroom_message">教室信息管理</a></p>\n    <p><a href="/class/classroom_occupyMessage">教室占用情况</a></p>\n    <p><a href="/classtable/classtable_message">教室申请表信息管理</a></p>\n    \n  </body>\n</html>\n' } }
[2019-12-09T18:45:29.919] [INFO] response - { method: 'GET',
  url: '/favicon.ico',
  body: {},
  costTime: 51,
  response: { status: 200,
     message: 'OK',
     header: 
      { 'content-type': 'text/html; charset=utf-8',
        'content-length': '321' },
     body: '<h1>抱歉，找不到你的诗和远方了！</h1>\n<h2>404</h2>\n<pre>NotFoundError: Not Found\n    at Object.throw (D:\\前端课设\\后端\\koaLogin_sequelize\\node_modules\\koa\\lib\\context.js:97:11)\n    at module.exports (D:\\前端课设\\后端\\koaLogin_sequelize\\middlewares\\error.js:5:22)\n    at &lt;anonymous&gt;</pre>\n\n' } }
[2019-12-09T18:45:30.961] [INFO] response - { method: 'GET',
  url: '/user/message',
  body: {},
  costTime: 27,
  response: { status: 200,
     message: 'OK',
     header: 
      { 'content-type': 'text/html; charset=utf-8',
        'content-length': '3261' },
     body: '<!DOCTYPE html>\r\n<html lang="en">\r\n\r\n<head>\r\n    <meta charset="UTF-8">\r\n    <meta name="viewport" content="width=device-width, initial-scale=1.0">\r\n    <meta http-equiv="X-UA-Compatible" content="ie=edge">\r\n\r\n    <title>用户信息管理</title>\r\n</head>\r\n\r\n<body>\r\n    <div id="container">\r\n        <div class="title">用户信息管理</div>\r\n        <div class="table">\r\n            <table border="1px solid" style="text-align: center;">\r\n                <thead>\r\n                    <td>序号</td>\r\n                    <td>学号/工号</td>\r\n                    <td>用户姓名</td>\r\n                    <td>用户身份</td>\r\n                    <td>操作</td>\r\n                </thead>\r\n                <tbody>\r\n                    \r\n                    <tr>\r\n                        <td>1</td>\r\n                        <td>1001</td>\r\n                        <td>张三</td>\r\n                        <td>\r\n                            学生\r\n                            \r\n                        </td>\r\n                        <td><a href="/user/message/delect/1001">删除</td>\r\n                        <td><a href="/user/message/edit/1001">编辑</td>\r\n                    </tr>\r\n                    \r\n                    <tr>\r\n                        <td>2</td>\r\n                        <td>1002</td>\r\n                        <td>赵六</td>\r\n                        <td>\r\n                            老师\r\n                            \r\n                        </td>\r\n                        <td><a href="/user/message/delect/1002">删除</td>\r\n                        <td><a href="/user/message/edit/1002">编辑</td>\r\n                    </tr>\r\n                    \r\n                    <tr>\r\n                        <td>3</td>\r\n                        <td>1003</td>\r\n                        <td>王五</td>\r\n                        <td>\r\n                            学生\r\n                            \r\n                        </td>\r\n                        <td><a href="/user/message/delect/1003">删除</td>\r\n                        <td><a href="/user/message/edit/1003">编辑</td>\r\n                    </tr>\r\n                    \r\n                </tbody>\r\n            </table>\r\n        </div>\r\n        <p></p>\r\n        <div class="adduser">\r\n            <div>添加用户</div>\r\n            <br>\r\n            <form action="/user/message/sent" method="POST">\r\n                学号或工号：<input type="text" name="u_id" placeholder="学号或工号" required>\r\n                <br></br>\r\n                用户名字：<input type="text" name="u_name" placeholder="用户姓名" required>\r\n                <br></br>\r\n                <label for="u_role">角色:</label>\r\n                <select name="u_role" required>\r\n                    <option value=""></option>\r\n                    <option value="1">学生</option>\r\n                    <option value="2">老师</option>\r\n                </select>\r\n                <br></br>\r\n                密码：<input type="password" name="u_password" placeholder="用户密码" required>\r\n                <br></br>\r\n                <button type="submit">提交</button> <button type="reset">重置</button>\r\n            </form>\r\n        </div>\r\n\r\n\r\n    </div>\r\n    \r\n</body>\r\n\r\n</html>' } }
[2019-12-09T18:45:31.014] [INFO] response - { method: 'GET',
  url: '/favicon.ico',
  body: {},
  costTime: 7,
  response: { status: 200,
     message: 'OK',
     header: 
      { 'content-type': 'text/html; charset=utf-8',
        'content-length': '321' },
     body: '<h1>抱歉，找不到你的诗和远方了！</h1>\n<h2>404</h2>\n<pre>NotFoundError: Not Found\n    at Object.throw (D:\\前端课设\\后端\\koaLogin_sequelize\\node_modules\\koa\\lib\\context.js:97:11)\n    at module.exports (D:\\前端课设\\后端\\koaLogin_sequelize\\middlewares\\error.js:5:22)\n    at &lt;anonymous&gt;</pre>\n\n' } }
[2019-12-09T18:45:31.884] [INFO] response - { method: 'GET',
  url: '/favicon.ico',
  body: {},
  costTime: 54,
  response: { status: 200,
     message: 'OK',
     header: 
      { 'content-type': 'text/html; charset=utf-8',
        'content-length': '321' },
     body: '<h1>抱歉，找不到你的诗和远方了！</h1>\n<h2>404</h2>\n<pre>NotFoundError: Not Found\n    at Object.throw (D:\\前端课设\\后端\\koaLogin_sequelize\\node_modules\\koa\\lib\\context.js:97:11)\n    at module.exports (D:\\前端课设\\后端\\koaLogin_sequelize\\middlewares\\error.js:5:22)\n    at &lt;anonymous&gt;</pre>\n\n' } }
[2019-12-09T18:45:33.173] [INFO] response - { method: 'GET',
  url: '/class/classroom_message',
  body: {},
  costTime: 29,
  response: { status: 200,
     message: 'OK',
     header: 
      { 'content-type': 'text/html; charset=utf-8',
        'content-length': '4339' },
     body: '<!DOCTYPE html>\r\n<html lang="en">\r\n\r\n<head>\r\n    <meta charset="UTF-8">\r\n    <meta name="viewport" content="width=device-width, initial-scale=1.0">\r\n    <meta http-equiv="X-UA-Compatible" content="ie=edge">\r\n\r\n    <title>教室信息管理</title>\r\n</head>\r\n\r\n<body>\r\n    <div id="container">\r\n        <div class="title">教室信息管理</div>\r\n        <div class="table">\r\n            <table border="1px solid" style="text-align: center;">\r\n                <thead>\r\n                    <td>教室ID</td>\r\n                    <td>教室名称</td>\r\n                    <td>容纳人数</td>\r\n                    <td>是否可用</td>\r\n                    <td>是否拥有多媒体</td>\r\n                    <td>教室地点</td>\r\n                    <td>操作</td>\r\n                </thead>\r\n                <tbody>\r\n                    \r\n                    <tr>\r\n                        <td>101</td>\r\n                        <td>U101</td>\r\n                        <td>60</td>\r\n                        <td>\r\n                            被占用\r\n                            \r\n                        </td>\r\n                         <td>\r\n                            无\r\n                            \r\n                        </td>\r\n                        <td>S2楼</td>\r\n                        <td><a href="/class/classroom_message/delect/101">删除</td>\r\n                        <td><a href="/class/class_edit/edit/101">编辑</td>\r\n                    </tr>\r\n                    \r\n                    <tr>\r\n                        <td>102</td>\r\n                        <td>U102</td>\r\n                        <td>60</td>\r\n                        <td>\r\n                            空闲\r\n                            \r\n                        </td>\r\n                         <td>\r\n                            无\r\n                            \r\n                        </td>\r\n                        <td>S2楼</td>\r\n                        <td><a href="/class/classroom_message/delect/102">删除</td>\r\n                        <td><a href="/class/class_edit/edit/102">编辑</td>\r\n                    </tr>\r\n                    \r\n                    <tr>\r\n                        <td>103</td>\r\n                        <td>U103</td>\r\n                        <td>50</td>\r\n                        <td>\r\n                            空闲\r\n                            \r\n                        </td>\r\n                         <td>\r\n                            有\r\n                            \r\n                        </td>\r\n                        <td>S2楼</td>\r\n                        <td><a href="/class/classroom_message/delect/103">删除</td>\r\n                        <td><a href="/class/class_edit/edit/103">编辑</td>\r\n                    </tr>\r\n                    \r\n                </tbody>\r\n            </table>\r\n        </div>\r\n\r\n        <p></p>\r\n        <div class="adduser">\r\n            <div>添加教室</div>\r\n            <br>\r\n            <form action="/class/classroom_message/add" method="POST">\r\n                教室ID：<input type="text" name="c_id" placeholder="教室ID" required>\r\n                <br></br>\r\n                教室名称：<input type="text" name="c_name" placeholder="教室名称" required>\r\n                <br></br>\r\n                容纳人数：<input type="text" name="c_person" placeholder="容纳人数" required>\r\n                <br></br>\r\n                <label for="c_use">是否可用:</label>\r\n                <select name="c_use" required>\r\n                    <option value=""></option>\r\n                    <option value="0">被占用</option>\r\n                    <option value="1">空闲</option>\r\n                </select>\r\n                <br></br>\r\n                <label for="c_media">是否拥有多媒体:</label>\r\n                <select name="c_media" required>\r\n                <option value=""></option>\r\n                <option value="0">无</option>\r\n                <option value="1">有</option>\r\n                </select>\r\n                <br></br>\r\n                教室地点：<input type="text" name="c_position" placeholder="教室地点" required>\r\n                <br></br>\r\n                <button type="submit">提交</button> <button type="reset">重置</button>\r\n            </form>\r\n        </div>\r\n\r\n\r\n    </div>\r\n    \r\n</body>\r\n\r\n</html>' } }
[2019-12-09T18:45:33.264] [INFO] response - { method: 'GET',
  url: '/favicon.ico',
  body: {},
  costTime: 27,
  response: { status: 200,
     message: 'OK',
     header: 
      { 'content-type': 'text/html; charset=utf-8',
        'content-length': '321' },
     body: '<h1>抱歉，找不到你的诗和远方了！</h1>\n<h2>404</h2>\n<pre>NotFoundError: Not Found\n    at Object.throw (D:\\前端课设\\后端\\koaLogin_sequelize\\node_modules\\koa\\lib\\context.js:97:11)\n    at module.exports (D:\\前端课设\\后端\\koaLogin_sequelize\\middlewares\\error.js:5:22)\n    at &lt;anonymous&gt;</pre>\n\n' } }
[2019-12-09T18:45:34.130] [INFO] response - { method: 'GET',
  url: '/favicon.ico',
  body: {},
  costTime: 29,
  response: { status: 200,
     message: 'OK',
     header: 
      { 'content-type': 'text/html; charset=utf-8',
        'content-length': '321' },
     body: '<h1>抱歉，找不到你的诗和远方了！</h1>\n<h2>404</h2>\n<pre>NotFoundError: Not Found\n    at Object.throw (D:\\前端课设\\后端\\koaLogin_sequelize\\node_modules\\koa\\lib\\context.js:97:11)\n    at module.exports (D:\\前端课设\\后端\\koaLogin_sequelize\\middlewares\\error.js:5:22)\n    at &lt;anonymous&gt;</pre>\n\n' } }
[2019-12-09T18:45:35.007] [INFO] response - { method: 'GET',
  url: '/class/classroom_occupyMessage',
  body: {},
  costTime: 142,
  response: { status: 200,
     message: 'OK',
     header: 
      { 'content-type': 'text/html; charset=utf-8',
        'content-length': '2469' },
     body: '<!DOCTYPE html>\r\n<html lang="en">\r\n\r\n<head>\r\n    <meta charset="UTF-8">\r\n    <meta name="viewport" content="width=device-width, initial-scale=1.0">\r\n    <meta http-equiv="X-UA-Compatible" content="ie=edge">\r\n\r\n    <title>教室占用情况</title>\r\n</head>\r\n\r\n<body>\r\n\r\n    <input type="date">\r\n\r\n    <div id="container">\r\n        <div class="title">教室占用情况</div>\r\n        <div class="table">\r\n            <table border="1px solid" style="text-align: center;">\r\n                <thead>\r\n                    <td>占用表ID</td>\r\n                    <td>教室名称</td>\r\n                    <td>容纳人数</td>\r\n                    <td>是否拥有多媒体</td>\r\n                    <td>教室占用开始时间</td>\r\n                    <td>教室占用结束时间</td>\r\n                    <td>操作</td>\r\n                </thead>\r\n                <tbody>\r\n                    \r\n                </tbody>\r\n            </table>\r\n        </div>\r\n\r\n        <!-- <p></p>\r\n        <div class="adduser">\r\n            <div>添加教室</div>\r\n            <br>\r\n            <form action="/class/classroom_message/add" method="POST">\r\n                教室ID：<input type="text" name="c_id" placeholder="教室ID" required>\r\n                <br></br>\r\n                教室名称：<input type="text" name="c_name" placeholder="教室名称" required>\r\n                <br></br>\r\n                容纳人数：<input type="text" name="c_person" placeholder="容纳人数" required>\r\n                <br></br>\r\n                <label for="c_use">是否可用:</label>\r\n                <select name="c_use" required>\r\n                    <option value=""></option>\r\n                    <option value="0">被占用</option>\r\n                    <option value="1">空闲</option>\r\n                </select>\r\n                <br></br>\r\n                <label for="c_media">是否拥有多媒体:</label>\r\n                <select name="c_media" required>\r\n                <option value=""></option>\r\n                <option value="0">无</option>\r\n                <option value="1">有</option>\r\n                </select>\r\n                <br></br>\r\n                教室地点：<input type="text" name="c_position" placeholder="教室地点" required>\r\n                <br></br>\r\n                <button type="submit">提交</button> <button type="reset">重置</button>\r\n            </form>\r\n        </div> -->\r\n\r\n\r\n    </div>\r\n    \r\n    \r\n</body>\r\n\r\n</html>' } }
[2019-12-09T18:45:35.078] [INFO] response - { method: 'GET',
  url: '/favicon.ico',
  body: {},
  costTime: 5,
  response: { status: 200,
     message: 'OK',
     header: 
      { 'content-type': 'text/html; charset=utf-8',
        'content-length': '321' },
     body: '<h1>抱歉，找不到你的诗和远方了！</h1>\n<h2>404</h2>\n<pre>NotFoundError: Not Found\n    at Object.throw (D:\\前端课设\\后端\\koaLogin_sequelize\\node_modules\\koa\\lib\\context.js:97:11)\n    at module.exports (D:\\前端课设\\后端\\koaLogin_sequelize\\middlewares\\error.js:5:22)\n    at &lt;anonymous&gt;</pre>\n\n' } }
[2019-12-09T18:45:35.872] [INFO] response - { method: 'GET',
  url: '/favicon.ico',
  body: {},
  costTime: 94,
  response: { status: 200,
     message: 'OK',
     header: 
      { 'content-type': 'text/html; charset=utf-8',
        'content-length': '321' },
     body: '<h1>抱歉，找不到你的诗和远方了！</h1>\n<h2>404</h2>\n<pre>NotFoundError: Not Found\n    at Object.throw (D:\\前端课设\\后端\\koaLogin_sequelize\\node_modules\\koa\\lib\\context.js:97:11)\n    at module.exports (D:\\前端课设\\后端\\koaLogin_sequelize\\middlewares\\error.js:5:22)\n    at &lt;anonymous&gt;</pre>\n\n' } }
[2019-12-09T18:45:36.925] [INFO] response - { method: 'GET',
  url: '/classtable/classtable_message',
  body: {},
  costTime: 142,
  response: { status: 200,
     message: 'OK',
     header: 
      { 'content-type': 'text/html; charset=utf-8',
        'content-length': '5000' },
     body: '<!DOCTYPE html>\r\n<html lang="en">\r\n\r\n<head>\r\n    <meta charset="UTF-8">\r\n    <meta name="viewport" content="width=device-width, initial-scale=1.0">\r\n    <meta http-equiv="X-UA-Compatible" content="ie=edge">\r\n\r\n    <title>教室申请表信息管理</title>\r\n</head>\r\n\r\n<body>\r\n    <div id="container">\r\n                <br></br>\r\n                <a href="/class/classroom_message">查看教室使用情况</a>\r\n                <a href="/class/classroom_occupyMessage">查看教室占用情况</a>\r\n                <br></br>\r\n        <div class="title">教室申请表信息管理</div>\r\n        <div class="table">\r\n            <table border="1px solid" style="text-align: center;">\r\n                <thead>\r\n                    <td>申请表ID</td>\r\n                    <td>申请人姓名</td>\r\n                    <td>手机号码</td>\r\n                    <td>参加人数</td>\r\n                    <td>是否需要多媒体</td>\r\n                    <td>使用教室原因</td>\r\n                    <td>申请教室时间</td>\r\n                    <td>使用教室开始时间</td>\r\n                    <td>使用教室结束时间</td>\r\n                    <td>审核结果</td>\r\n                    <td>分配的教室名称</td>\r\n                    <td>审批人姓名</td>\r\n                    <td>操作</td>\r\n                </thead>\r\n                <tbody>\r\n                    \r\n                    <tr>\r\n                        <td>11</td>\r\n                        <td>张三</td>\r\n                        <td>123456</td>\r\n                        <td>45</td>\r\n                        <td>\r\n                            不需要\r\n                            \r\n                            </td>\r\n                        <td>开会需要</td>\r\n                        <td>2019-12-02 16:00:00</td>\r\n                        <td>2019-12-03 19:00:00</td>\r\n                        <td>2019-12-03 20:00:00</td>\r\n                        <td></td>\r\n                        <td></td>\r\n                        <td></td>\r\n                        <td><a href=\'/classtable/class_assign/11\'>审批教室</td>\r\n                        <td><a href=\'/classtable/class_assign_cancel/11\'>取消审批</td>\r\n                        <td><a href="/classtable/delect/11">删除</td>\r\n                    </tr>\r\n                    \r\n                    <tr>\r\n                        <td>12</td>\r\n                        <td>张三</td>\r\n                        <td>123456</td>\r\n                        <td>45</td>\r\n                        <td>\r\n                            不需要\r\n                            \r\n                            </td>\r\n                        <td>开会需要</td>\r\n                        <td>2019-12-02 16:00:00</td>\r\n                        <td>2019-12-03 19:00:00</td>\r\n                        <td>2019-12-03 20:00:00</td>\r\n                        <td></td>\r\n                        <td></td>\r\n                        <td></td>\r\n                        <td><a href=\'/classtable/class_assign/12\'>审批教室</td>\r\n                        <td><a href=\'/classtable/class_assign_cancel/12\'>取消审批</td>\r\n                        <td><a href="/classtable/delect/12">删除</td>\r\n                    </tr>\r\n                    \r\n                </tbody>\r\n            </table>\r\n        </div>\r\n\r\n        <p></p>\r\n        <div class="adduser">\r\n            <div>添加教室申请表</div>\r\n            <br>\r\n            <form action="/classtable/classtable_message/add" method="POST">\r\n                申请人姓名：<input type="text" name="t_name" placeholder="申请人姓名" required>\r\n                <br></br>\r\n                手机号码：<input type="text" name="t_contact" placeholder="手机号码" required>\r\n                <br></br>\r\n                参加人数：<input type="text" name="t_joinPeople" placeholder="参加人数" required>\r\n                <br></br>\r\n                使用教室原因：<input type="text" name="t_useReason" placeholder="使用教室原因" required>\r\n                <br></br>\r\n                申请教室时间：<input type="text" name="t_time" placeholder="申请教室时间" required>\r\n                <br></br>\r\n                使用教室开始时间：<input type="text" name="t_useTime" placeholder="使用教室开始时间" required>\r\n                <br></br>\r\n                使用教室结束时间：<input type="text" name="t_endTime" placeholder="使用教室结束时间" required>\r\n                <br></br>\r\n                <label for="t_media">是否需要多媒体:</label>\r\n                <select name="t_media" required>\r\n                <option value=""></option>\r\n                <option value="0">不需要</option>\r\n                <option value="1">需要</option>\r\n                </select>\r\n                <br></br>\r\n                <button type="submit">提交</button> <button type="reset">重置</button>\r\n            </form>\r\n        </div>\r\n\r\n\r\n    </div>\r\n    \r\n</body>\r\n\r\n</html>' } }
[2019-12-09T18:45:37.046] [INFO] response - { method: 'GET',
  url: '/favicon.ico',
  body: {},
  costTime: 62,
  response: { status: 200,
     message: 'OK',
     header: 
      { 'content-type': 'text/html; charset=utf-8',
        'content-length': '321' },
     body: '<h1>抱歉，找不到你的诗和远方了！</h1>\n<h2>404</h2>\n<pre>NotFoundError: Not Found\n    at Object.throw (D:\\前端课设\\后端\\koaLogin_sequelize\\node_modules\\koa\\lib\\context.js:97:11)\n    at module.exports (D:\\前端课设\\后端\\koaLogin_sequelize\\middlewares\\error.js:5:22)\n    at &lt;anonymous&gt;</pre>\n\n' } }
[2019-12-09T18:45:38.129] [INFO] response - { method: 'GET',
  url: '/favicon.ico',
  body: {},
  costTime: 84,
  response: { status: 200,
     message: 'OK',
     header: 
      { 'content-type': 'text/html; charset=utf-8',
        'content-length': '321' },
     body: '<h1>抱歉，找不到你的诗和远方了！</h1>\n<h2>404</h2>\n<pre>NotFoundError: Not Found\n    at Object.throw (D:\\前端课设\\后端\\koaLogin_sequelize\\node_modules\\koa\\lib\\context.js:97:11)\n    at module.exports (D:\\前端课设\\后端\\koaLogin_sequelize\\middlewares\\error.js:5:22)\n    at &lt;anonymous&gt;</pre>\n\n' } }
[2019-12-09T18:45:38.265] [INFO] response - { method: 'GET',
  url: '/favicon.ico',
  body: {},
  costTime: 35,
  response: { status: 200,
     message: 'OK',
     header: 
      { 'content-type': 'text/html; charset=utf-8',
        'content-length': '321' },
     body: '<h1>抱歉，找不到你的诗和远方了！</h1>\n<h2>404</h2>\n<pre>NotFoundError: Not Found\n    at Object.throw (D:\\前端课设\\后端\\koaLogin_sequelize\\node_modules\\koa\\lib\\context.js:97:11)\n    at module.exports (D:\\前端课设\\后端\\koaLogin_sequelize\\middlewares\\error.js:5:22)\n    at &lt;anonymous&gt;</pre>\n\n' } }
[2019-12-09T20:33:23.116] [INFO] response - { method: 'GET',
  url: '/favicon.ico',
  body: {},
  costTime: 77,
  response: { status: 200,
     message: 'OK',
     header: 
      { 'content-type': 'text/html; charset=utf-8',
        'content-length': '321' },
     body: '<h1>抱歉，找不到你的诗和远方了！</h1>\n<h2>404</h2>\n<pre>NotFoundError: Not Found\n    at Object.throw (D:\\前端课设\\后端\\koaLogin_sequelize\\node_modules\\koa\\lib\\context.js:97:11)\n    at module.exports (D:\\前端课设\\后端\\koaLogin_sequelize\\middlewares\\error.js:5:22)\n    at &lt;anonymous&gt;</pre>\n\n' } }
