[2019-12-11T22:04:18.839] [INFO] response - { method: 'POST',
  url: '/api/users/postlogin',
  body: { user_id: '1001', password: '123456' },
  costTime: 89,
  response: { status: 200,
     message: 'OK',
     header: 
      { vary: 'Origin',
        'access-control-allow-origin': 'http://localhost:8080',
        'access-control-allow-credentials': 'true',
        'access-control-expose-headers': 'WWW-Authenticate,Server-Authorization',
        'content-type': 'application/json; charset=utf-8' },
     body: { code: 0, data: [Object] } } }
[2019-12-11T22:04:29.156] [INFO] response - { method: 'POST',
  url: '/api/users/postlogin',
  body: { user_id: '1001', password: '123456' },
  costTime: 39,
  response: { status: 200,
     message: 'OK',
     header: 
      { vary: 'Origin',
        'access-control-allow-origin': 'http://localhost:8080',
        'access-control-allow-credentials': 'true',
        'access-control-expose-headers': 'WWW-Authenticate,Server-Authorization',
        'content-type': 'application/json; charset=utf-8' },
     body: { code: 0, data: [Object] } } }
[2019-12-11T22:06:00.648] [INFO] response - { method: 'POST',
  url: '/api/users/postlogin',
  body: { user_id: '1001', password: '123456' },
  costTime: 60,
  response: { status: 200,
     message: 'OK',
     header: 
      { vary: 'Origin',
        'access-control-allow-origin': 'http://localhost:8080',
        'access-control-allow-credentials': 'true',
        'access-control-expose-headers': 'WWW-Authenticate,Server-Authorization',
        'content-type': 'application/json; charset=utf-8' },
     body: { code: 0, data: [Object] } } }
[2019-12-11T22:06:07.479] [INFO] response - { method: 'POST',
  url: '/api/users/postlogin',
  body: { user_id: '1001', password: '123456' },
  costTime: 28,
  response: { status: 200,
     message: 'OK',
     header: 
      { vary: 'Origin',
        'access-control-allow-origin': 'http://localhost:8080',
        'access-control-allow-credentials': 'true',
        'access-control-expose-headers': 'WWW-Authenticate,Server-Authorization',
        'content-type': 'application/json; charset=utf-8' },
     body: { code: 0, data: [Object] } } }
[2019-12-11T22:06:13.304] [INFO] response - { method: 'POST',
  url: '/api/users/postlogin',
  body: { user_id: '1002', password: '123456' },
  costTime: 22,
  response: { status: 200,
     message: 'OK',
     header: 
      { vary: 'Origin',
        'access-control-allow-origin': 'http://localhost:8080',
        'access-control-allow-credentials': 'true',
        'access-control-expose-headers': 'WWW-Authenticate,Server-Authorization',
        'content-type': 'application/json; charset=utf-8' },
     body: { code: 0, data: [Object] } } }
[2019-12-11T22:08:26.007] [INFO] response - { method: 'POST',
  url: '/api/users/postlogin',
  body: { user_id: '1002', password: '123456' },
  costTime: 30,
  response: { status: 200,
     message: 'OK',
     header: 
      { vary: 'Origin',
        'access-control-allow-origin': 'http://localhost:8080',
        'access-control-allow-credentials': 'true',
        'access-control-expose-headers': 'WWW-Authenticate,Server-Authorization',
        'content-type': 'application/json; charset=utf-8' },
     body: { code: 0, data: [Object] } } }
[2019-12-11T22:08:35.502] [INFO] response - { method: 'POST',
  url: '/api/users/postlogin',
  body: { user_id: '1002', password: '123456' },
  costTime: 35,
  response: { status: 200,
     message: 'OK',
     header: 
      { vary: 'Origin',
        'access-control-allow-origin': 'http://localhost:8080',
        'access-control-allow-credentials': 'true',
        'access-control-expose-headers': 'WWW-Authenticate,Server-Authorization',
        'content-type': 'application/json; charset=utf-8' },
     body: { code: 0, data: [Object] } } }
[2019-12-11T22:09:43.824] [INFO] response - { method: 'POST',
  url: '/api/users/postlogin',
  body: { user_id: '1002', password: '123456' },
  costTime: 96,
  response: { status: 200,
     message: 'OK',
     header: 
      { vary: 'Origin',
        'access-control-allow-origin': 'http://localhost:8080',
        'access-control-allow-credentials': 'true',
        'access-control-expose-headers': 'WWW-Authenticate,Server-Authorization',
        'content-type': 'application/json; charset=utf-8' },
     body: { code: 1, data: [Object] } } }
[2019-12-11T22:09:48.621] [INFO] response - { method: 'POST',
  url: '/api/users/postlogin',
  body: { user_id: '1002', password: '123456' },
  costTime: 36,
  response: { status: 200,
     message: 'OK',
     header: 
      { vary: 'Origin',
        'access-control-allow-origin': 'http://localhost:8080',
        'access-control-allow-credentials': 'true',
        'access-control-expose-headers': 'WWW-Authenticate,Server-Authorization',
        'content-type': 'application/json; charset=utf-8' },
     body: { code: 1, data: [Object] } } }
[2019-12-11T22:09:51.301] [INFO] response - { method: 'POST',
  url: '/api/users/postlogin',
  body: { user_id: '1002', password: '123456' },
  costTime: 29,
  response: { status: 200,
     message: 'OK',
     header: 
      { vary: 'Origin',
        'access-control-allow-origin': 'http://localhost:8080',
        'access-control-allow-credentials': 'true',
        'access-control-expose-headers': 'WWW-Authenticate,Server-Authorization',
        'content-type': 'application/json; charset=utf-8' },
     body: { code: 1, data: [Object] } } }
[2019-12-11T22:10:30.111] [INFO] response - { method: 'GET',
  url: '/',
  body: {},
  costTime: 12,
  response: { status: 200,
     message: 'OK',
     header: 
      { vary: 'Origin',
        'access-control-allow-origin': 'http://localhost:8080',
        'access-control-allow-credentials': 'true',
        'access-control-expose-headers': 'WWW-Authenticate,Server-Authorization',
        'content-type': 'text/html; charset=utf-8',
        'content-length': '1697' },
     body: '<!DOCTYPE html>\n<html>\n<head>\n    <link rel="stylesheet" href=\'/stylesheets/login.css\'>\n    <title>登陆</title>\n</head>\n<body>\n    <div class="header" id="head">\n      <div class="title">XXXX 系统登陆</div>\n    </div>\n          \n    <div class="wrap" id="wrap">\n        <div class="logGet">\n                <!-- 头部提示信息 -->\n                <div class="logD logDtip">\n                    <p class="p1">登录</p>\n                </div>\n                <form action="/users/checkLogin" method="POST">\n                  <!-- 输入框 -->\n                  <div class="lgD">\n                      <input type="text" name="u_id"\n                          placeholder="输入id" />\n                  </div>\n                  <div class="lgD">\n                      <input type="password" name="u_password"\n                          placeholder="输入用户密码" />\n                  </div>\n                  <div class="logC">\n                      <button type="submit">登 录</button>\n                  </div>\n                </form>\n            </div>\n      </div>\n      <div class="footer" id="foot">\n        <div class="copyright">\n          <p>Copyright © 2019 huaruan.com Inc. All Rights Reserved.</p>\n          <div class="img">\n              <i class="icon"></i><span>联系邮箱：123123@sise.com</span>\n          </div>\n          \n          <div class="img">\n              <i class="icon1"></i><span>联系地址：广州大学华软软件学院</span>\n          </div>\n            \n          <div class="img">\n            <i class="icon2"></i><span>联系电话：12345678</span>\n          </div>\n       \n       \n        </div>\n          \n      </div>\n</body>\n</html>' } }
[2019-12-11T22:10:30.381] [INFO] response - { method: 'GET',
  url: '/favicon.ico',
  body: {},
  costTime: 37,
  response: { status: 200,
     message: 'OK',
     header: 
      { vary: 'Origin',
        'access-control-allow-origin': 'http://localhost:8080',
        'access-control-allow-credentials': 'true',
        'access-control-expose-headers': 'WWW-Authenticate,Server-Authorization',
        'content-type': 'text/html; charset=utf-8',
        'content-length': '331' },
     body: '<h1>抱歉，找不到你的诗和远方了！</h1>\n<h2>404</h2>\n<pre>NotFoundError: Not Found\n    at Object.throw (D:\\360极速浏览器下载\\koaLogin_sequelize\\node_modules\\koa\\lib\\context.js:97:11)\n    at module.exports (D:\\360极速浏览器下载\\koaLogin_sequelize\\middlewares\\error.js:5:22)\n    at &lt;anonymous&gt;</pre>\n\n' } }
[2019-12-11T22:11:33.049] [INFO] response - { method: 'POST',
  url: '/api/users/postlogin',
  body: { user_id: '1001', password: '123456' },
  costTime: 58,
  response: { status: 200,
     message: 'OK',
     header: 
      { vary: 'Origin',
        'access-control-allow-origin': 'http://localhost:8080',
        'access-control-allow-credentials': 'true',
        'access-control-expose-headers': 'WWW-Authenticate,Server-Authorization',
        'content-type': 'application/json; charset=utf-8' },
     body: { code: 1, data: [Object] } } }
[2019-12-11T22:11:54.969] [INFO] response - { method: 'POST',
  url: '/api/users/postlogin',
  body: { user_id: '1001', password: '123456' },
  costTime: 53,
  response: { status: 200,
     message: 'OK',
     header: 
      { vary: 'Origin',
        'access-control-allow-origin': 'http://localhost:8080',
        'access-control-allow-credentials': 'true',
        'access-control-expose-headers': 'WWW-Authenticate,Server-Authorization',
        'content-type': 'application/json; charset=utf-8' },
     body: { code: 1, data: [Object] } } }
[2019-12-11T22:16:10.139] [INFO] response - { method: 'POST',
  url: '/api/users/postlogin',
  body: { user_id: '1001', password: '123456' },
  costTime: 127,
  response: { status: 200,
     message: 'OK',
     header: 
      { vary: 'Origin',
        'access-control-allow-origin': 'http://localhost:8080',
        'access-control-allow-credentials': 'true',
        'access-control-expose-headers': 'WWW-Authenticate,Server-Authorization',
        'content-type': 'application/json; charset=utf-8' },
     body: { code: 1, data: [Object] } } }
[2019-12-11T22:17:15.964] [INFO] response - { method: 'POST',
  url: '/api/users/postlogin',
  body: { user_id: '1001', password: '123456' },
  costTime: 127,
  response: { status: 200,
     message: 'OK',
     header: 
      { vary: 'Origin',
        'access-control-allow-origin': 'http://localhost:8080',
        'access-control-allow-credentials': 'true',
        'access-control-expose-headers': 'WWW-Authenticate,Server-Authorization',
        'content-type': 'application/json; charset=utf-8' },
     body: { code: 1, data: [Object] } } }
[2019-12-11T22:17:16.213] [INFO] response - { method: 'GET',
  url: '/api/users/userinfo',
  body: {},
  costTime: 134,
  response: { status: 200,
     message: 'OK',
     header: 
      { vary: 'Origin',
        'access-control-allow-origin': 'http://localhost:8080',
        'access-control-allow-credentials': 'true',
        'access-control-expose-headers': 'WWW-Authenticate,Server-Authorization',
        'content-type': 'application/json; charset=utf-8' },
     body: { data: [Object] } } }
[2019-12-11T22:17:56.825] [INFO] response - { method: 'GET',
  url: '/api/users/userinfo',
  body: {},
  costTime: 175,
  response: { status: 200,
     message: 'OK',
     header: 
      { vary: 'Origin',
        'access-control-allow-origin': 'http://localhost:8080',
        'access-control-allow-credentials': 'true',
        'access-control-expose-headers': 'WWW-Authenticate,Server-Authorization',
        'content-type': 'application/json; charset=utf-8' },
     body: { data: [Object] } } }
[2019-12-11T22:18:18.140] [INFO] response - { method: 'POST',
  url: '/api/users/postlogin',
  body: { user_id: '1002', password: '123456' },
  costTime: 25,
  response: { status: 200,
     message: 'OK',
     header: 
      { vary: 'Origin',
        'access-control-allow-origin': 'http://localhost:8080',
        'access-control-allow-credentials': 'true',
        'access-control-expose-headers': 'WWW-Authenticate,Server-Authorization',
        'content-type': 'application/json; charset=utf-8' },
     body: { code: 1, data: [Object] } } }
[2019-12-11T22:18:18.329] [INFO] response - { method: 'GET',
  url: '/api/users/userinfo',
  body: {},
  costTime: 157,
  response: { status: 200,
     message: 'OK',
     header: 
      { vary: 'Origin',
        'access-control-allow-origin': 'http://localhost:8080',
        'access-control-allow-credentials': 'true',
        'access-control-expose-headers': 'WWW-Authenticate,Server-Authorization',
        'content-type': 'application/json; charset=utf-8' },
     body: { data: [Object] } } }
[2019-12-11T22:46:37.971] [INFO] response - { method: 'GET',
  url: '/favicon.ico',
  body: {},
  costTime: 59,
  response: { status: 200,
     message: 'OK',
     header: 
      { vary: 'Origin',
        'access-control-allow-origin': 'http://localhost:8080',
        'access-control-allow-credentials': 'true',
        'access-control-expose-headers': 'WWW-Authenticate,Server-Authorization',
        'content-type': 'text/html; charset=utf-8',
        'content-length': '331' },
     body: '<h1>抱歉，找不到你的诗和远方了！</h1>\n<h2>404</h2>\n<pre>NotFoundError: Not Found\n    at Object.throw (D:\\360极速浏览器下载\\koaLogin_sequelize\\node_modules\\koa\\lib\\context.js:97:11)\n    at module.exports (D:\\360极速浏览器下载\\koaLogin_sequelize\\middlewares\\error.js:5:22)\n    at &lt;anonymous&gt;</pre>\n\n' } }
