[2019-12-10T20:55:43.093] [INFO] response - { method: 'GET',
  url: '/favicon.ico',
  body: {},
  costTime: 7,
  response: { status: 200,
     message: 'OK',
     header: 
      { vary: 'Origin',
        'access-control-allow-origin': '*',
        'content-type': 'text/html; charset=utf-8',
        'content-length': '321' },
     body: '<h1>抱歉，找不到你的诗和远方了！</h1>\n<h2>404</h2>\n<pre>NotFoundError: Not Found\n    at Object.throw (D:\\前端课设\\后端\\koaLogin_sequelize\\node_modules\\koa\\lib\\context.js:97:11)\n    at module.exports (D:\\前端课设\\后端\\koaLogin_sequelize\\middlewares\\error.js:5:22)\n    at &lt;anonymous&gt;</pre>\n\n' } }
[2019-12-10T20:56:41.864] [INFO] response - { method: 'GET',
  url: '/u_id=1003&u_password=123456',
  body: {},
  costTime: 50,
  response: { status: 200,
     message: 'OK',
     header: 
      { vary: 'Origin',
        'access-control-allow-origin': '*',
        'content-type': 'text/html; charset=utf-8',
        'content-length': '321' },
     body: '<h1>抱歉，找不到你的诗和远方了！</h1>\n<h2>404</h2>\n<pre>NotFoundError: Not Found\n    at Object.throw (D:\\前端课设\\后端\\koaLogin_sequelize\\node_modules\\koa\\lib\\context.js:97:11)\n    at module.exports (D:\\前端课设\\后端\\koaLogin_sequelize\\middlewares\\error.js:5:22)\n    at &lt;anonymous&gt;</pre>\n\n' } }
[2019-12-10T20:56:41.977] [INFO] response - { method: 'GET',
  url: '/favicon.ico',
  body: {},
  costTime: 7,
  response: { status: 200,
     message: 'OK',
     header: 
      { vary: 'Origin',
        'access-control-allow-origin': '*',
        'content-type': 'text/html; charset=utf-8',
        'content-length': '321' },
     body: '<h1>抱歉，找不到你的诗和远方了！</h1>\n<h2>404</h2>\n<pre>NotFoundError: Not Found\n    at Object.throw (D:\\前端课设\\后端\\koaLogin_sequelize\\node_modules\\koa\\lib\\context.js:97:11)\n    at module.exports (D:\\前端课设\\后端\\koaLogin_sequelize\\middlewares\\error.js:5:22)\n    at &lt;anonymous&gt;</pre>\n\n' } }
[2019-12-10T20:56:45.703] [INFO] response - { method: 'GET',
  url: '/',
  body: {},
  costTime: 2,
  response: { status: 200,
     message: 'OK',
     header: 
      { vary: 'Origin',
        'access-control-allow-origin': '*',
        'content-type': 'text/html; charset=utf-8',
        'content-length': '220' },
     body: '<!DOCTYPE html>\n<html>\n  <head>\n    <link rel=\'stylesheet\' href=\'/stylesheets/style.css\' />\n  </head>\n  <body>\n    \n    <p><a href="/users/logout">注销</a></p>\n    <p>用户名：王五</p>\n    \n    \n  </body>\n</html>\n' } }
[2019-12-10T20:56:45.777] [INFO] response - { method: 'GET',
  url: '/favicon.ico',
  body: {},
  costTime: 4,
  response: { status: 200,
     message: 'OK',
     header: 
      { vary: 'Origin',
        'access-control-allow-origin': '*',
        'content-type': 'text/html; charset=utf-8',
        'content-length': '321' },
     body: '<h1>抱歉，找不到你的诗和远方了！</h1>\n<h2>404</h2>\n<pre>NotFoundError: Not Found\n    at Object.throw (D:\\前端课设\\后端\\koaLogin_sequelize\\node_modules\\koa\\lib\\context.js:97:11)\n    at module.exports (D:\\前端课设\\后端\\koaLogin_sequelize\\middlewares\\error.js:5:22)\n    at &lt;anonymous&gt;</pre>\n\n' } }
[2019-12-10T20:56:55.771] [INFO] response - { method: 'GET',
  url: '/',
  body: {},
  costTime: 3,
  response: { status: 200,
     message: 'OK',
     header: 
      { vary: 'Origin',
        'access-control-allow-origin': '*',
        'content-type': 'text/html; charset=utf-8',
        'content-length': '220' },
     body: '<!DOCTYPE html>\n<html>\n  <head>\n    <link rel=\'stylesheet\' href=\'/stylesheets/style.css\' />\n  </head>\n  <body>\n    \n    <p><a href="/users/logout">注销</a></p>\n    <p>用户名：王五</p>\n    \n    \n  </body>\n</html>\n' } }
[2019-12-10T20:56:55.884] [INFO] response - { method: 'GET',
  url: '/favicon.ico',
  body: {},
  costTime: 6,
  response: { status: 200,
     message: 'OK',
     header: 
      { vary: 'Origin',
        'access-control-allow-origin': '*',
        'content-type': 'text/html; charset=utf-8',
        'content-length': '321' },
     body: '<h1>抱歉，找不到你的诗和远方了！</h1>\n<h2>404</h2>\n<pre>NotFoundError: Not Found\n    at Object.throw (D:\\前端课设\\后端\\koaLogin_sequelize\\node_modules\\koa\\lib\\context.js:97:11)\n    at module.exports (D:\\前端课设\\后端\\koaLogin_sequelize\\middlewares\\error.js:5:22)\n    at &lt;anonymous&gt;</pre>\n\n' } }
[2019-12-10T20:56:56.252] [INFO] response - { method: 'GET',
  url: '/',
  body: {},
  costTime: 3,
  response: { status: 200,
     message: 'OK',
     header: 
      { vary: 'Origin',
        'access-control-allow-origin': '*',
        'content-type': 'text/html; charset=utf-8',
        'content-length': '220' },
     body: '<!DOCTYPE html>\n<html>\n  <head>\n    <link rel=\'stylesheet\' href=\'/stylesheets/style.css\' />\n  </head>\n  <body>\n    \n    <p><a href="/users/logout">注销</a></p>\n    <p>用户名：王五</p>\n    \n    \n  </body>\n</html>\n' } }
[2019-12-10T20:56:56.385] [INFO] response - { method: 'GET',
  url: '/favicon.ico',
  body: {},
  costTime: 47,
  response: { status: 200,
     message: 'OK',
     header: 
      { vary: 'Origin',
        'access-control-allow-origin': '*',
        'content-type': 'text/html; charset=utf-8',
        'content-length': '321' },
     body: '<h1>抱歉，找不到你的诗和远方了！</h1>\n<h2>404</h2>\n<pre>NotFoundError: Not Found\n    at Object.throw (D:\\前端课设\\后端\\koaLogin_sequelize\\node_modules\\koa\\lib\\context.js:97:11)\n    at module.exports (D:\\前端课设\\后端\\koaLogin_sequelize\\middlewares\\error.js:5:22)\n    at &lt;anonymous&gt;</pre>\n\n' } }
[2019-12-10T20:56:56.486] [INFO] response - { method: 'GET',
  url: '/',
  body: {},
  costTime: 4,
  response: { status: 200,
     message: 'OK',
     header: 
      { vary: 'Origin',
        'access-control-allow-origin': '*',
        'content-type': 'text/html; charset=utf-8',
        'content-length': '220' },
     body: '<!DOCTYPE html>\n<html>\n  <head>\n    <link rel=\'stylesheet\' href=\'/stylesheets/style.css\' />\n  </head>\n  <body>\n    \n    <p><a href="/users/logout">注销</a></p>\n    <p>用户名：王五</p>\n    \n    \n  </body>\n</html>\n' } }
[2019-12-10T20:56:56.663] [INFO] response - { method: 'GET',
  url: '/favicon.ico',
  body: {},
  costTime: 74,
  response: { status: 200,
     message: 'OK',
     header: 
      { vary: 'Origin',
        'access-control-allow-origin': '*',
        'content-type': 'text/html; charset=utf-8',
        'content-length': '321' },
     body: '<h1>抱歉，找不到你的诗和远方了！</h1>\n<h2>404</h2>\n<pre>NotFoundError: Not Found\n    at Object.throw (D:\\前端课设\\后端\\koaLogin_sequelize\\node_modules\\koa\\lib\\context.js:97:11)\n    at module.exports (D:\\前端课设\\后端\\koaLogin_sequelize\\middlewares\\error.js:5:22)\n    at &lt;anonymous&gt;</pre>\n\n' } }
[2019-12-10T20:56:56.744] [INFO] response - { method: 'GET',
  url: '/',
  body: {},
  costTime: 6,
  response: { status: 200,
     message: 'OK',
     header: 
      { vary: 'Origin',
        'access-control-allow-origin': '*',
        'content-type': 'text/html; charset=utf-8',
        'content-length': '220' },
     body: '<!DOCTYPE html>\n<html>\n  <head>\n    <link rel=\'stylesheet\' href=\'/stylesheets/style.css\' />\n  </head>\n  <body>\n    \n    <p><a href="/users/logout">注销</a></p>\n    <p>用户名：王五</p>\n    \n    \n  </body>\n</html>\n' } }
[2019-12-10T20:56:56.870] [INFO] response - { method: 'GET',
  url: '/favicon.ico',
  body: {},
  costTime: 5,
  response: { status: 200,
     message: 'OK',
     header: 
      { vary: 'Origin',
        'access-control-allow-origin': '*',
        'content-type': 'text/html; charset=utf-8',
        'content-length': '321' },
     body: '<h1>抱歉，找不到你的诗和远方了！</h1>\n<h2>404</h2>\n<pre>NotFoundError: Not Found\n    at Object.throw (D:\\前端课设\\后端\\koaLogin_sequelize\\node_modules\\koa\\lib\\context.js:97:11)\n    at module.exports (D:\\前端课设\\后端\\koaLogin_sequelize\\middlewares\\error.js:5:22)\n    at &lt;anonymous&gt;</pre>\n\n' } }
[2019-12-10T20:56:57.819] [INFO] response - { method: 'GET',
  url: '/users/logout',
  body: {},
  costTime: 3,
  response: { status: 200,
     message: 'OK',
     header: 
      { vary: 'Origin',
        'access-control-allow-origin': '*',
        'content-type': 'text/html; charset=utf-8',
        'content-length': '1697' },
     body: '<!DOCTYPE html>\n<html>\n<head>\n    <link rel="stylesheet" href=\'/stylesheets/login.css\'>\n    <title>登陆</title>\n</head>\n<body>\n    <div class="header" id="head">\n      <div class="title">XXXX 系统登陆</div>\n    </div>\n          \n    <div class="wrap" id="wrap">\n        <div class="logGet">\n                <!-- 头部提示信息 -->\n                <div class="logD logDtip">\n                    <p class="p1">登录</p>\n                </div>\n                <form action="/users/checkLogin" method="POST">\n                  <!-- 输入框 -->\n                  <div class="lgD">\n                      <input type="text" name="u_id"\n                          placeholder="输入id" />\n                  </div>\n                  <div class="lgD">\n                      <input type="password" name="u_password"\n                          placeholder="输入用户密码" />\n                  </div>\n                  <div class="logC">\n                      <button type="submit">登 录</button>\n                  </div>\n                </form>\n            </div>\n      </div>\n      <div class="footer" id="foot">\n        <div class="copyright">\n          <p>Copyright © 2019 huaruan.com Inc. All Rights Reserved.</p>\n          <div class="img">\n              <i class="icon"></i><span>联系邮箱：123123@sise.com</span>\n          </div>\n          \n          <div class="img">\n              <i class="icon1"></i><span>联系地址：广州大学华软软件学院</span>\n          </div>\n            \n          <div class="img">\n            <i class="icon2"></i><span>联系电话：12345678</span>\n          </div>\n       \n       \n        </div>\n          \n      </div>\n</body>\n</html>' } }
[2019-12-10T20:56:57.987] [INFO] response - { method: 'GET',
  url: '/favicon.ico',
  body: {},
  costTime: 6,
  response: { status: 200,
     message: 'OK',
     header: 
      { vary: 'Origin',
        'access-control-allow-origin': '*',
        'content-type': 'text/html; charset=utf-8',
        'content-length': '321' },
     body: '<h1>抱歉，找不到你的诗和远方了！</h1>\n<h2>404</h2>\n<pre>NotFoundError: Not Found\n    at Object.throw (D:\\前端课设\\后端\\koaLogin_sequelize\\node_modules\\koa\\lib\\context.js:97:11)\n    at module.exports (D:\\前端课设\\后端\\koaLogin_sequelize\\middlewares\\error.js:5:22)\n    at &lt;anonymous&gt;</pre>\n\n' } }
[2019-12-10T20:57:03.553] [INFO] response - { method: 'POST',
  url: '/users/checkLogin',
  body: { u_id: '1001', u_password: '123456' },
  costTime: 117,
  response: { status: 302,
     message: 'Found',
     header: 
      { vary: 'Origin',
        'access-control-allow-origin': 'http://localhost:3000',
        location: '/',
        'content-type': 'text/html; charset=utf-8',
        'content-length': '33' },
     body: 'Redirecting to <a href="/">/</a>.' } }
[2019-12-10T20:57:03.609] [INFO] response - { method: 'GET',
  url: '/',
  body: {},
  costTime: 5,
  response: { status: 200,
     message: 'OK',
     header: 
      { vary: 'Origin',
        'access-control-allow-origin': '*',
        'content-type': 'text/html; charset=utf-8',
        'content-length': '220' },
     body: '<!DOCTYPE html>\n<html>\n  <head>\n    <link rel=\'stylesheet\' href=\'/stylesheets/style.css\' />\n  </head>\n  <body>\n    \n    <p><a href="/users/logout">注销</a></p>\n    <p>用户名：张三</p>\n    \n    \n  </body>\n</html>\n' } }
[2019-12-10T20:57:03.739] [INFO] response - { method: 'GET',
  url: '/favicon.ico',
  body: {},
  costTime: 9,
  response: { status: 200,
     message: 'OK',
     header: 
      { vary: 'Origin',
        'access-control-allow-origin': '*',
        'content-type': 'text/html; charset=utf-8',
        'content-length': '321' },
     body: '<h1>抱歉，找不到你的诗和远方了！</h1>\n<h2>404</h2>\n<pre>NotFoundError: Not Found\n    at Object.throw (D:\\前端课设\\后端\\koaLogin_sequelize\\node_modules\\koa\\lib\\context.js:97:11)\n    at module.exports (D:\\前端课设\\后端\\koaLogin_sequelize\\middlewares\\error.js:5:22)\n    at &lt;anonymous&gt;</pre>\n\n' } }
[2019-12-10T20:58:38.891] [INFO] response - { method: 'GET',
  url: '/',
  body: {},
  costTime: 5,
  response: { status: 200,
     message: 'OK',
     header: 
      { vary: 'Origin',
        'access-control-allow-origin': '*',
        'content-type': 'text/html; charset=utf-8',
        'content-length': '220' },
     body: '<!DOCTYPE html>\n<html>\n  <head>\n    <link rel=\'stylesheet\' href=\'/stylesheets/style.css\' />\n  </head>\n  <body>\n    \n    <p><a href="/users/logout">注销</a></p>\n    <p>用户名：张三</p>\n    \n    \n  </body>\n</html>\n' } }
[2019-12-10T20:58:39.088] [INFO] response - { method: 'GET',
  url: '/favicon.ico',
  body: {},
  costTime: 67,
  response: { status: 200,
     message: 'OK',
     header: 
      { vary: 'Origin',
        'access-control-allow-origin': '*',
        'content-type': 'text/html; charset=utf-8',
        'content-length': '321' },
     body: '<h1>抱歉，找不到你的诗和远方了！</h1>\n<h2>404</h2>\n<pre>NotFoundError: Not Found\n    at Object.throw (D:\\前端课设\\后端\\koaLogin_sequelize\\node_modules\\koa\\lib\\context.js:97:11)\n    at module.exports (D:\\前端课设\\后端\\koaLogin_sequelize\\middlewares\\error.js:5:22)\n    at &lt;anonymous&gt;</pre>\n\n' } }
[2019-12-10T20:58:39.332] [INFO] response - { method: 'GET',
  url: '/',
  body: {},
  costTime: 3,
  response: { status: 200,
     message: 'OK',
     header: 
      { vary: 'Origin',
        'access-control-allow-origin': '*',
        'content-type': 'text/html; charset=utf-8',
        'content-length': '220' },
     body: '<!DOCTYPE html>\n<html>\n  <head>\n    <link rel=\'stylesheet\' href=\'/stylesheets/style.css\' />\n  </head>\n  <body>\n    \n    <p><a href="/users/logout">注销</a></p>\n    <p>用户名：张三</p>\n    \n    \n  </body>\n</html>\n' } }
[2019-12-10T20:58:39.439] [INFO] response - { method: 'GET',
  url: '/favicon.ico',
  body: {},
  costTime: 7,
  response: { status: 200,
     message: 'OK',
     header: 
      { vary: 'Origin',
        'access-control-allow-origin': '*',
        'content-type': 'text/html; charset=utf-8',
        'content-length': '321' },
     body: '<h1>抱歉，找不到你的诗和远方了！</h1>\n<h2>404</h2>\n<pre>NotFoundError: Not Found\n    at Object.throw (D:\\前端课设\\后端\\koaLogin_sequelize\\node_modules\\koa\\lib\\context.js:97:11)\n    at module.exports (D:\\前端课设\\后端\\koaLogin_sequelize\\middlewares\\error.js:5:22)\n    at &lt;anonymous&gt;</pre>\n\n' } }
[2019-12-10T20:58:39.532] [INFO] response - { method: 'GET',
  url: '/',
  body: {},
  costTime: 3,
  response: { status: 200,
     message: 'OK',
     header: 
      { vary: 'Origin',
        'access-control-allow-origin': '*',
        'content-type': 'text/html; charset=utf-8',
        'content-length': '220' },
     body: '<!DOCTYPE html>\n<html>\n  <head>\n    <link rel=\'stylesheet\' href=\'/stylesheets/style.css\' />\n  </head>\n  <body>\n    \n    <p><a href="/users/logout">注销</a></p>\n    <p>用户名：张三</p>\n    \n    \n  </body>\n</html>\n' } }
[2019-12-10T20:58:39.687] [INFO] response - { method: 'GET',
  url: '/favicon.ico',
  body: {},
  costTime: 5,
  response: { status: 200,
     message: 'OK',
     header: 
      { vary: 'Origin',
        'access-control-allow-origin': '*',
        'content-type': 'text/html; charset=utf-8',
        'content-length': '321' },
     body: '<h1>抱歉，找不到你的诗和远方了！</h1>\n<h2>404</h2>\n<pre>NotFoundError: Not Found\n    at Object.throw (D:\\前端课设\\后端\\koaLogin_sequelize\\node_modules\\koa\\lib\\context.js:97:11)\n    at module.exports (D:\\前端课设\\后端\\koaLogin_sequelize\\middlewares\\error.js:5:22)\n    at &lt;anonymous&gt;</pre>\n\n' } }
[2019-12-10T20:58:42.790] [INFO] response - { method: 'GET',
  url: '/users/logout',
  body: {},
  costTime: 2,
  response: { status: 200,
     message: 'OK',
     header: 
      { vary: 'Origin',
        'access-control-allow-origin': '*',
        'content-type': 'text/html; charset=utf-8',
        'content-length': '1697' },
     body: '<!DOCTYPE html>\n<html>\n<head>\n    <link rel="stylesheet" href=\'/stylesheets/login.css\'>\n    <title>登陆</title>\n</head>\n<body>\n    <div class="header" id="head">\n      <div class="title">XXXX 系统登陆</div>\n    </div>\n          \n    <div class="wrap" id="wrap">\n        <div class="logGet">\n                <!-- 头部提示信息 -->\n                <div class="logD logDtip">\n                    <p class="p1">登录</p>\n                </div>\n                <form action="/users/checkLogin" method="POST">\n                  <!-- 输入框 -->\n                  <div class="lgD">\n                      <input type="text" name="u_id"\n                          placeholder="输入id" />\n                  </div>\n                  <div class="lgD">\n                      <input type="password" name="u_password"\n                          placeholder="输入用户密码" />\n                  </div>\n                  <div class="logC">\n                      <button type="submit">登 录</button>\n                  </div>\n                </form>\n            </div>\n      </div>\n      <div class="footer" id="foot">\n        <div class="copyright">\n          <p>Copyright © 2019 huaruan.com Inc. All Rights Reserved.</p>\n          <div class="img">\n              <i class="icon"></i><span>联系邮箱：123123@sise.com</span>\n          </div>\n          \n          <div class="img">\n              <i class="icon1"></i><span>联系地址：广州大学华软软件学院</span>\n          </div>\n            \n          <div class="img">\n            <i class="icon2"></i><span>联系电话：12345678</span>\n          </div>\n       \n       \n        </div>\n          \n      </div>\n</body>\n</html>' } }
[2019-12-10T20:58:42.920] [INFO] response - { method: 'GET',
  url: '/favicon.ico',
  body: {},
  costTime: 8,
  response: { status: 200,
     message: 'OK',
     header: 
      { vary: 'Origin',
        'access-control-allow-origin': '*',
        'content-type': 'text/html; charset=utf-8',
        'content-length': '321' },
     body: '<h1>抱歉，找不到你的诗和远方了！</h1>\n<h2>404</h2>\n<pre>NotFoundError: Not Found\n    at Object.throw (D:\\前端课设\\后端\\koaLogin_sequelize\\node_modules\\koa\\lib\\context.js:97:11)\n    at module.exports (D:\\前端课设\\后端\\koaLogin_sequelize\\middlewares\\error.js:5:22)\n    at &lt;anonymous&gt;</pre>\n\n' } }
[2019-12-10T23:35:54.965] [INFO] response - { method: 'GET',
  url: '/',
  body: {},
  costTime: 127,
  response: { status: 200,
     message: 'OK',
     header: 
      { vary: 'Origin',
        'access-control-allow-origin': '*',
        'content-type': 'text/html; charset=utf-8',
        'content-length': '1697' },
     body: '<!DOCTYPE html>\n<html>\n<head>\n    <link rel="stylesheet" href=\'/stylesheets/login.css\'>\n    <title>登陆</title>\n</head>\n<body>\n    <div class="header" id="head">\n      <div class="title">XXXX 系统登陆</div>\n    </div>\n          \n    <div class="wrap" id="wrap">\n        <div class="logGet">\n                <!-- 头部提示信息 -->\n                <div class="logD logDtip">\n                    <p class="p1">登录</p>\n                </div>\n                <form action="/users/checkLogin" method="POST">\n                  <!-- 输入框 -->\n                  <div class="lgD">\n                      <input type="text" name="u_id"\n                          placeholder="输入id" />\n                  </div>\n                  <div class="lgD">\n                      <input type="password" name="u_password"\n                          placeholder="输入用户密码" />\n                  </div>\n                  <div class="logC">\n                      <button type="submit">登 录</button>\n                  </div>\n                </form>\n            </div>\n      </div>\n      <div class="footer" id="foot">\n        <div class="copyright">\n          <p>Copyright © 2019 huaruan.com Inc. All Rights Reserved.</p>\n          <div class="img">\n              <i class="icon"></i><span>联系邮箱：123123@sise.com</span>\n          </div>\n          \n          <div class="img">\n              <i class="icon1"></i><span>联系地址：广州大学华软软件学院</span>\n          </div>\n            \n          <div class="img">\n            <i class="icon2"></i><span>联系电话：12345678</span>\n          </div>\n       \n       \n        </div>\n          \n      </div>\n</body>\n</html>' } }
[2019-12-10T23:35:55.138] [INFO] response - { method: 'GET',
  url: '/favicon.ico',
  body: {},
  costTime: 5,
  response: { status: 200,
     message: 'OK',
     header: 
      { vary: 'Origin',
        'access-control-allow-origin': '*',
        'content-type': 'text/html; charset=utf-8',
        'content-length': '321' },
     body: '<h1>抱歉，找不到你的诗和远方了！</h1>\n<h2>404</h2>\n<pre>NotFoundError: Not Found\n    at Object.throw (D:\\前端课设\\后端\\koaLogin_sequelize\\node_modules\\koa\\lib\\context.js:97:11)\n    at module.exports (D:\\前端课设\\后端\\koaLogin_sequelize\\middlewares\\error.js:5:22)\n    at &lt;anonymous&gt;</pre>\n\n' } }
[2019-12-10T23:35:59.321] [INFO] response - { method: 'POST',
  url: '/users/checkLogin',
  body: { u_id: '1001', u_password: '123456' },
  costTime: 160,
  response: { status: 302,
     message: 'Found',
     header: 
      { vary: 'Origin',
        'access-control-allow-origin': 'http://localhost:3000',
        location: '/',
        'content-type': 'text/html; charset=utf-8',
        'content-length': '33' },
     body: 'Redirecting to <a href="/">/</a>.' } }
[2019-12-10T23:35:59.389] [INFO] response - { method: 'GET',
  url: '/',
  body: {},
  costTime: 22,
  response: { status: 200,
     message: 'OK',
     header: 
      { vary: 'Origin',
        'access-control-allow-origin': '*',
        'content-type': 'text/html; charset=utf-8',
        'content-length': '220' },
     body: '<!DOCTYPE html>\n<html>\n  <head>\n    <link rel=\'stylesheet\' href=\'/stylesheets/style.css\' />\n  </head>\n  <body>\n    \n    <p><a href="/users/logout">注销</a></p>\n    <p>用户名：张三</p>\n    \n    \n  </body>\n</html>\n' } }
[2019-12-10T23:35:59.497] [INFO] response - { method: 'GET',
  url: '/favicon.ico',
  body: {},
  costTime: 6,
  response: { status: 200,
     message: 'OK',
     header: 
      { vary: 'Origin',
        'access-control-allow-origin': '*',
        'content-type': 'text/html; charset=utf-8',
        'content-length': '321' },
     body: '<h1>抱歉，找不到你的诗和远方了！</h1>\n<h2>404</h2>\n<pre>NotFoundError: Not Found\n    at Object.throw (D:\\前端课设\\后端\\koaLogin_sequelize\\node_modules\\koa\\lib\\context.js:97:11)\n    at module.exports (D:\\前端课设\\后端\\koaLogin_sequelize\\middlewares\\error.js:5:22)\n    at &lt;anonymous&gt;</pre>\n\n' } }
[2019-12-10T23:36:01.094] [INFO] response - { method: 'GET',
  url: '/users/logout',
  body: {},
  costTime: 3,
  response: { status: 200,
     message: 'OK',
     header: 
      { vary: 'Origin',
        'access-control-allow-origin': '*',
        'content-type': 'text/html; charset=utf-8',
        'content-length': '1697' },
     body: '<!DOCTYPE html>\n<html>\n<head>\n    <link rel="stylesheet" href=\'/stylesheets/login.css\'>\n    <title>登陆</title>\n</head>\n<body>\n    <div class="header" id="head">\n      <div class="title">XXXX 系统登陆</div>\n    </div>\n          \n    <div class="wrap" id="wrap">\n        <div class="logGet">\n                <!-- 头部提示信息 -->\n                <div class="logD logDtip">\n                    <p class="p1">登录</p>\n                </div>\n                <form action="/users/checkLogin" method="POST">\n                  <!-- 输入框 -->\n                  <div class="lgD">\n                      <input type="text" name="u_id"\n                          placeholder="输入id" />\n                  </div>\n                  <div class="lgD">\n                      <input type="password" name="u_password"\n                          placeholder="输入用户密码" />\n                  </div>\n                  <div class="logC">\n                      <button type="submit">登 录</button>\n                  </div>\n                </form>\n            </div>\n      </div>\n      <div class="footer" id="foot">\n        <div class="copyright">\n          <p>Copyright © 2019 huaruan.com Inc. All Rights Reserved.</p>\n          <div class="img">\n              <i class="icon"></i><span>联系邮箱：123123@sise.com</span>\n          </div>\n          \n          <div class="img">\n              <i class="icon1"></i><span>联系地址：广州大学华软软件学院</span>\n          </div>\n            \n          <div class="img">\n            <i class="icon2"></i><span>联系电话：12345678</span>\n          </div>\n       \n       \n        </div>\n          \n      </div>\n</body>\n</html>' } }
[2019-12-10T23:36:01.254] [INFO] response - { method: 'GET',
  url: '/favicon.ico',
  body: {},
  costTime: 48,
  response: { status: 200,
     message: 'OK',
     header: 
      { vary: 'Origin',
        'access-control-allow-origin': '*',
        'content-type': 'text/html; charset=utf-8',
        'content-length': '321' },
     body: '<h1>抱歉，找不到你的诗和远方了！</h1>\n<h2>404</h2>\n<pre>NotFoundError: Not Found\n    at Object.throw (D:\\前端课设\\后端\\koaLogin_sequelize\\node_modules\\koa\\lib\\context.js:97:11)\n    at module.exports (D:\\前端课设\\后端\\koaLogin_sequelize\\middlewares\\error.js:5:22)\n    at &lt;anonymous&gt;</pre>\n\n' } }
[2019-12-10T23:36:04.858] [INFO] response - { method: 'POST',
  url: '/users/checkLogin',
  body: { u_id: '1002', u_password: '123456' },
  costTime: 33,
  response: { status: 302,
     message: 'Found',
     header: 
      { vary: 'Origin',
        'access-control-allow-origin': 'http://localhost:3000',
        location: '/',
        'content-type': 'text/html; charset=utf-8',
        'content-length': '33' },
     body: 'Redirecting to <a href="/">/</a>.' } }
[2019-12-10T23:36:04.897] [INFO] response - { method: 'GET',
  url: '/',
  body: {},
  costTime: 5,
  response: { status: 200,
     message: 'OK',
     header: 
      { vary: 'Origin',
        'access-control-allow-origin': '*',
        'content-type': 'text/html; charset=utf-8',
        'content-length': '511' },
     body: '<!DOCTYPE html>\n<html>\n  <head>\n    <link rel=\'stylesheet\' href=\'/stylesheets/style.css\' />\n  </head>\n  <body>\n    \n    <p><a href="/users/logout">注销</a></p>\n    <p>用户名：赵六</p>\n    \n    \n    <p><a href="/user/message">用户信息管理</a></p>\n    <p><a href="/class/classroom_message">教室信息管理</a></p>\n    <p><a href="/class/classroom_occupyMessage">教室占用情况</a></p>\n    <p><a href="/classtable/classtable_message">教室申请表信息管理</a></p>\n    \n  </body>\n</html>\n' } }
[2019-12-10T23:36:04.988] [INFO] response - { method: 'GET',
  url: '/favicon.ico',
  body: {},
  costTime: 6,
  response: { status: 200,
     message: 'OK',
     header: 
      { vary: 'Origin',
        'access-control-allow-origin': '*',
        'content-type': 'text/html; charset=utf-8',
        'content-length': '321' },
     body: '<h1>抱歉，找不到你的诗和远方了！</h1>\n<h2>404</h2>\n<pre>NotFoundError: Not Found\n    at Object.throw (D:\\前端课设\\后端\\koaLogin_sequelize\\node_modules\\koa\\lib\\context.js:97:11)\n    at module.exports (D:\\前端课设\\后端\\koaLogin_sequelize\\middlewares\\error.js:5:22)\n    at &lt;anonymous&gt;</pre>\n\n' } }
[2019-12-10T23:36:06.818] [INFO] response - { method: 'GET',
  url: '/user/message',
  body: {},
  costTime: 98,
  response: { status: 200,
     message: 'OK',
     header: 
      { vary: 'Origin',
        'access-control-allow-origin': '*',
        'content-type': 'text/html; charset=utf-8',
        'content-length': '3261' },
     body: '<!DOCTYPE html>\r\n<html lang="en">\r\n\r\n<head>\r\n    <meta charset="UTF-8">\r\n    <meta name="viewport" content="width=device-width, initial-scale=1.0">\r\n    <meta http-equiv="X-UA-Compatible" content="ie=edge">\r\n\r\n    <title>用户信息管理</title>\r\n</head>\r\n\r\n<body>\r\n    <div id="container">\r\n        <div class="title">用户信息管理</div>\r\n        <div class="table">\r\n            <table border="1px solid" style="text-align: center;">\r\n                <thead>\r\n                    <td>序号</td>\r\n                    <td>学号/工号</td>\r\n                    <td>用户姓名</td>\r\n                    <td>用户身份</td>\r\n                    <td>操作</td>\r\n                </thead>\r\n                <tbody>\r\n                    \r\n                    <tr>\r\n                        <td>1</td>\r\n                        <td>1001</td>\r\n                        <td>张三</td>\r\n                        <td>\r\n                            学生\r\n                            \r\n                        </td>\r\n                        <td><a href="/user/message/delect/1001">删除</td>\r\n                        <td><a href="/user/message/edit/1001">编辑</td>\r\n                    </tr>\r\n                    \r\n                    <tr>\r\n                        <td>2</td>\r\n                        <td>1002</td>\r\n                        <td>赵六</td>\r\n                        <td>\r\n                            老师\r\n                            \r\n                        </td>\r\n                        <td><a href="/user/message/delect/1002">删除</td>\r\n                        <td><a href="/user/message/edit/1002">编辑</td>\r\n                    </tr>\r\n                    \r\n                    <tr>\r\n                        <td>3</td>\r\n                        <td>1003</td>\r\n                        <td>王五</td>\r\n                        <td>\r\n                            学生\r\n                            \r\n                        </td>\r\n                        <td><a href="/user/message/delect/1003">删除</td>\r\n                        <td><a href="/user/message/edit/1003">编辑</td>\r\n                    </tr>\r\n                    \r\n                </tbody>\r\n            </table>\r\n        </div>\r\n        <p></p>\r\n        <div class="adduser">\r\n            <div>添加用户</div>\r\n            <br>\r\n            <form action="/user/message/sent" method="POST">\r\n                学号或工号：<input type="text" name="u_id" placeholder="学号或工号" required>\r\n                <br></br>\r\n                用户名字：<input type="text" name="u_name" placeholder="用户姓名" required>\r\n                <br></br>\r\n                <label for="u_role">角色:</label>\r\n                <select name="u_role" required>\r\n                    <option value=""></option>\r\n                    <option value="1">学生</option>\r\n                    <option value="2">老师</option>\r\n                </select>\r\n                <br></br>\r\n                密码：<input type="password" name="u_password" placeholder="用户密码" required>\r\n                <br></br>\r\n                <button type="submit">提交</button> <button type="reset">重置</button>\r\n            </form>\r\n        </div>\r\n\r\n\r\n    </div>\r\n    \r\n</body>\r\n\r\n</html>' } }
[2019-12-10T23:36:06.857] [INFO] response - { method: 'GET',
  url: '/favicon.ico',
  body: {},
  costTime: 4,
  response: { status: 200,
     message: 'OK',
     header: 
      { vary: 'Origin',
        'access-control-allow-origin': '*',
        'content-type': 'text/html; charset=utf-8',
        'content-length': '321' },
     body: '<h1>抱歉，找不到你的诗和远方了！</h1>\n<h2>404</h2>\n<pre>NotFoundError: Not Found\n    at Object.throw (D:\\前端课设\\后端\\koaLogin_sequelize\\node_modules\\koa\\lib\\context.js:97:11)\n    at module.exports (D:\\前端课设\\后端\\koaLogin_sequelize\\middlewares\\error.js:5:22)\n    at &lt;anonymous&gt;</pre>\n\n' } }
[2019-12-10T23:36:16.886] [INFO] response - { method: 'POST',
  url: '/user/message/sent',
  body: 
   { u_id: '1004',
     u_name: '昊天',
     u_role: '1',
     u_password: 'd8c4b2501e9be1dbf6ad6303679969e3',
     solt: 'd204c5a7-744b-40f5-80f3-f691547b5f50' },
  costTime: 262,
  response: { status: 302,
     message: 'Found',
     header: 
      { vary: 'Origin',
        'access-control-allow-origin': 'http://localhost:3000',
        location: '/user/message',
        'content-type': 'text/html; charset=utf-8',
        'content-length': '57' },
     body: 'Redirecting to <a href="/user/message">/user/message</a>.' } }
[2019-12-10T23:36:16.915] [INFO] response - { method: 'GET',
  url: '/user/message',
  body: {},
  costTime: 6,
  response: { status: 200,
     message: 'OK',
     header: 
      { vary: 'Origin',
        'access-control-allow-origin': '*',
        'content-type': 'text/html; charset=utf-8',
        'content-length': '3731' },
     body: '<!DOCTYPE html>\r\n<html lang="en">\r\n\r\n<head>\r\n    <meta charset="UTF-8">\r\n    <meta name="viewport" content="width=device-width, initial-scale=1.0">\r\n    <meta http-equiv="X-UA-Compatible" content="ie=edge">\r\n\r\n    <title>用户信息管理</title>\r\n</head>\r\n\r\n<body>\r\n    <div id="container">\r\n        <div class="title">用户信息管理</div>\r\n        <div class="table">\r\n            <table border="1px solid" style="text-align: center;">\r\n                <thead>\r\n                    <td>序号</td>\r\n                    <td>学号/工号</td>\r\n                    <td>用户姓名</td>\r\n                    <td>用户身份</td>\r\n                    <td>操作</td>\r\n                </thead>\r\n                <tbody>\r\n                    \r\n                    <tr>\r\n                        <td>1</td>\r\n                        <td>1001</td>\r\n                        <td>张三</td>\r\n                        <td>\r\n                            学生\r\n                            \r\n                        </td>\r\n                        <td><a href="/user/message/delect/1001">删除</td>\r\n                        <td><a href="/user/message/edit/1001">编辑</td>\r\n                    </tr>\r\n                    \r\n                    <tr>\r\n                        <td>2</td>\r\n                        <td>1002</td>\r\n                        <td>赵六</td>\r\n                        <td>\r\n                            老师\r\n                            \r\n                        </td>\r\n                        <td><a href="/user/message/delect/1002">删除</td>\r\n                        <td><a href="/user/message/edit/1002">编辑</td>\r\n                    </tr>\r\n                    \r\n                    <tr>\r\n                        <td>3</td>\r\n                        <td>1003</td>\r\n                        <td>王五</td>\r\n                        <td>\r\n                            学生\r\n                            \r\n                        </td>\r\n                        <td><a href="/user/message/delect/1003">删除</td>\r\n                        <td><a href="/user/message/edit/1003">编辑</td>\r\n                    </tr>\r\n                    \r\n                    <tr>\r\n                        <td>4</td>\r\n                        <td>1004</td>\r\n                        <td>昊天</td>\r\n                        <td>\r\n                            学生\r\n                            \r\n                        </td>\r\n                        <td><a href="/user/message/delect/1004">删除</td>\r\n                        <td><a href="/user/message/edit/1004">编辑</td>\r\n                    </tr>\r\n                    \r\n                </tbody>\r\n            </table>\r\n        </div>\r\n        <p></p>\r\n        <div class="adduser">\r\n            <div>添加用户</div>\r\n            <br>\r\n            <form action="/user/message/sent" method="POST">\r\n                学号或工号：<input type="text" name="u_id" placeholder="学号或工号" required>\r\n                <br></br>\r\n                用户名字：<input type="text" name="u_name" placeholder="用户姓名" required>\r\n                <br></br>\r\n                <label for="u_role">角色:</label>\r\n                <select name="u_role" required>\r\n                    <option value=""></option>\r\n                    <option value="1">学生</option>\r\n                    <option value="2">老师</option>\r\n                </select>\r\n                <br></br>\r\n                密码：<input type="password" name="u_password" placeholder="用户密码" required>\r\n                <br></br>\r\n                <button type="submit">提交</button> <button type="reset">重置</button>\r\n            </form>\r\n        </div>\r\n\r\n\r\n    </div>\r\n    \r\n</body>\r\n\r\n</html>' } }
[2019-12-10T23:36:16.964] [INFO] response - { method: 'GET',
  url: '/favicon.ico',
  body: {},
  costTime: 8,
  response: { status: 200,
     message: 'OK',
     header: 
      { vary: 'Origin',
        'access-control-allow-origin': '*',
        'content-type': 'text/html; charset=utf-8',
        'content-length': '321' },
     body: '<h1>抱歉，找不到你的诗和远方了！</h1>\n<h2>404</h2>\n<pre>NotFoundError: Not Found\n    at Object.throw (D:\\前端课设\\后端\\koaLogin_sequelize\\node_modules\\koa\\lib\\context.js:97:11)\n    at module.exports (D:\\前端课设\\后端\\koaLogin_sequelize\\middlewares\\error.js:5:22)\n    at &lt;anonymous&gt;</pre>\n\n' } }
[2019-12-10T23:36:35.446] [INFO] response - { method: 'GET',
  url: '/user/message/delect/1004',
  body: {},
  costTime: 13,
  response: { status: 302,
     message: 'Found',
     header: 
      { vary: 'Origin',
        'access-control-allow-origin': '*',
        location: '/user/message',
        'content-type': 'text/html; charset=utf-8',
        'content-length': '57' },
     body: 'Redirecting to <a href="/user/message">/user/message</a>.' } }
[2019-12-10T23:36:35.597] [INFO] response - { method: 'GET',
  url: '/user/message',
  body: {},
  costTime: 67,
  response: { status: 200,
     message: 'OK',
     header: 
      { vary: 'Origin',
        'access-control-allow-origin': '*',
        'content-type': 'text/html; charset=utf-8',
        'content-length': '3731' },
     body: '<!DOCTYPE html>\r\n<html lang="en">\r\n\r\n<head>\r\n    <meta charset="UTF-8">\r\n    <meta name="viewport" content="width=device-width, initial-scale=1.0">\r\n    <meta http-equiv="X-UA-Compatible" content="ie=edge">\r\n\r\n    <title>用户信息管理</title>\r\n</head>\r\n\r\n<body>\r\n    <div id="container">\r\n        <div class="title">用户信息管理</div>\r\n        <div class="table">\r\n            <table border="1px solid" style="text-align: center;">\r\n                <thead>\r\n                    <td>序号</td>\r\n                    <td>学号/工号</td>\r\n                    <td>用户姓名</td>\r\n                    <td>用户身份</td>\r\n                    <td>操作</td>\r\n                </thead>\r\n                <tbody>\r\n                    \r\n                    <tr>\r\n                        <td>1</td>\r\n                        <td>1001</td>\r\n                        <td>张三</td>\r\n                        <td>\r\n                            学生\r\n                            \r\n                        </td>\r\n                        <td><a href="/user/message/delect/1001">删除</td>\r\n                        <td><a href="/user/message/edit/1001">编辑</td>\r\n                    </tr>\r\n                    \r\n                    <tr>\r\n                        <td>2</td>\r\n                        <td>1002</td>\r\n                        <td>赵六</td>\r\n                        <td>\r\n                            老师\r\n                            \r\n                        </td>\r\n                        <td><a href="/user/message/delect/1002">删除</td>\r\n                        <td><a href="/user/message/edit/1002">编辑</td>\r\n                    </tr>\r\n                    \r\n                    <tr>\r\n                        <td>3</td>\r\n                        <td>1003</td>\r\n                        <td>王五</td>\r\n                        <td>\r\n                            学生\r\n                            \r\n                        </td>\r\n                        <td><a href="/user/message/delect/1003">删除</td>\r\n                        <td><a href="/user/message/edit/1003">编辑</td>\r\n                    </tr>\r\n                    \r\n                    <tr>\r\n                        <td>4</td>\r\n                        <td>1004</td>\r\n                        <td>昊天</td>\r\n                        <td>\r\n                            学生\r\n                            \r\n                        </td>\r\n                        <td><a href="/user/message/delect/1004">删除</td>\r\n                        <td><a href="/user/message/edit/1004">编辑</td>\r\n                    </tr>\r\n                    \r\n                </tbody>\r\n            </table>\r\n        </div>\r\n        <p></p>\r\n        <div class="adduser">\r\n            <div>添加用户</div>\r\n            <br>\r\n            <form action="/user/message/sent" method="POST">\r\n                学号或工号：<input type="text" name="u_id" placeholder="学号或工号" required>\r\n                <br></br>\r\n                用户名字：<input type="text" name="u_name" placeholder="用户姓名" required>\r\n                <br></br>\r\n                <label for="u_role">角色:</label>\r\n                <select name="u_role" required>\r\n                    <option value=""></option>\r\n                    <option value="1">学生</option>\r\n                    <option value="2">老师</option>\r\n                </select>\r\n                <br></br>\r\n                密码：<input type="password" name="u_password" placeholder="用户密码" required>\r\n                <br></br>\r\n                <button type="submit">提交</button> <button type="reset">重置</button>\r\n            </form>\r\n        </div>\r\n\r\n\r\n    </div>\r\n    \r\n</body>\r\n\r\n</html>' } }
[2019-12-10T23:36:35.681] [INFO] response - { method: 'GET',
  url: '/favicon.ico',
  body: {},
  costTime: 42,
  response: { status: 200,
     message: 'OK',
     header: 
      { vary: 'Origin',
        'access-control-allow-origin': '*',
        'content-type': 'text/html; charset=utf-8',
        'content-length': '321' },
     body: '<h1>抱歉，找不到你的诗和远方了！</h1>\n<h2>404</h2>\n<pre>NotFoundError: Not Found\n    at Object.throw (D:\\前端课设\\后端\\koaLogin_sequelize\\node_modules\\koa\\lib\\context.js:97:11)\n    at module.exports (D:\\前端课设\\后端\\koaLogin_sequelize\\middlewares\\error.js:5:22)\n    at &lt;anonymous&gt;</pre>\n\n' } }
[2019-12-10T23:36:37.512] [INFO] response - { method: 'GET',
  url: '/user/message',
  body: {},
  costTime: 51,
  response: { status: 200,
     message: 'OK',
     header: 
      { vary: 'Origin',
        'access-control-allow-origin': '*',
        'content-type': 'text/html; charset=utf-8',
        'content-length': '3261' },
     body: '<!DOCTYPE html>\r\n<html lang="en">\r\n\r\n<head>\r\n    <meta charset="UTF-8">\r\n    <meta name="viewport" content="width=device-width, initial-scale=1.0">\r\n    <meta http-equiv="X-UA-Compatible" content="ie=edge">\r\n\r\n    <title>用户信息管理</title>\r\n</head>\r\n\r\n<body>\r\n    <div id="container">\r\n        <div class="title">用户信息管理</div>\r\n        <div class="table">\r\n            <table border="1px solid" style="text-align: center;">\r\n                <thead>\r\n                    <td>序号</td>\r\n                    <td>学号/工号</td>\r\n                    <td>用户姓名</td>\r\n                    <td>用户身份</td>\r\n                    <td>操作</td>\r\n                </thead>\r\n                <tbody>\r\n                    \r\n                    <tr>\r\n                        <td>1</td>\r\n                        <td>1001</td>\r\n                        <td>张三</td>\r\n                        <td>\r\n                            学生\r\n                            \r\n                        </td>\r\n                        <td><a href="/user/message/delect/1001">删除</td>\r\n                        <td><a href="/user/message/edit/1001">编辑</td>\r\n                    </tr>\r\n                    \r\n                    <tr>\r\n                        <td>2</td>\r\n                        <td>1002</td>\r\n                        <td>赵六</td>\r\n                        <td>\r\n                            老师\r\n                            \r\n                        </td>\r\n                        <td><a href="/user/message/delect/1002">删除</td>\r\n                        <td><a href="/user/message/edit/1002">编辑</td>\r\n                    </tr>\r\n                    \r\n                    <tr>\r\n                        <td>3</td>\r\n                        <td>1003</td>\r\n                        <td>王五</td>\r\n                        <td>\r\n                            学生\r\n                            \r\n                        </td>\r\n                        <td><a href="/user/message/delect/1003">删除</td>\r\n                        <td><a href="/user/message/edit/1003">编辑</td>\r\n                    </tr>\r\n                    \r\n                </tbody>\r\n            </table>\r\n        </div>\r\n        <p></p>\r\n        <div class="adduser">\r\n            <div>添加用户</div>\r\n            <br>\r\n            <form action="/user/message/sent" method="POST">\r\n                学号或工号：<input type="text" name="u_id" placeholder="学号或工号" required>\r\n                <br></br>\r\n                用户名字：<input type="text" name="u_name" placeholder="用户姓名" required>\r\n                <br></br>\r\n                <label for="u_role">角色:</label>\r\n                <select name="u_role" required>\r\n                    <option value=""></option>\r\n                    <option value="1">学生</option>\r\n                    <option value="2">老师</option>\r\n                </select>\r\n                <br></br>\r\n                密码：<input type="password" name="u_password" placeholder="用户密码" required>\r\n                <br></br>\r\n                <button type="submit">提交</button> <button type="reset">重置</button>\r\n            </form>\r\n        </div>\r\n\r\n\r\n    </div>\r\n    \r\n</body>\r\n\r\n</html>' } }
[2019-12-10T23:36:37.612] [INFO] response - { method: 'GET',
  url: '/favicon.ico',
  body: {},
  costTime: 46,
  response: { status: 200,
     message: 'OK',
     header: 
      { vary: 'Origin',
        'access-control-allow-origin': '*',
        'content-type': 'text/html; charset=utf-8',
        'content-length': '321' },
     body: '<h1>抱歉，找不到你的诗和远方了！</h1>\n<h2>404</h2>\n<pre>NotFoundError: Not Found\n    at Object.throw (D:\\前端课设\\后端\\koaLogin_sequelize\\node_modules\\koa\\lib\\context.js:97:11)\n    at module.exports (D:\\前端课设\\后端\\koaLogin_sequelize\\middlewares\\error.js:5:22)\n    at &lt;anonymous&gt;</pre>\n\n' } }
[2019-12-10T23:36:38.279] [INFO] response - { method: 'GET',
  url: '/favicon.ico',
  body: {},
  costTime: 37,
  response: { status: 200,
     message: 'OK',
     header: 
      { vary: 'Origin',
        'access-control-allow-origin': '*',
        'content-type': 'text/html; charset=utf-8',
        'content-length': '321' },
     body: '<h1>抱歉，找不到你的诗和远方了！</h1>\n<h2>404</h2>\n<pre>NotFoundError: Not Found\n    at Object.throw (D:\\前端课设\\后端\\koaLogin_sequelize\\node_modules\\koa\\lib\\context.js:97:11)\n    at module.exports (D:\\前端课设\\后端\\koaLogin_sequelize\\middlewares\\error.js:5:22)\n    at &lt;anonymous&gt;</pre>\n\n' } }
[2019-12-10T23:36:39.281] [INFO] response - { method: 'GET',
  url: '/favicon.ico',
  body: {},
  costTime: 36,
  response: { status: 200,
     message: 'OK',
     header: 
      { vary: 'Origin',
        'access-control-allow-origin': '*',
        'content-type': 'text/html; charset=utf-8',
        'content-length': '321' },
     body: '<h1>抱歉，找不到你的诗和远方了！</h1>\n<h2>404</h2>\n<pre>NotFoundError: Not Found\n    at Object.throw (D:\\前端课设\\后端\\koaLogin_sequelize\\node_modules\\koa\\lib\\context.js:97:11)\n    at module.exports (D:\\前端课设\\后端\\koaLogin_sequelize\\middlewares\\error.js:5:22)\n    at &lt;anonymous&gt;</pre>\n\n' } }
[2019-12-10T23:36:42.388] [INFO] response - { method: 'POST',
  url: '/user/message/sent',
  body: 
   { u_id: '1004',
     u_name: '昊天',
     u_role: '1',
     u_password: '5c802bbbb552940ac2bc6c9ab8e01457',
     solt: '104a70a6-fa6f-4a80-815f-314e82691774' },
  costTime: 161,
  response: { status: 302,
     message: 'Found',
     header: 
      { vary: 'Origin',
        'access-control-allow-origin': 'http://localhost:3000',
        location: '/user/message',
        'content-type': 'text/html; charset=utf-8',
        'content-length': '57' },
     body: 'Redirecting to <a href="/user/message">/user/message</a>.' } }
[2019-12-10T23:36:42.445] [INFO] response - { method: 'GET',
  url: '/user/message',
  body: {},
  costTime: 47,
  response: { status: 200,
     message: 'OK',
     header: 
      { vary: 'Origin',
        'access-control-allow-origin': '*',
        'content-type': 'text/html; charset=utf-8',
        'content-length': '3731' },
     body: '<!DOCTYPE html>\r\n<html lang="en">\r\n\r\n<head>\r\n    <meta charset="UTF-8">\r\n    <meta name="viewport" content="width=device-width, initial-scale=1.0">\r\n    <meta http-equiv="X-UA-Compatible" content="ie=edge">\r\n\r\n    <title>用户信息管理</title>\r\n</head>\r\n\r\n<body>\r\n    <div id="container">\r\n        <div class="title">用户信息管理</div>\r\n        <div class="table">\r\n            <table border="1px solid" style="text-align: center;">\r\n                <thead>\r\n                    <td>序号</td>\r\n                    <td>学号/工号</td>\r\n                    <td>用户姓名</td>\r\n                    <td>用户身份</td>\r\n                    <td>操作</td>\r\n                </thead>\r\n                <tbody>\r\n                    \r\n                    <tr>\r\n                        <td>1</td>\r\n                        <td>1001</td>\r\n                        <td>张三</td>\r\n                        <td>\r\n                            学生\r\n                            \r\n                        </td>\r\n                        <td><a href="/user/message/delect/1001">删除</td>\r\n                        <td><a href="/user/message/edit/1001">编辑</td>\r\n                    </tr>\r\n                    \r\n                    <tr>\r\n                        <td>2</td>\r\n                        <td>1002</td>\r\n                        <td>赵六</td>\r\n                        <td>\r\n                            老师\r\n                            \r\n                        </td>\r\n                        <td><a href="/user/message/delect/1002">删除</td>\r\n                        <td><a href="/user/message/edit/1002">编辑</td>\r\n                    </tr>\r\n                    \r\n                    <tr>\r\n                        <td>3</td>\r\n                        <td>1003</td>\r\n                        <td>王五</td>\r\n                        <td>\r\n                            学生\r\n                            \r\n                        </td>\r\n                        <td><a href="/user/message/delect/1003">删除</td>\r\n                        <td><a href="/user/message/edit/1003">编辑</td>\r\n                    </tr>\r\n                    \r\n                    <tr>\r\n                        <td>4</td>\r\n                        <td>1004</td>\r\n                        <td>昊天</td>\r\n                        <td>\r\n                            学生\r\n                            \r\n                        </td>\r\n                        <td><a href="/user/message/delect/1004">删除</td>\r\n                        <td><a href="/user/message/edit/1004">编辑</td>\r\n                    </tr>\r\n                    \r\n                </tbody>\r\n            </table>\r\n        </div>\r\n        <p></p>\r\n        <div class="adduser">\r\n            <div>添加用户</div>\r\n            <br>\r\n            <form action="/user/message/sent" method="POST">\r\n                学号或工号：<input type="text" name="u_id" placeholder="学号或工号" required>\r\n                <br></br>\r\n                用户名字：<input type="text" name="u_name" placeholder="用户姓名" required>\r\n                <br></br>\r\n                <label for="u_role">角色:</label>\r\n                <select name="u_role" required>\r\n                    <option value=""></option>\r\n                    <option value="1">学生</option>\r\n                    <option value="2">老师</option>\r\n                </select>\r\n                <br></br>\r\n                密码：<input type="password" name="u_password" placeholder="用户密码" required>\r\n                <br></br>\r\n                <button type="submit">提交</button> <button type="reset">重置</button>\r\n            </form>\r\n        </div>\r\n\r\n\r\n    </div>\r\n    \r\n</body>\r\n\r\n</html>' } }
[2019-12-10T23:36:42.516] [INFO] response - { method: 'GET',
  url: '/favicon.ico',
  body: {},
  costTime: 8,
  response: { status: 200,
     message: 'OK',
     header: 
      { vary: 'Origin',
        'access-control-allow-origin': '*',
        'content-type': 'text/html; charset=utf-8',
        'content-length': '321' },
     body: '<h1>抱歉，找不到你的诗和远方了！</h1>\n<h2>404</h2>\n<pre>NotFoundError: Not Found\n    at Object.throw (D:\\前端课设\\后端\\koaLogin_sequelize\\node_modules\\koa\\lib\\context.js:97:11)\n    at module.exports (D:\\前端课设\\后端\\koaLogin_sequelize\\middlewares\\error.js:5:22)\n    at &lt;anonymous&gt;</pre>\n\n' } }
[2019-12-10T23:37:05.453] [INFO] response - { method: 'GET',
  url: '/user/message',
  body: {},
  costTime: 89,
  response: { status: 200,
     message: 'OK',
     header: 
      { vary: 'Origin',
        'access-control-allow-origin': '*',
        'content-type': 'text/html; charset=utf-8',
        'content-length': '3731' },
     body: '<!DOCTYPE html>\r\n<html lang="en">\r\n\r\n<head>\r\n    <meta charset="UTF-8">\r\n    <meta name="viewport" content="width=device-width, initial-scale=1.0">\r\n    <meta http-equiv="X-UA-Compatible" content="ie=edge">\r\n\r\n    <title>用户信息管理</title>\r\n</head>\r\n\r\n<body>\r\n    <div id="container">\r\n        <div class="title">用户信息管理</div>\r\n        <div class="table">\r\n            <table border="1px solid" style="text-align: center;">\r\n                <thead>\r\n                    <td>序号</td>\r\n                    <td>学号/工号</td>\r\n                    <td>用户姓名</td>\r\n                    <td>用户身份</td>\r\n                    <td>操作</td>\r\n                </thead>\r\n                <tbody>\r\n                    \r\n                    <tr>\r\n                        <td>1</td>\r\n                        <td>1001</td>\r\n                        <td>张三</td>\r\n                        <td>\r\n                            学生\r\n                            \r\n                        </td>\r\n                        <td><a href="/user/message/delect/1001">删除</td>\r\n                        <td><a href="/user/message/edit/1001">编辑</td>\r\n                    </tr>\r\n                    \r\n                    <tr>\r\n                        <td>2</td>\r\n                        <td>1002</td>\r\n                        <td>赵六</td>\r\n                        <td>\r\n                            老师\r\n                            \r\n                        </td>\r\n                        <td><a href="/user/message/delect/1002">删除</td>\r\n                        <td><a href="/user/message/edit/1002">编辑</td>\r\n                    </tr>\r\n                    \r\n                    <tr>\r\n                        <td>3</td>\r\n                        <td>1003</td>\r\n                        <td>王五</td>\r\n                        <td>\r\n                            学生\r\n                            \r\n                        </td>\r\n                        <td><a href="/user/message/delect/1003">删除</td>\r\n                        <td><a href="/user/message/edit/1003">编辑</td>\r\n                    </tr>\r\n                    \r\n                    <tr>\r\n                        <td>4</td>\r\n                        <td>1004</td>\r\n                        <td>昊天</td>\r\n                        <td>\r\n                            学生\r\n                            \r\n                        </td>\r\n                        <td><a href="/user/message/delect/1004">删除</td>\r\n                        <td><a href="/user/message/edit/1004">编辑</td>\r\n                    </tr>\r\n                    \r\n                </tbody>\r\n            </table>\r\n        </div>\r\n        <p></p>\r\n        <div class="adduser">\r\n            <div>添加用户</div>\r\n            <br>\r\n            <form action="/user/message/sent" method="POST">\r\n                学号或工号：<input type="text" name="u_id" placeholder="学号或工号" required>\r\n                <br></br>\r\n                用户名字：<input type="text" name="u_name" placeholder="用户姓名" required>\r\n                <br></br>\r\n                <label for="u_role">角色:</label>\r\n                <select name="u_role" required>\r\n                    <option value=""></option>\r\n                    <option value="1">学生</option>\r\n                    <option value="2">老师</option>\r\n                </select>\r\n                <br></br>\r\n                密码：<input type="password" name="u_password" placeholder="用户密码" required>\r\n                <br></br>\r\n                <button type="submit">提交</button> <button type="reset">重置</button>\r\n            </form>\r\n        </div>\r\n\r\n\r\n    </div>\r\n    \r\n</body>\r\n\r\n</html>' } }
[2019-12-10T23:37:05.494] [INFO] response - { method: 'GET',
  url: '/favicon.ico',
  body: {},
  costTime: 5,
  response: { status: 200,
     message: 'OK',
     header: 
      { vary: 'Origin',
        'access-control-allow-origin': '*',
        'content-type': 'text/html; charset=utf-8',
        'content-length': '321' },
     body: '<h1>抱歉，找不到你的诗和远方了！</h1>\n<h2>404</h2>\n<pre>NotFoundError: Not Found\n    at Object.throw (D:\\前端课设\\后端\\koaLogin_sequelize\\node_modules\\koa\\lib\\context.js:97:11)\n    at module.exports (D:\\前端课设\\后端\\koaLogin_sequelize\\middlewares\\error.js:5:22)\n    at &lt;anonymous&gt;</pre>\n\n' } }
[2019-12-10T23:37:09.177] [INFO] response - { method: 'GET',
  url: '/user/message/delect/1004',
  body: {},
  costTime: 8,
  response: { status: 302,
     message: 'Found',
     header: 
      { vary: 'Origin',
        'access-control-allow-origin': '*',
        location: '/user/message',
        'content-type': 'text/html; charset=utf-8',
        'content-length': '57' },
     body: 'Redirecting to <a href="/user/message">/user/message</a>.' } }
[2019-12-10T23:37:09.334] [INFO] response - { method: 'GET',
  url: '/user/message',
  body: {},
  costTime: 59,
  response: { status: 200,
     message: 'OK',
     header: 
      { vary: 'Origin',
        'access-control-allow-origin': '*',
        'content-type': 'text/html; charset=utf-8',
        'content-length': '3261' },
     body: '<!DOCTYPE html>\r\n<html lang="en">\r\n\r\n<head>\r\n    <meta charset="UTF-8">\r\n    <meta name="viewport" content="width=device-width, initial-scale=1.0">\r\n    <meta http-equiv="X-UA-Compatible" content="ie=edge">\r\n\r\n    <title>用户信息管理</title>\r\n</head>\r\n\r\n<body>\r\n    <div id="container">\r\n        <div class="title">用户信息管理</div>\r\n        <div class="table">\r\n            <table border="1px solid" style="text-align: center;">\r\n                <thead>\r\n                    <td>序号</td>\r\n                    <td>学号/工号</td>\r\n                    <td>用户姓名</td>\r\n                    <td>用户身份</td>\r\n                    <td>操作</td>\r\n                </thead>\r\n                <tbody>\r\n                    \r\n                    <tr>\r\n                        <td>1</td>\r\n                        <td>1001</td>\r\n                        <td>张三</td>\r\n                        <td>\r\n                            学生\r\n                            \r\n                        </td>\r\n                        <td><a href="/user/message/delect/1001">删除</td>\r\n                        <td><a href="/user/message/edit/1001">编辑</td>\r\n                    </tr>\r\n                    \r\n                    <tr>\r\n                        <td>2</td>\r\n                        <td>1002</td>\r\n                        <td>赵六</td>\r\n                        <td>\r\n                            老师\r\n                            \r\n                        </td>\r\n                        <td><a href="/user/message/delect/1002">删除</td>\r\n                        <td><a href="/user/message/edit/1002">编辑</td>\r\n                    </tr>\r\n                    \r\n                    <tr>\r\n                        <td>3</td>\r\n                        <td>1003</td>\r\n                        <td>王五</td>\r\n                        <td>\r\n                            学生\r\n                            \r\n                        </td>\r\n                        <td><a href="/user/message/delect/1003">删除</td>\r\n                        <td><a href="/user/message/edit/1003">编辑</td>\r\n                    </tr>\r\n                    \r\n                </tbody>\r\n            </table>\r\n        </div>\r\n        <p></p>\r\n        <div class="adduser">\r\n            <div>添加用户</div>\r\n            <br>\r\n            <form action="/user/message/sent" method="POST">\r\n                学号或工号：<input type="text" name="u_id" placeholder="学号或工号" required>\r\n                <br></br>\r\n                用户名字：<input type="text" name="u_name" placeholder="用户姓名" required>\r\n                <br></br>\r\n                <label for="u_role">角色:</label>\r\n                <select name="u_role" required>\r\n                    <option value=""></option>\r\n                    <option value="1">学生</option>\r\n                    <option value="2">老师</option>\r\n                </select>\r\n                <br></br>\r\n                密码：<input type="password" name="u_password" placeholder="用户密码" required>\r\n                <br></br>\r\n                <button type="submit">提交</button> <button type="reset">重置</button>\r\n            </form>\r\n        </div>\r\n\r\n\r\n    </div>\r\n    \r\n</body>\r\n\r\n</html>' } }
[2019-12-10T23:37:09.431] [INFO] response - { method: 'GET',
  url: '/favicon.ico',
  body: {},
  costTime: 37,
  response: { status: 200,
     message: 'OK',
     header: 
      { vary: 'Origin',
        'access-control-allow-origin': '*',
        'content-type': 'text/html; charset=utf-8',
        'content-length': '321' },
     body: '<h1>抱歉，找不到你的诗和远方了！</h1>\n<h2>404</h2>\n<pre>NotFoundError: Not Found\n    at Object.throw (D:\\前端课设\\后端\\koaLogin_sequelize\\node_modules\\koa\\lib\\context.js:97:11)\n    at module.exports (D:\\前端课设\\后端\\koaLogin_sequelize\\middlewares\\error.js:5:22)\n    at &lt;anonymous&gt;</pre>\n\n' } }
[2019-12-10T23:37:18.642] [INFO] response - { method: 'POST',
  url: '/user/message/sent',
  body: 
   { u_id: '1004',
     u_name: '王五',
     u_role: '1',
     u_password: '51f917dd68d2cc1708f75615df7b5075',
     solt: '2a039919-a0d9-4889-aa6e-5dbc6f5d5b54' },
  costTime: 240,
  response: { status: 302,
     message: 'Found',
     header: 
      { vary: 'Origin',
        'access-control-allow-origin': 'http://localhost:3000',
        location: '/user/message',
        'content-type': 'text/html; charset=utf-8',
        'content-length': '57' },
     body: 'Redirecting to <a href="/user/message">/user/message</a>.' } }
[2019-12-10T23:37:18.681] [INFO] response - { method: 'GET',
  url: '/user/message',
  body: {},
  costTime: 21,
  response: { status: 200,
     message: 'OK',
     header: 
      { vary: 'Origin',
        'access-control-allow-origin': '*',
        'content-type': 'text/html; charset=utf-8',
        'content-length': '3731' },
     body: '<!DOCTYPE html>\r\n<html lang="en">\r\n\r\n<head>\r\n    <meta charset="UTF-8">\r\n    <meta name="viewport" content="width=device-width, initial-scale=1.0">\r\n    <meta http-equiv="X-UA-Compatible" content="ie=edge">\r\n\r\n    <title>用户信息管理</title>\r\n</head>\r\n\r\n<body>\r\n    <div id="container">\r\n        <div class="title">用户信息管理</div>\r\n        <div class="table">\r\n            <table border="1px solid" style="text-align: center;">\r\n                <thead>\r\n                    <td>序号</td>\r\n                    <td>学号/工号</td>\r\n                    <td>用户姓名</td>\r\n                    <td>用户身份</td>\r\n                    <td>操作</td>\r\n                </thead>\r\n                <tbody>\r\n                    \r\n                    <tr>\r\n                        <td>1</td>\r\n                        <td>1001</td>\r\n                        <td>张三</td>\r\n                        <td>\r\n                            学生\r\n                            \r\n                        </td>\r\n                        <td><a href="/user/message/delect/1001">删除</td>\r\n                        <td><a href="/user/message/edit/1001">编辑</td>\r\n                    </tr>\r\n                    \r\n                    <tr>\r\n                        <td>2</td>\r\n                        <td>1002</td>\r\n                        <td>赵六</td>\r\n                        <td>\r\n                            老师\r\n                            \r\n                        </td>\r\n                        <td><a href="/user/message/delect/1002">删除</td>\r\n                        <td><a href="/user/message/edit/1002">编辑</td>\r\n                    </tr>\r\n                    \r\n                    <tr>\r\n                        <td>3</td>\r\n                        <td>1003</td>\r\n                        <td>王五</td>\r\n                        <td>\r\n                            学生\r\n                            \r\n                        </td>\r\n                        <td><a href="/user/message/delect/1003">删除</td>\r\n                        <td><a href="/user/message/edit/1003">编辑</td>\r\n                    </tr>\r\n                    \r\n                    <tr>\r\n                        <td>4</td>\r\n                        <td>1004</td>\r\n                        <td>王五</td>\r\n                        <td>\r\n                            学生\r\n                            \r\n                        </td>\r\n                        <td><a href="/user/message/delect/1004">删除</td>\r\n                        <td><a href="/user/message/edit/1004">编辑</td>\r\n                    </tr>\r\n                    \r\n                </tbody>\r\n            </table>\r\n        </div>\r\n        <p></p>\r\n        <div class="adduser">\r\n            <div>添加用户</div>\r\n            <br>\r\n            <form action="/user/message/sent" method="POST">\r\n                学号或工号：<input type="text" name="u_id" placeholder="学号或工号" required>\r\n                <br></br>\r\n                用户名字：<input type="text" name="u_name" placeholder="用户姓名" required>\r\n                <br></br>\r\n                <label for="u_role">角色:</label>\r\n                <select name="u_role" required>\r\n                    <option value=""></option>\r\n                    <option value="1">学生</option>\r\n                    <option value="2">老师</option>\r\n                </select>\r\n                <br></br>\r\n                密码：<input type="password" name="u_password" placeholder="用户密码" required>\r\n                <br></br>\r\n                <button type="submit">提交</button> <button type="reset">重置</button>\r\n            </form>\r\n        </div>\r\n\r\n\r\n    </div>\r\n    \r\n</body>\r\n\r\n</html>' } }
[2019-12-10T23:37:18.738] [INFO] response - { method: 'GET',
  url: '/favicon.ico',
  body: {},
  costTime: 6,
  response: { status: 200,
     message: 'OK',
     header: 
      { vary: 'Origin',
        'access-control-allow-origin': '*',
        'content-type': 'text/html; charset=utf-8',
        'content-length': '321' },
     body: '<h1>抱歉，找不到你的诗和远方了！</h1>\n<h2>404</h2>\n<pre>NotFoundError: Not Found\n    at Object.throw (D:\\前端课设\\后端\\koaLogin_sequelize\\node_modules\\koa\\lib\\context.js:97:11)\n    at module.exports (D:\\前端课设\\后端\\koaLogin_sequelize\\middlewares\\error.js:5:22)\n    at &lt;anonymous&gt;</pre>\n\n' } }
[2019-12-10T23:50:42.328] [INFO] response - { method: 'GET',
  url: '/favicon.ico',
  body: {},
  costTime: 16,
  response: { status: 200,
     message: 'OK',
     header: 
      { vary: 'Origin',
        'access-control-allow-origin': '*',
        'content-type': 'text/html; charset=utf-8',
        'content-length': '321' },
     body: '<h1>抱歉，找不到你的诗和远方了！</h1>\n<h2>404</h2>\n<pre>NotFoundError: Not Found\n    at Object.throw (D:\\前端课设\\后端\\koaLogin_sequelize\\node_modules\\koa\\lib\\context.js:97:11)\n    at module.exports (D:\\前端课设\\后端\\koaLogin_sequelize\\middlewares\\error.js:5:22)\n    at &lt;anonymous&gt;</pre>\n\n' } }
[2019-12-10T23:51:01.819] [INFO] response - { method: 'GET',
  url: '/favicon.ico',
  body: {},
  costTime: 3,
  response: { status: 200,
     message: 'OK',
     header: 
      { vary: 'Origin',
        'access-control-allow-origin': '*',
        'content-type': 'text/html; charset=utf-8',
        'content-length': '321' },
     body: '<h1>抱歉，找不到你的诗和远方了！</h1>\n<h2>404</h2>\n<pre>NotFoundError: Not Found\n    at Object.throw (D:\\前端课设\\后端\\koaLogin_sequelize\\node_modules\\koa\\lib\\context.js:97:11)\n    at module.exports (D:\\前端课设\\后端\\koaLogin_sequelize\\middlewares\\error.js:5:22)\n    at &lt;anonymous&gt;</pre>\n\n' } }
[2019-12-10T23:51:02.757] [INFO] response - { method: 'GET',
  url: '/favicon.ico',
  body: {},
  costTime: 2,
  response: { status: 200,
     message: 'OK',
     header: 
      { vary: 'Origin',
        'access-control-allow-origin': '*',
        'content-type': 'text/html; charset=utf-8',
        'content-length': '321' },
     body: '<h1>抱歉，找不到你的诗和远方了！</h1>\n<h2>404</h2>\n<pre>NotFoundError: Not Found\n    at Object.throw (D:\\前端课设\\后端\\koaLogin_sequelize\\node_modules\\koa\\lib\\context.js:97:11)\n    at module.exports (D:\\前端课设\\后端\\koaLogin_sequelize\\middlewares\\error.js:5:22)\n    at &lt;anonymous&gt;</pre>\n\n' } }
[2019-12-10T23:51:03.474] [INFO] response - { method: 'GET',
  url: '/favicon.ico',
  body: {},
  costTime: 4,
  response: { status: 200,
     message: 'OK',
     header: 
      { vary: 'Origin',
        'access-control-allow-origin': '*',
        'content-type': 'text/html; charset=utf-8',
        'content-length': '321' },
     body: '<h1>抱歉，找不到你的诗和远方了！</h1>\n<h2>404</h2>\n<pre>NotFoundError: Not Found\n    at Object.throw (D:\\前端课设\\后端\\koaLogin_sequelize\\node_modules\\koa\\lib\\context.js:97:11)\n    at module.exports (D:\\前端课设\\后端\\koaLogin_sequelize\\middlewares\\error.js:5:22)\n    at &lt;anonymous&gt;</pre>\n\n' } }
